INFO:root:Code: BCH.63.45
INFO:root:mRRD Size 128, 5
INFO:root:Using weight: BCH.63.45singleBCE17.pth
WARNING:root:Start to test at SNR = 0
CRITICAL:root:Frames: 2000, Bad Frames: 1453, FER: 7.265000e-01 at 0(dB)
WARNING:root:Start to test at SNR = 1
CRITICAL:root:Frames: 2000, Bad Frames: 885, FER: 4.425000e-01 at 1(dB)
WARNING:root:Start to test at SNR = 2
CRITICAL:root:Frames: 2000, Bad Frames: 339, FER: 1.695000e-01 at 2(dB)
WARNING:root:Start to test at SNR = 3
CRITICAL:root:Frames: 4000, Bad Frames: 133, FER: 3.325000e-02 at 3(dB)
WARNING:root:Start to test at SNR = 4
INFO:root:Frames: 10000, Bad Frames: 31, FER: 3.100000e-03
INFO:root:Frames: 20000, Bad Frames: 57, FER: 2.850000e-03
INFO:root:Frames: 30000, Bad Frames: 96, FER: 3.200000e-03
CRITICAL:root:Frames: 32000, Bad Frames: 104, FER: 3.250000e-03 at 4(dB)
WARNING:root:Start to test at SNR = 5
INFO:root:Frames: 10000, Bad Frames: 0, FER: 0.000000e+00
INFO:root:Frames: 20000, Bad Frames: 0, FER: 0.000000e+00
INFO:root:Frames: 30000, Bad Frames: 0, FER: 0.000000e+00
INFO:root:Frames: 40000, Bad Frames: 0, FER: 0.000000e+00
INFO:root:Frames: 50000, Bad Frames: 0, FER: 0.000000e+00
INFO:root:Frames: 60000, Bad Frames: 0, FER: 0.000000e+00
INFO:root:Frames: 70000, Bad Frames: 0, FER: 0.000000e+00
INFO:root:Frames: 80000, Bad Frames: 2, FER: 2.500000e-05
INFO:root:Frames: 90000, Bad Frames: 3, FER: 3.333333e-05
INFO:root:Frames: 100000, Bad Frames: 3, FER: 3.000000e-05
INFO:root:Frames: 110000, Bad Frames: 5, FER: 4.545454e-05
INFO:root:Frames: 120000, Bad Frames: 6, FER: 5.000000e-05
INFO:root:Frames: 130000, Bad Frames: 7, FER: 5.384615e-05
INFO:root:Frames: 140000, Bad Frames: 7, FER: 5.000000e-05
INFO:root:Frames: 150000, Bad Frames: 7, FER: 4.666667e-05
INFO:root:Frames: 160000, Bad Frames: 7, FER: 4.375000e-05
INFO:root:Frames: 170000, Bad Frames: 7, FER: 4.117647e-05
INFO:root:Frames: 180000, Bad Frames: 10, FER: 5.555556e-05
INFO:root:Frames: 190000, Bad Frames: 10, FER: 5.263158e-05
INFO:root:Frames: 200000, Bad Frames: 10, FER: 5.000000e-05
INFO:root:Frames: 210000, Bad Frames: 10, FER: 4.761905e-05
INFO:root:Frames: 220000, Bad Frames: 11, FER: 5.000000e-05
INFO:root:Frames: 230000, Bad Frames: 11, FER: 4.782609e-05
INFO:root:Frames: 240000, Bad Frames: 12, FER: 5.000000e-05
INFO:root:Frames: 250000, Bad Frames: 12, FER: 4.800000e-05
INFO:root:Frames: 260000, Bad Frames: 12, FER: 4.615385e-05
INFO:root:Frames: 270000, Bad Frames: 12, FER: 4.444444e-05
INFO:root:Frames: 280000, Bad Frames: 12, FER: 4.285714e-05
INFO:root:Frames: 290000, Bad Frames: 15, FER: 5.172414e-05
INFO:root:Frames: 300000, Bad Frames: 17, FER: 5.666667e-05
INFO:root:Frames: 310000, Bad Frames: 19, FER: 6.129032e-05
INFO:root:Frames: 320000, Bad Frames: 20, FER: 6.250000e-05
INFO:root:Frames: 330000, Bad Frames: 22, FER: 6.666667e-05
INFO:root:Frames: 340000, Bad Frames: 22, FER: 6.470588e-05
INFO:root:Frames: 350000, Bad Frames: 22, FER: 6.285714e-05
INFO:root:Frames: 360000, Bad Frames: 22, FER: 6.111111e-05
INFO:root:Frames: 370000, Bad Frames: 22, FER: 5.945946e-05
INFO:root:Frames: 380000, Bad Frames: 23, FER: 6.052632e-05
INFO:root:Frames: 390000, Bad Frames: 23, FER: 5.897436e-05
INFO:root:Frames: 400000, Bad Frames: 23, FER: 5.750000e-05
INFO:root:Frames: 410000, Bad Frames: 24, FER: 5.853659e-05
INFO:root:Frames: 420000, Bad Frames: 25, FER: 5.952381e-05
INFO:root:Frames: 430000, Bad Frames: 27, FER: 6.279070e-05
INFO:root:Frames: 440000, Bad Frames: 31, FER: 7.045455e-05
INFO:root:Frames: 450000, Bad Frames: 33, FER: 7.333334e-05
INFO:root:Frames: 460000, Bad Frames: 34, FER: 7.391305e-05
INFO:root:Frames: 470000, Bad Frames: 36, FER: 7.659574e-05
INFO:root:Frames: 480000, Bad Frames: 40, FER: 8.333333e-05
INFO:root:Frames: 490000, Bad Frames: 40, FER: 8.163265e-05
INFO:root:Frames: 500000, Bad Frames: 41, FER: 8.200000e-05
INFO:root:Frames: 510000, Bad Frames: 43, FER: 8.431373e-05
INFO:root:Frames: 520000, Bad Frames: 43, FER: 8.269231e-05
INFO:root:Frames: 530000, Bad Frames: 46, FER: 8.679245e-05
INFO:root:Frames: 540000, Bad Frames: 47, FER: 8.703703e-05
INFO:root:Frames: 550000, Bad Frames: 49, FER: 8.909091e-05
INFO:root:Frames: 560000, Bad Frames: 50, FER: 8.928571e-05
INFO:root:Frames: 570000, Bad Frames: 50, FER: 8.771929e-05
INFO:root:Frames: 580000, Bad Frames: 51, FER: 8.793104e-05
INFO:root:Frames: 590000, Bad Frames: 54, FER: 9.152542e-05
INFO:root:Frames: 600000, Bad Frames: 54, FER: 9.000000e-05
INFO:root:Frames: 610000, Bad Frames: 55, FER: 9.016394e-05
INFO:root:Frames: 620000, Bad Frames: 57, FER: 9.193549e-05
INFO:root:Frames: 630000, Bad Frames: 57, FER: 9.047619e-05
INFO:root:Frames: 640000, Bad Frames: 57, FER: 8.906249e-05
INFO:root:Frames: 650000, Bad Frames: 57, FER: 8.769231e-05
INFO:root:Frames: 660000, Bad Frames: 57, FER: 8.636364e-05
INFO:root:Frames: 670000, Bad Frames: 57, FER: 8.507463e-05
INFO:root:Frames: 680000, Bad Frames: 57, FER: 8.382353e-05
INFO:root:Frames: 690000, Bad Frames: 58, FER: 8.405797e-05
INFO:root:Frames: 700000, Bad Frames: 59, FER: 8.428571e-05
INFO:root:Frames: 710000, Bad Frames: 60, FER: 8.450704e-05
INFO:root:Frames: 720000, Bad Frames: 60, FER: 8.333333e-05
INFO:root:Frames: 730000, Bad Frames: 60, FER: 8.219178e-05
INFO:root:Frames: 740000, Bad Frames: 60, FER: 8.108108e-05
INFO:root:Frames: 750000, Bad Frames: 61, FER: 8.133333e-05
INFO:root:Frames: 760000, Bad Frames: 63, FER: 8.289474e-05
INFO:root:Frames: 770000, Bad Frames: 64, FER: 8.311688e-05
INFO:root:Frames: 780000, Bad Frames: 65, FER: 8.333333e-05
INFO:root:Frames: 790000, Bad Frames: 67, FER: 8.481013e-05
INFO:root:Frames: 800000, Bad Frames: 69, FER: 8.624999e-05
INFO:root:Frames: 810000, Bad Frames: 69, FER: 8.518519e-05
INFO:root:Frames: 820000, Bad Frames: 69, FER: 8.414634e-05
INFO:root:Frames: 830000, Bad Frames: 69, FER: 8.313252e-05
INFO:root:Frames: 840000, Bad Frames: 71, FER: 8.452381e-05
INFO:root:Frames: 850000, Bad Frames: 71, FER: 8.352941e-05
INFO:root:Frames: 860000, Bad Frames: 73, FER: 8.488372e-05
INFO:root:Frames: 870000, Bad Frames: 74, FER: 8.505747e-05
INFO:root:Frames: 880000, Bad Frames: 74, FER: 8.409091e-05
INFO:root:Frames: 890000, Bad Frames: 77, FER: 8.651685e-05
INFO:root:Frames: 900000, Bad Frames: 77, FER: 8.555556e-05
INFO:root:Frames: 910000, Bad Frames: 78, FER: 8.571428e-05
INFO:root:Frames: 920000, Bad Frames: 78, FER: 8.478261e-05
INFO:root:Frames: 930000, Bad Frames: 79, FER: 8.494624e-05
INFO:root:Frames: 940000, Bad Frames: 79, FER: 8.404256e-05
INFO:root:Frames: 950000, Bad Frames: 79, FER: 8.315789e-05
INFO:root:Frames: 960000, Bad Frames: 80, FER: 8.333333e-05
INFO:root:Frames: 970000, Bad Frames: 80, FER: 8.247422e-05
INFO:root:Frames: 980000, Bad Frames: 80, FER: 8.163265e-05
INFO:root:Frames: 990000, Bad Frames: 81, FER: 8.181818e-05
INFO:root:Frames: 1000000, Bad Frames: 81, FER: 8.100000e-05
INFO:root:Frames: 1010000, Bad Frames: 83, FER: 8.217822e-05
INFO:root:Frames: 1020000, Bad Frames: 83, FER: 8.137255e-05
INFO:root:Frames: 1030000, Bad Frames: 83, FER: 8.058253e-05
INFO:root:Frames: 1040000, Bad Frames: 85, FER: 8.173077e-05
INFO:root:Frames: 1050000, Bad Frames: 85, FER: 8.095238e-05
INFO:root:Frames: 1060000, Bad Frames: 86, FER: 8.113208e-05
INFO:root:Frames: 1070000, Bad Frames: 86, FER: 8.037383e-05
INFO:root:Frames: 1080000, Bad Frames: 86, FER: 7.962963e-05
INFO:root:Frames: 1090000, Bad Frames: 88, FER: 8.073395e-05
INFO:root:Frames: 1100000, Bad Frames: 88, FER: 8.000000e-05
INFO:root:Frames: 1110000, Bad Frames: 89, FER: 8.018018e-05
INFO:root:Frames: 1120000, Bad Frames: 90, FER: 8.035715e-05
INFO:root:Frames: 1130000, Bad Frames: 90, FER: 7.964602e-05
INFO:root:Frames: 1140000, Bad Frames: 92, FER: 8.070176e-05
INFO:root:Frames: 1150000, Bad Frames: 93, FER: 8.086956e-05
INFO:root:Frames: 1160000, Bad Frames: 94, FER: 8.103449e-05
INFO:root:Frames: 1170000, Bad Frames: 95, FER: 8.119658e-05
INFO:root:Frames: 1180000, Bad Frames: 97, FER: 8.220339e-05
INFO:root:Frames: 1190000, Bad Frames: 97, FER: 8.151260e-05
INFO:root:Frames: 1200000, Bad Frames: 97, FER: 8.083334e-05
INFO:root:Frames: 1210000, Bad Frames: 97, FER: 8.016529e-05
INFO:root:Frames: 1220000, Bad Frames: 98, FER: 8.032787e-05
INFO:root:Frames: 1230000, Bad Frames: 98, FER: 7.967479e-05
INFO:root:Frames: 1240000, Bad Frames: 98, FER: 7.903226e-05
INFO:root:Frames: 1250000, Bad Frames: 98, FER: 7.840000e-05
INFO:root:Frames: 1260000, Bad Frames: 99, FER: 7.857143e-05
CRITICAL:root:Frames: 1262000, Bad Frames: 100, FER: 7.923930e-05 at 5(dB)
