INFO:root:Code: BCH.63.45
INFO:root:mRRD Size 32, 10
INFO:root:Using weight: BCH.63.45.Train.2022-08-25_08.00.46.log.pth
WARNING:root:Start to test at SNR = 0
CRITICAL:root:Frames: 2000, Bad Frames: 1603, FER: 8.015000e-01 at 0(dB)
WARNING:root:Start to test at SNR = 1
CRITICAL:root:Frames: 2000, Bad Frames: 1092, FER: 5.460000e-01 at 1(dB)
WARNING:root:Start to test at SNR = 2
CRITICAL:root:Frames: 2000, Bad Frames: 484, FER: 2.420000e-01 at 2(dB)
WARNING:root:Start to test at SNR = 3
CRITICAL:root:Frames: 2000, Bad Frames: 128, FER: 6.400000e-02 at 3(dB)
WARNING:root:Start to test at SNR = 4
INFO:root:Frames: 10000, Bad Frames: 67, FER: 6.700000e-03
CRITICAL:root:Frames: 18000, Bad Frames: 112, FER: 6.222222e-03 at 4(dB)
WARNING:root:Start to test at SNR = 5
INFO:root:Frames: 10000, Bad Frames: 5, FER: 5.000000e-04
INFO:root:Frames: 20000, Bad Frames: 5, FER: 2.500000e-04
INFO:root:Frames: 30000, Bad Frames: 9, FER: 3.000000e-04
INFO:root:Frames: 40000, Bad Frames: 12, FER: 3.000000e-04
INFO:root:Frames: 50000, Bad Frames: 14, FER: 2.800000e-04
INFO:root:Frames: 60000, Bad Frames: 16, FER: 2.666667e-04
INFO:root:Frames: 70000, Bad Frames: 18, FER: 2.571428e-04
INFO:root:Frames: 80000, Bad Frames: 19, FER: 2.375000e-04
INFO:root:Frames: 90000, Bad Frames: 21, FER: 2.333333e-04
INFO:root:Frames: 100000, Bad Frames: 21, FER: 2.100000e-04
INFO:root:Frames: 110000, Bad Frames: 22, FER: 2.000000e-04
INFO:root:Frames: 120000, Bad Frames: 22, FER: 1.833333e-04
INFO:root:Frames: 130000, Bad Frames: 24, FER: 1.846154e-04
INFO:root:Frames: 140000, Bad Frames: 25, FER: 1.785714e-04
INFO:root:Frames: 150000, Bad Frames: 27, FER: 1.800000e-04
INFO:root:Frames: 160000, Bad Frames: 30, FER: 1.875000e-04
INFO:root:Frames: 170000, Bad Frames: 34, FER: 2.000000e-04
INFO:root:Frames: 180000, Bad Frames: 36, FER: 2.000000e-04
INFO:root:Frames: 190000, Bad Frames: 39, FER: 2.052632e-04
INFO:root:Frames: 200000, Bad Frames: 42, FER: 2.100000e-04
INFO:root:Frames: 210000, Bad Frames: 45, FER: 2.142857e-04
INFO:root:Frames: 220000, Bad Frames: 48, FER: 2.181818e-04
INFO:root:Frames: 230000, Bad Frames: 50, FER: 2.173913e-04
INFO:root:Frames: 240000, Bad Frames: 50, FER: 2.083333e-04
INFO:root:Frames: 250000, Bad Frames: 51, FER: 2.040000e-04
INFO:root:Frames: 260000, Bad Frames: 53, FER: 2.038462e-04
INFO:root:Frames: 270000, Bad Frames: 54, FER: 2.000000e-04
INFO:root:Frames: 280000, Bad Frames: 55, FER: 1.964286e-04
INFO:root:Frames: 290000, Bad Frames: 55, FER: 1.896552e-04
INFO:root:Frames: 300000, Bad Frames: 56, FER: 1.866667e-04
INFO:root:Frames: 310000, Bad Frames: 56, FER: 1.806452e-04
INFO:root:Frames: 320000, Bad Frames: 60, FER: 1.875000e-04
INFO:root:Frames: 330000, Bad Frames: 60, FER: 1.818182e-04
INFO:root:Frames: 340000, Bad Frames: 64, FER: 1.882353e-04
INFO:root:Frames: 350000, Bad Frames: 67, FER: 1.914286e-04
INFO:root:Frames: 360000, Bad Frames: 70, FER: 1.944445e-04
INFO:root:Frames: 370000, Bad Frames: 71, FER: 1.918919e-04
INFO:root:Frames: 380000, Bad Frames: 73, FER: 1.921053e-04
INFO:root:Frames: 390000, Bad Frames: 74, FER: 1.897436e-04
INFO:root:Frames: 400000, Bad Frames: 74, FER: 1.850000e-04
INFO:root:Frames: 410000, Bad Frames: 77, FER: 1.878049e-04
INFO:root:Frames: 420000, Bad Frames: 80, FER: 1.904762e-04
INFO:root:Frames: 430000, Bad Frames: 86, FER: 2.000000e-04
INFO:root:Frames: 440000, Bad Frames: 88, FER: 2.000000e-04
INFO:root:Frames: 450000, Bad Frames: 91, FER: 2.022222e-04
INFO:root:Frames: 460000, Bad Frames: 94, FER: 2.043478e-04
INFO:root:Frames: 470000, Bad Frames: 97, FER: 2.063830e-04
INFO:root:Frames: 480000, Bad Frames: 98, FER: 2.041667e-04
CRITICAL:root:Frames: 486000, Bad Frames: 100, FER: 2.057613e-04 at 5(dB)
