INFO:root:Code: BCH.63.45
INFO:root:mRRD Size 256, 5
INFO:root:Using weight: BCH.63.45singleBCE17.pth
WARNING:root:Start to test at SNR = 1
CRITICAL:root:Frames: 2000, Bad Frames: 835, FER: 4.175000e-01 at 1(dB)
WARNING:root:Start to test at SNR = 2
CRITICAL:root:Frames: 2000, Bad Frames: 308, FER: 1.540000e-01 at 2(dB)
WARNING:root:Start to test at SNR = 3
CRITICAL:root:Frames: 4000, Bad Frames: 112, FER: 2.800000e-02 at 3(dB)
WARNING:root:Start to test at SNR = 4
INFO:root:Frames: 10000, Bad Frames: 26, FER: 2.600000e-03
INFO:root:Frames: 20000, Bad Frames: 49, FER: 2.450000e-03
INFO:root:Frames: 30000, Bad Frames: 72, FER: 2.400000e-03
INFO:root:Frames: 40000, Bad Frames: 102, FER: 2.550000e-03
CRITICAL:root:Frames: 40000, Bad Frames: 102, FER: 2.550000e-03 at 4(dB)
WARNING:root:Start to test at SNR = 5
INFO:root:Frames: 10000, Bad Frames: 0, FER: 0.000000e+00
INFO:root:Frames: 20000, Bad Frames: 0, FER: 0.000000e+00
INFO:root:Frames: 30000, Bad Frames: 1, FER: 3.333333e-05
INFO:root:Frames: 40000, Bad Frames: 1, FER: 2.500000e-05
INFO:root:Frames: 50000, Bad Frames: 1, FER: 2.000000e-05
INFO:root:Frames: 60000, Bad Frames: 1, FER: 1.666667e-05
INFO:root:Frames: 70000, Bad Frames: 1, FER: 1.428571e-05
INFO:root:Frames: 80000, Bad Frames: 2, FER: 2.500000e-05
INFO:root:Frames: 90000, Bad Frames: 2, FER: 2.222222e-05
INFO:root:Frames: 100000, Bad Frames: 2, FER: 2.000000e-05
INFO:root:Frames: 110000, Bad Frames: 4, FER: 3.636364e-05
INFO:root:Frames: 120000, Bad Frames: 5, FER: 4.166667e-05
INFO:root:Frames: 130000, Bad Frames: 6, FER: 4.615385e-05
INFO:root:Frames: 140000, Bad Frames: 6, FER: 4.285714e-05
INFO:root:Frames: 150000, Bad Frames: 6, FER: 4.000000e-05
INFO:root:Frames: 160000, Bad Frames: 7, FER: 4.375000e-05
INFO:root:Frames: 170000, Bad Frames: 7, FER: 4.117647e-05
INFO:root:Frames: 180000, Bad Frames: 8, FER: 4.444444e-05
INFO:root:Frames: 190000, Bad Frames: 8, FER: 4.210526e-05
INFO:root:Frames: 200000, Bad Frames: 8, FER: 4.000000e-05
INFO:root:Frames: 210000, Bad Frames: 8, FER: 3.809524e-05
INFO:root:Frames: 220000, Bad Frames: 9, FER: 4.090909e-05
INFO:root:Frames: 230000, Bad Frames: 9, FER: 3.913043e-05
INFO:root:Frames: 240000, Bad Frames: 10, FER: 4.166667e-05
INFO:root:Frames: 250000, Bad Frames: 10, FER: 4.000000e-05
INFO:root:Frames: 260000, Bad Frames: 10, FER: 3.846154e-05
INFO:root:Frames: 270000, Bad Frames: 10, FER: 3.703704e-05
INFO:root:Frames: 280000, Bad Frames: 10, FER: 3.571429e-05
INFO:root:Frames: 290000, Bad Frames: 13, FER: 4.482759e-05
INFO:root:Frames: 300000, Bad Frames: 15, FER: 5.000000e-05
INFO:root:Frames: 310000, Bad Frames: 17, FER: 5.483871e-05
INFO:root:Frames: 320000, Bad Frames: 18, FER: 5.625000e-05
INFO:root:Frames: 330000, Bad Frames: 20, FER: 6.060606e-05
INFO:root:Frames: 340000, Bad Frames: 20, FER: 5.882353e-05
INFO:root:Frames: 350000, Bad Frames: 20, FER: 5.714286e-05
INFO:root:Frames: 360000, Bad Frames: 20, FER: 5.555556e-05
INFO:root:Frames: 370000, Bad Frames: 20, FER: 5.405405e-05
INFO:root:Frames: 380000, Bad Frames: 21, FER: 5.526316e-05
INFO:root:Frames: 390000, Bad Frames: 21, FER: 5.384615e-05
INFO:root:Frames: 400000, Bad Frames: 21, FER: 5.250000e-05
INFO:root:Frames: 410000, Bad Frames: 22, FER: 5.365854e-05
INFO:root:Frames: 420000, Bad Frames: 23, FER: 5.476190e-05
INFO:root:Frames: 430000, Bad Frames: 25, FER: 5.813953e-05
INFO:root:Frames: 440000, Bad Frames: 27, FER: 6.136364e-05
INFO:root:Frames: 450000, Bad Frames: 28, FER: 6.222222e-05
INFO:root:Frames: 460000, Bad Frames: 28, FER: 6.086957e-05
INFO:root:Frames: 470000, Bad Frames: 29, FER: 6.170213e-05
INFO:root:Frames: 480000, Bad Frames: 31, FER: 6.458334e-05
INFO:root:Frames: 490000, Bad Frames: 31, FER: 6.326530e-05
INFO:root:Frames: 500000, Bad Frames: 32, FER: 6.400000e-05
INFO:root:Frames: 510000, Bad Frames: 34, FER: 6.666667e-05
INFO:root:Frames: 520000, Bad Frames: 34, FER: 6.538461e-05
INFO:root:Frames: 530000, Bad Frames: 36, FER: 6.792453e-05
INFO:root:Frames: 540000, Bad Frames: 37, FER: 6.851852e-05
INFO:root:Frames: 550000, Bad Frames: 38, FER: 6.909091e-05
INFO:root:Frames: 560000, Bad Frames: 38, FER: 6.785715e-05
INFO:root:Frames: 570000, Bad Frames: 38, FER: 6.666667e-05
INFO:root:Frames: 580000, Bad Frames: 39, FER: 6.724138e-05
INFO:root:Frames: 590000, Bad Frames: 41, FER: 6.949152e-05
INFO:root:Frames: 600000, Bad Frames: 41, FER: 6.833333e-05
INFO:root:Frames: 610000, Bad Frames: 42, FER: 6.885246e-05
INFO:root:Frames: 620000, Bad Frames: 44, FER: 7.096774e-05
INFO:root:Frames: 630000, Bad Frames: 44, FER: 6.984127e-05
INFO:root:Frames: 640000, Bad Frames: 44, FER: 6.875000e-05
INFO:root:Frames: 650000, Bad Frames: 44, FER: 6.769231e-05
INFO:root:Frames: 660000, Bad Frames: 44, FER: 6.666667e-05
INFO:root:Frames: 670000, Bad Frames: 44, FER: 6.567164e-05
INFO:root:Frames: 680000, Bad Frames: 44, FER: 6.470588e-05
INFO:root:Frames: 690000, Bad Frames: 45, FER: 6.521739e-05
INFO:root:Frames: 700000, Bad Frames: 46, FER: 6.571429e-05
INFO:root:Frames: 710000, Bad Frames: 47, FER: 6.619718e-05
INFO:root:Frames: 720000, Bad Frames: 47, FER: 6.527778e-05
INFO:root:Frames: 730000, Bad Frames: 47, FER: 6.438356e-05
INFO:root:Frames: 740000, Bad Frames: 47, FER: 6.351351e-05
INFO:root:Frames: 750000, Bad Frames: 47, FER: 6.266667e-05
INFO:root:Frames: 760000, Bad Frames: 49, FER: 6.447369e-05
INFO:root:Frames: 770000, Bad Frames: 50, FER: 6.493506e-05
INFO:root:Frames: 780000, Bad Frames: 50, FER: 6.410256e-05
INFO:root:Frames: 790000, Bad Frames: 52, FER: 6.582279e-05
INFO:root:Frames: 800000, Bad Frames: 53, FER: 6.625000e-05
INFO:root:Frames: 810000, Bad Frames: 53, FER: 6.543210e-05
INFO:root:Frames: 820000, Bad Frames: 53, FER: 6.463415e-05
INFO:root:Frames: 830000, Bad Frames: 53, FER: 6.385542e-05
INFO:root:Frames: 840000, Bad Frames: 55, FER: 6.547619e-05
INFO:root:Frames: 850000, Bad Frames: 55, FER: 6.470588e-05
INFO:root:Frames: 860000, Bad Frames: 57, FER: 6.627907e-05
INFO:root:Frames: 870000, Bad Frames: 57, FER: 6.551724e-05
INFO:root:Frames: 880000, Bad Frames: 57, FER: 6.477273e-05
INFO:root:Frames: 890000, Bad Frames: 60, FER: 6.741573e-05
INFO:root:Frames: 900000, Bad Frames: 60, FER: 6.666667e-05
INFO:root:Frames: 910000, Bad Frames: 62, FER: 6.813186e-05
INFO:root:Frames: 920000, Bad Frames: 62, FER: 6.739131e-05
INFO:root:Frames: 930000, Bad Frames: 63, FER: 6.774194e-05
INFO:root:Frames: 940000, Bad Frames: 63, FER: 6.702128e-05
INFO:root:Frames: 950000, Bad Frames: 63, FER: 6.631578e-05
INFO:root:Frames: 960000, Bad Frames: 64, FER: 6.666667e-05
INFO:root:Frames: 970000, Bad Frames: 64, FER: 6.597938e-05
INFO:root:Frames: 980000, Bad Frames: 64, FER: 6.530612e-05
INFO:root:Frames: 990000, Bad Frames: 65, FER: 6.565656e-05
INFO:root:Frames: 1000000, Bad Frames: 65, FER: 6.500000e-05
INFO:root:Frames: 1010000, Bad Frames: 66, FER: 6.534653e-05
INFO:root:Frames: 1020000, Bad Frames: 67, FER: 6.568628e-05
INFO:root:Frames: 1030000, Bad Frames: 67, FER: 6.504855e-05
INFO:root:Frames: 1040000, Bad Frames: 69, FER: 6.634615e-05
INFO:root:Frames: 1050000, Bad Frames: 69, FER: 6.571429e-05
INFO:root:Frames: 1060000, Bad Frames: 70, FER: 6.603773e-05
INFO:root:Frames: 1070000, Bad Frames: 70, FER: 6.542056e-05
INFO:root:Frames: 1080000, Bad Frames: 71, FER: 6.574074e-05
INFO:root:Frames: 1090000, Bad Frames: 73, FER: 6.697248e-05
INFO:root:Frames: 1100000, Bad Frames: 73, FER: 6.636363e-05
INFO:root:Frames: 1110000, Bad Frames: 73, FER: 6.576577e-05
INFO:root:Frames: 1120000, Bad Frames: 74, FER: 6.607143e-05
INFO:root:Frames: 1130000, Bad Frames: 74, FER: 6.548673e-05
INFO:root:Frames: 1140000, Bad Frames: 76, FER: 6.666667e-05
INFO:root:Frames: 1150000, Bad Frames: 77, FER: 6.695652e-05
INFO:root:Frames: 1160000, Bad Frames: 78, FER: 6.724138e-05
INFO:root:Frames: 1170000, Bad Frames: 78, FER: 6.666667e-05
INFO:root:Frames: 1180000, Bad Frames: 79, FER: 6.694915e-05
INFO:root:Frames: 1190000, Bad Frames: 79, FER: 6.638656e-05
INFO:root:Frames: 1200000, Bad Frames: 79, FER: 6.583333e-05
INFO:root:Frames: 1210000, Bad Frames: 79, FER: 6.528926e-05
INFO:root:Frames: 1220000, Bad Frames: 81, FER: 6.639345e-05
INFO:root:Frames: 1230000, Bad Frames: 82, FER: 6.666667e-05
INFO:root:Frames: 1240000, Bad Frames: 82, FER: 6.612903e-05
INFO:root:Frames: 1250000, Bad Frames: 82, FER: 6.560000e-05
INFO:root:Frames: 1260000, Bad Frames: 83, FER: 6.587301e-05
INFO:root:Frames: 1270000, Bad Frames: 85, FER: 6.692913e-05
INFO:root:Frames: 1280000, Bad Frames: 85, FER: 6.640625e-05
INFO:root:Frames: 1290000, Bad Frames: 85, FER: 6.589147e-05
INFO:root:Frames: 1300000, Bad Frames: 86, FER: 6.615385e-05
INFO:root:Frames: 1310000, Bad Frames: 86, FER: 6.564886e-05
INFO:root:Frames: 1320000, Bad Frames: 87, FER: 6.590909e-05
INFO:root:Frames: 1330000, Bad Frames: 88, FER: 6.616542e-05
INFO:root:Frames: 1340000, Bad Frames: 90, FER: 6.716418e-05
INFO:root:Frames: 1350000, Bad Frames: 92, FER: 6.814815e-05
INFO:root:Frames: 1360000, Bad Frames: 92, FER: 6.764706e-05
INFO:root:Frames: 1370000, Bad Frames: 93, FER: 6.788321e-05
INFO:root:Frames: 1380000, Bad Frames: 94, FER: 6.811594e-05
INFO:root:Frames: 1390000, Bad Frames: 94, FER: 6.762590e-05
INFO:root:Frames: 1400000, Bad Frames: 95, FER: 6.785715e-05
INFO:root:Frames: 1410000, Bad Frames: 95, FER: 6.737589e-05
INFO:root:Frames: 1420000, Bad Frames: 96, FER: 6.760563e-05
INFO:root:Frames: 1430000, Bad Frames: 96, FER: 6.713287e-05
INFO:root:Frames: 1440000, Bad Frames: 97, FER: 6.736111e-05
INFO:root:Frames: 1450000, Bad Frames: 98, FER: 6.758620e-05
INFO:root:Frames: 1460000, Bad Frames: 98, FER: 6.712328e-05
INFO:root:Frames: 1470000, Bad Frames: 98, FER: 6.666667e-05
INFO:root:Frames: 1480000, Bad Frames: 98, FER: 6.621621e-05
CRITICAL:root:Frames: 1488000, Bad Frames: 101, FER: 6.787635e-05 at 5(dB)
