INFO:root:Code: BCH.63.45
INFO:root:mRRD Size 64, 10
INFO:root:Using weight: BCH.63.45singleBCE17.pth
WARNING:root:Start to test at SNR = 1
CRITICAL:root:Frames: 2000, Bad Frames: 957, FER: 4.785000e-01 at 1(dB)
WARNING:root:Start to test at SNR = 2
CRITICAL:root:Frames: 2000, Bad Frames: 377, FER: 1.885000e-01 at 2(dB)
WARNING:root:Start to test at SNR = 3
CRITICAL:root:Frames: 4000, Bad Frames: 154, FER: 3.850000e-02 at 3(dB)
WARNING:root:Start to test at SNR = 4
INFO:root:Frames: 10000, Bad Frames: 32, FER: 3.200000e-03
INFO:root:Frames: 20000, Bad Frames: 70, FER: 3.500000e-03
CRITICAL:root:Frames: 28000, Bad Frames: 113, FER: 4.035714e-03 at 4(dB)
WARNING:root:Start to test at SNR = 5
INFO:root:Frames: 10000, Bad Frames: 1, FER: 1.000000e-04
INFO:root:Frames: 20000, Bad Frames: 1, FER: 5.000000e-05
INFO:root:Frames: 30000, Bad Frames: 2, FER: 6.666667e-05
INFO:root:Frames: 40000, Bad Frames: 2, FER: 5.000000e-05
INFO:root:Frames: 50000, Bad Frames: 2, FER: 4.000000e-05
INFO:root:Frames: 60000, Bad Frames: 2, FER: 3.333333e-05
INFO:root:Frames: 70000, Bad Frames: 4, FER: 5.714286e-05
INFO:root:Frames: 80000, Bad Frames: 6, FER: 7.500000e-05
INFO:root:Frames: 90000, Bad Frames: 8, FER: 8.888889e-05
INFO:root:Frames: 100000, Bad Frames: 8, FER: 8.000000e-05
INFO:root:Frames: 110000, Bad Frames: 10, FER: 9.090909e-05
INFO:root:Frames: 120000, Bad Frames: 12, FER: 1.000000e-04
INFO:root:Frames: 130000, Bad Frames: 13, FER: 1.000000e-04
INFO:root:Frames: 140000, Bad Frames: 14, FER: 1.000000e-04
INFO:root:Frames: 150000, Bad Frames: 14, FER: 9.333334e-05
INFO:root:Frames: 160000, Bad Frames: 15, FER: 9.375000e-05
INFO:root:Frames: 170000, Bad Frames: 15, FER: 8.823530e-05
INFO:root:Frames: 180000, Bad Frames: 18, FER: 1.000000e-04
INFO:root:Frames: 190000, Bad Frames: 18, FER: 9.473685e-05
INFO:root:Frames: 200000, Bad Frames: 19, FER: 9.500000e-05
INFO:root:Frames: 210000, Bad Frames: 19, FER: 9.047619e-05
INFO:root:Frames: 220000, Bad Frames: 20, FER: 9.090909e-05
INFO:root:Frames: 230000, Bad Frames: 20, FER: 8.695653e-05
INFO:root:Frames: 240000, Bad Frames: 22, FER: 9.166667e-05
INFO:root:Frames: 250000, Bad Frames: 22, FER: 8.800000e-05
INFO:root:Frames: 260000, Bad Frames: 22, FER: 8.461539e-05
INFO:root:Frames: 270000, Bad Frames: 22, FER: 8.148148e-05
INFO:root:Frames: 280000, Bad Frames: 23, FER: 8.214285e-05
INFO:root:Frames: 290000, Bad Frames: 26, FER: 8.965517e-05
INFO:root:Frames: 300000, Bad Frames: 28, FER: 9.333334e-05
INFO:root:Frames: 310000, Bad Frames: 30, FER: 9.677419e-05
INFO:root:Frames: 320000, Bad Frames: 32, FER: 1.000000e-04
INFO:root:Frames: 330000, Bad Frames: 35, FER: 1.060606e-04
INFO:root:Frames: 340000, Bad Frames: 35, FER: 1.029412e-04
INFO:root:Frames: 350000, Bad Frames: 36, FER: 1.028571e-04
INFO:root:Frames: 360000, Bad Frames: 36, FER: 1.000000e-04
INFO:root:Frames: 370000, Bad Frames: 37, FER: 1.000000e-04
INFO:root:Frames: 380000, Bad Frames: 38, FER: 1.000000e-04
INFO:root:Frames: 390000, Bad Frames: 38, FER: 9.743589e-05
INFO:root:Frames: 400000, Bad Frames: 38, FER: 9.500000e-05
INFO:root:Frames: 410000, Bad Frames: 40, FER: 9.756098e-05
INFO:root:Frames: 420000, Bad Frames: 41, FER: 9.761904e-05
INFO:root:Frames: 430000, Bad Frames: 43, FER: 1.000000e-04
INFO:root:Frames: 440000, Bad Frames: 48, FER: 1.090909e-04
INFO:root:Frames: 450000, Bad Frames: 52, FER: 1.155556e-04
INFO:root:Frames: 460000, Bad Frames: 52, FER: 1.130435e-04
INFO:root:Frames: 470000, Bad Frames: 53, FER: 1.127660e-04
INFO:root:Frames: 480000, Bad Frames: 57, FER: 1.187500e-04
INFO:root:Frames: 490000, Bad Frames: 57, FER: 1.163265e-04
INFO:root:Frames: 500000, Bad Frames: 58, FER: 1.160000e-04
INFO:root:Frames: 510000, Bad Frames: 61, FER: 1.196079e-04
INFO:root:Frames: 520000, Bad Frames: 61, FER: 1.173077e-04
INFO:root:Frames: 530000, Bad Frames: 64, FER: 1.207547e-04
INFO:root:Frames: 540000, Bad Frames: 66, FER: 1.222222e-04
INFO:root:Frames: 550000, Bad Frames: 68, FER: 1.236364e-04
INFO:root:Frames: 560000, Bad Frames: 69, FER: 1.232143e-04
INFO:root:Frames: 570000, Bad Frames: 71, FER: 1.245614e-04
INFO:root:Frames: 580000, Bad Frames: 72, FER: 1.241379e-04
INFO:root:Frames: 590000, Bad Frames: 75, FER: 1.271186e-04
INFO:root:Frames: 600000, Bad Frames: 76, FER: 1.266667e-04
INFO:root:Frames: 610000, Bad Frames: 77, FER: 1.262295e-04
INFO:root:Frames: 620000, Bad Frames: 79, FER: 1.274194e-04
INFO:root:Frames: 630000, Bad Frames: 79, FER: 1.253968e-04
INFO:root:Frames: 640000, Bad Frames: 79, FER: 1.234375e-04
INFO:root:Frames: 650000, Bad Frames: 79, FER: 1.215385e-04
INFO:root:Frames: 660000, Bad Frames: 79, FER: 1.196970e-04
INFO:root:Frames: 670000, Bad Frames: 79, FER: 1.179104e-04
INFO:root:Frames: 680000, Bad Frames: 79, FER: 1.161765e-04
INFO:root:Frames: 690000, Bad Frames: 81, FER: 1.173913e-04
INFO:root:Frames: 700000, Bad Frames: 83, FER: 1.185714e-04
INFO:root:Frames: 710000, Bad Frames: 85, FER: 1.197183e-04
INFO:root:Frames: 720000, Bad Frames: 85, FER: 1.180556e-04
INFO:root:Frames: 730000, Bad Frames: 85, FER: 1.164384e-04
INFO:root:Frames: 740000, Bad Frames: 86, FER: 1.162162e-04
INFO:root:Frames: 750000, Bad Frames: 87, FER: 1.160000e-04
INFO:root:Frames: 760000, Bad Frames: 89, FER: 1.171053e-04
INFO:root:Frames: 770000, Bad Frames: 91, FER: 1.181818e-04
INFO:root:Frames: 780000, Bad Frames: 91, FER: 1.166667e-04
INFO:root:Frames: 790000, Bad Frames: 92, FER: 1.164557e-04
INFO:root:Frames: 800000, Bad Frames: 94, FER: 1.175000e-04
INFO:root:Frames: 810000, Bad Frames: 94, FER: 1.160494e-04
INFO:root:Frames: 820000, Bad Frames: 94, FER: 1.146342e-04
INFO:root:Frames: 830000, Bad Frames: 94, FER: 1.132530e-04
INFO:root:Frames: 840000, Bad Frames: 96, FER: 1.142857e-04
INFO:root:Frames: 850000, Bad Frames: 98, FER: 1.152941e-04
CRITICAL:root:Frames: 852000, Bad Frames: 100, FER: 1.173709e-04 at 5(dB)
