INFO:root:Code: BCH.63.36
INFO:root:mRRD Size 128, 10
INFO:root:Using weight: BCH.63.45.Train.2022-08-25_08.00.46.log.pth
WARNING:root:Start to test at SNR = 0
CRITICAL:root:Frames: 2000, Bad Frames: 1462, FER: 7.310000e-01 at 0(dB)
WARNING:root:Start to test at SNR = 1
CRITICAL:root:Frames: 2000, Bad Frames: 972, FER: 4.860000e-01 at 1(dB)
WARNING:root:Start to test at SNR = 2
CRITICAL:root:Frames: 2000, Bad Frames: 434, FER: 2.170000e-01 at 2(dB)
WARNING:root:Start to test at SNR = 3
CRITICAL:root:Frames: 2000, Bad Frames: 108, FER: 5.400000e-02 at 3(dB)
WARNING:root:Start to test at SNR = 4
INFO:root:Frames: 10000, Bad Frames: 56, FER: 5.600000e-03
INFO:root:Frames: 20000, Bad Frames: 102, FER: 5.100000e-03
CRITICAL:root:Frames: 20000, Bad Frames: 102, FER: 5.100000e-03 at 4(dB)
WARNING:root:Start to test at SNR = 5
INFO:root:Frames: 10000, Bad Frames: 1, FER: 1.000000e-04
INFO:root:Frames: 20000, Bad Frames: 6, FER: 3.000000e-04
INFO:root:Frames: 30000, Bad Frames: 7, FER: 2.333333e-04
INFO:root:Frames: 40000, Bad Frames: 9, FER: 2.250000e-04
INFO:root:Frames: 50000, Bad Frames: 10, FER: 2.000000e-04
INFO:root:Frames: 60000, Bad Frames: 14, FER: 2.333333e-04
INFO:root:Frames: 70000, Bad Frames: 18, FER: 2.571428e-04
INFO:root:Frames: 80000, Bad Frames: 22, FER: 2.750000e-04
INFO:root:Frames: 90000, Bad Frames: 23, FER: 2.555556e-04
INFO:root:Frames: 100000, Bad Frames: 24, FER: 2.400000e-04
INFO:root:Frames: 110000, Bad Frames: 26, FER: 2.363636e-04
INFO:root:Frames: 120000, Bad Frames: 28, FER: 2.333333e-04
INFO:root:Frames: 130000, Bad Frames: 28, FER: 2.153846e-04
INFO:root:Frames: 140000, Bad Frames: 29, FER: 2.071429e-04
INFO:root:Frames: 150000, Bad Frames: 30, FER: 2.000000e-04
INFO:root:Frames: 160000, Bad Frames: 33, FER: 2.062500e-04
INFO:root:Frames: 170000, Bad Frames: 34, FER: 2.000000e-04
INFO:root:Frames: 180000, Bad Frames: 36, FER: 2.000000e-04
INFO:root:Frames: 190000, Bad Frames: 38, FER: 2.000000e-04
INFO:root:Frames: 200000, Bad Frames: 42, FER: 2.100000e-04
INFO:root:Frames: 210000, Bad Frames: 45, FER: 2.142857e-04
INFO:root:Frames: 220000, Bad Frames: 46, FER: 2.090909e-04
INFO:root:Frames: 230000, Bad Frames: 48, FER: 2.086957e-04
INFO:root:Frames: 240000, Bad Frames: 51, FER: 2.125000e-04
INFO:root:Frames: 250000, Bad Frames: 51, FER: 2.040000e-04
INFO:root:Frames: 260000, Bad Frames: 51, FER: 1.961539e-04
INFO:root:Frames: 270000, Bad Frames: 54, FER: 2.000000e-04
INFO:root:Frames: 280000, Bad Frames: 56, FER: 2.000000e-04
INFO:root:Frames: 290000, Bad Frames: 56, FER: 1.931034e-04
INFO:root:Frames: 300000, Bad Frames: 56, FER: 1.866667e-04
INFO:root:Frames: 310000, Bad Frames: 61, FER: 1.967742e-04
INFO:root:Frames: 320000, Bad Frames: 68, FER: 2.125000e-04
INFO:root:Frames: 330000, Bad Frames: 71, FER: 2.151515e-04
INFO:root:Frames: 340000, Bad Frames: 74, FER: 2.176471e-04
INFO:root:Frames: 350000, Bad Frames: 76, FER: 2.171428e-04
INFO:root:Frames: 360000, Bad Frames: 79, FER: 2.194445e-04
INFO:root:Frames: 370000, Bad Frames: 80, FER: 2.162162e-04
INFO:root:Frames: 380000, Bad Frames: 84, FER: 2.210526e-04
INFO:root:Frames: 390000, Bad Frames: 85, FER: 2.179487e-04
INFO:root:Frames: 400000, Bad Frames: 87, FER: 2.175000e-04
INFO:root:Frames: 410000, Bad Frames: 90, FER: 2.195122e-04
INFO:root:Frames: 420000, Bad Frames: 90, FER: 2.142857e-04
INFO:root:Frames: 430000, Bad Frames: 91, FER: 2.116279e-04
INFO:root:Frames: 440000, Bad Frames: 95, FER: 2.159091e-04
INFO:root:Frames: 450000, Bad Frames: 99, FER: 2.200000e-04
CRITICAL:root:Frames: 452000, Bad Frames: 100, FER: 2.212389e-04 at 5(dB)
