INFO:root:Code: BCH.63.36
INFO:root:mRRD Size 256, 5
INFO:root:Using weight: BCH.63.36singleBCE17.pth
WARNING:root:Start to test at SNR = 1
CRITICAL:root:Frames: 2000, Bad Frames: 701, FER: 3.505000e-01 at 1(dB)
WARNING:root:Start to test at SNR = 2
CRITICAL:root:Frames: 2000, Bad Frames: 243, FER: 1.215000e-01 at 2(dB)
WARNING:root:Start to test at SNR = 3
CRITICAL:root:Frames: 6000, Bad Frames: 122, FER: 2.033333e-02 at 3(dB)
WARNING:root:Start to test at SNR = 4
INFO:root:Frames: 10000, Bad Frames: 14, FER: 1.400000e-03
INFO:root:Frames: 20000, Bad Frames: 22, FER: 1.100000e-03
INFO:root:Frames: 30000, Bad Frames: 34, FER: 1.133333e-03
INFO:root:Frames: 40000, Bad Frames: 44, FER: 1.100000e-03
INFO:root:Frames: 50000, Bad Frames: 59, FER: 1.180000e-03
INFO:root:Frames: 60000, Bad Frames: 72, FER: 1.200000e-03
INFO:root:Frames: 70000, Bad Frames: 84, FER: 1.200000e-03
INFO:root:Frames: 80000, Bad Frames: 100, FER: 1.250000e-03
CRITICAL:root:Frames: 80000, Bad Frames: 100, FER: 1.250000e-03 at 4(dB)
WARNING:root:Start to test at SNR = 5
INFO:root:Frames: 10000, Bad Frames: 0, FER: 0.000000e+00
INFO:root:Frames: 20000, Bad Frames: 0, FER: 0.000000e+00
INFO:root:Frames: 30000, Bad Frames: 1, FER: 3.333333e-05
INFO:root:Frames: 40000, Bad Frames: 1, FER: 2.500000e-05
INFO:root:Frames: 50000, Bad Frames: 2, FER: 4.000000e-05
INFO:root:Frames: 60000, Bad Frames: 3, FER: 5.000000e-05
INFO:root:Frames: 70000, Bad Frames: 3, FER: 4.285714e-05
INFO:root:Frames: 80000, Bad Frames: 3, FER: 3.750000e-05
INFO:root:Frames: 90000, Bad Frames: 3, FER: 3.333333e-05
INFO:root:Frames: 100000, Bad Frames: 3, FER: 3.000000e-05
INFO:root:Frames: 110000, Bad Frames: 3, FER: 2.727273e-05
INFO:root:Frames: 120000, Bad Frames: 3, FER: 2.500000e-05
INFO:root:Frames: 130000, Bad Frames: 3, FER: 2.307692e-05
INFO:root:Frames: 140000, Bad Frames: 3, FER: 2.142857e-05
INFO:root:Frames: 150000, Bad Frames: 3, FER: 2.000000e-05
INFO:root:Frames: 160000, Bad Frames: 3, FER: 1.875000e-05
INFO:root:Frames: 170000, Bad Frames: 4, FER: 2.352941e-05
INFO:root:Frames: 180000, Bad Frames: 5, FER: 2.777778e-05
INFO:root:Frames: 190000, Bad Frames: 5, FER: 2.631579e-05
INFO:root:Frames: 200000, Bad Frames: 5, FER: 2.500000e-05
INFO:root:Frames: 210000, Bad Frames: 6, FER: 2.857143e-05
INFO:root:Frames: 220000, Bad Frames: 6, FER: 2.727273e-05
INFO:root:Frames: 230000, Bad Frames: 6, FER: 2.608696e-05
INFO:root:Frames: 240000, Bad Frames: 7, FER: 2.916667e-05
INFO:root:Frames: 250000, Bad Frames: 7, FER: 2.800000e-05
INFO:root:Frames: 260000, Bad Frames: 7, FER: 2.692308e-05
INFO:root:Frames: 270000, Bad Frames: 7, FER: 2.592593e-05
INFO:root:Frames: 280000, Bad Frames: 8, FER: 2.857143e-05
INFO:root:Frames: 290000, Bad Frames: 8, FER: 2.758621e-05
INFO:root:Frames: 300000, Bad Frames: 8, FER: 2.666667e-05
INFO:root:Frames: 310000, Bad Frames: 9, FER: 2.903226e-05
INFO:root:Frames: 320000, Bad Frames: 10, FER: 3.125000e-05
INFO:root:Frames: 330000, Bad Frames: 10, FER: 3.030303e-05
INFO:root:Frames: 340000, Bad Frames: 10, FER: 2.941177e-05
INFO:root:Frames: 350000, Bad Frames: 12, FER: 3.428571e-05
INFO:root:Frames: 360000, Bad Frames: 12, FER: 3.333333e-05
INFO:root:Frames: 370000, Bad Frames: 12, FER: 3.243243e-05
INFO:root:Frames: 380000, Bad Frames: 12, FER: 3.157895e-05
INFO:root:Frames: 390000, Bad Frames: 12, FER: 3.076923e-05
INFO:root:Frames: 400000, Bad Frames: 12, FER: 3.000000e-05
INFO:root:Frames: 410000, Bad Frames: 12, FER: 2.926829e-05
INFO:root:Frames: 420000, Bad Frames: 12, FER: 2.857143e-05
INFO:root:Frames: 430000, Bad Frames: 12, FER: 2.790698e-05
INFO:root:Frames: 440000, Bad Frames: 12, FER: 2.727273e-05
INFO:root:Frames: 450000, Bad Frames: 14, FER: 3.111111e-05
INFO:root:Frames: 460000, Bad Frames: 14, FER: 3.043478e-05
INFO:root:Frames: 470000, Bad Frames: 14, FER: 2.978724e-05
INFO:root:Frames: 480000, Bad Frames: 15, FER: 3.125000e-05
INFO:root:Frames: 490000, Bad Frames: 15, FER: 3.061225e-05
INFO:root:Frames: 500000, Bad Frames: 15, FER: 3.000000e-05
INFO:root:Frames: 510000, Bad Frames: 15, FER: 2.941177e-05
INFO:root:Frames: 520000, Bad Frames: 15, FER: 2.884615e-05
INFO:root:Frames: 530000, Bad Frames: 16, FER: 3.018868e-05
INFO:root:Frames: 540000, Bad Frames: 16, FER: 2.962963e-05
INFO:root:Frames: 550000, Bad Frames: 16, FER: 2.909091e-05
INFO:root:Frames: 560000, Bad Frames: 17, FER: 3.035714e-05
INFO:root:Frames: 570000, Bad Frames: 17, FER: 2.982456e-05
INFO:root:Frames: 580000, Bad Frames: 17, FER: 2.931035e-05
INFO:root:Frames: 590000, Bad Frames: 17, FER: 2.881356e-05
INFO:root:Frames: 600000, Bad Frames: 17, FER: 2.833333e-05
INFO:root:Frames: 610000, Bad Frames: 18, FER: 2.950820e-05
INFO:root:Frames: 620000, Bad Frames: 18, FER: 2.903226e-05
INFO:root:Frames: 630000, Bad Frames: 18, FER: 2.857143e-05
INFO:root:Frames: 640000, Bad Frames: 18, FER: 2.812500e-05
INFO:root:Frames: 650000, Bad Frames: 19, FER: 2.923077e-05
INFO:root:Frames: 660000, Bad Frames: 19, FER: 2.878788e-05
INFO:root:Frames: 670000, Bad Frames: 19, FER: 2.835821e-05
INFO:root:Frames: 680000, Bad Frames: 20, FER: 2.941177e-05
INFO:root:Frames: 690000, Bad Frames: 20, FER: 2.898551e-05
INFO:root:Frames: 700000, Bad Frames: 21, FER: 3.000000e-05
INFO:root:Frames: 710000, Bad Frames: 22, FER: 3.098591e-05
INFO:root:Frames: 720000, Bad Frames: 22, FER: 3.055555e-05
INFO:root:Frames: 730000, Bad Frames: 23, FER: 3.150685e-05
INFO:root:Frames: 740000, Bad Frames: 23, FER: 3.108108e-05
INFO:root:Frames: 750000, Bad Frames: 23, FER: 3.066667e-05
INFO:root:Frames: 760000, Bad Frames: 23, FER: 3.026316e-05
INFO:root:Frames: 770000, Bad Frames: 23, FER: 2.987013e-05
INFO:root:Frames: 780000, Bad Frames: 23, FER: 2.948718e-05
INFO:root:Frames: 790000, Bad Frames: 23, FER: 2.911392e-05
INFO:root:Frames: 800000, Bad Frames: 23, FER: 2.875000e-05
INFO:root:Frames: 810000, Bad Frames: 23, FER: 2.839506e-05
INFO:root:Frames: 820000, Bad Frames: 23, FER: 2.804878e-05
INFO:root:Frames: 830000, Bad Frames: 25, FER: 3.012048e-05
INFO:root:Frames: 840000, Bad Frames: 27, FER: 3.214286e-05
INFO:root:Frames: 850000, Bad Frames: 28, FER: 3.294118e-05
INFO:root:Frames: 860000, Bad Frames: 28, FER: 3.255814e-05
INFO:root:Frames: 870000, Bad Frames: 29, FER: 3.333333e-05
INFO:root:Frames: 880000, Bad Frames: 30, FER: 3.409091e-05
INFO:root:Frames: 890000, Bad Frames: 31, FER: 3.483146e-05
INFO:root:Frames: 900000, Bad Frames: 31, FER: 3.444445e-05
INFO:root:Frames: 910000, Bad Frames: 32, FER: 3.516483e-05
INFO:root:Frames: 920000, Bad Frames: 32, FER: 3.478261e-05
INFO:root:Frames: 930000, Bad Frames: 32, FER: 3.440860e-05
INFO:root:Frames: 940000, Bad Frames: 32, FER: 3.404255e-05
INFO:root:Frames: 950000, Bad Frames: 33, FER: 3.473684e-05
INFO:root:Frames: 960000, Bad Frames: 34, FER: 3.541667e-05
INFO:root:Frames: 970000, Bad Frames: 34, FER: 3.505155e-05
INFO:root:Frames: 980000, Bad Frames: 35, FER: 3.571429e-05
INFO:root:Frames: 990000, Bad Frames: 35, FER: 3.535353e-05
INFO:root:Frames: 1000000, Bad Frames: 35, FER: 3.500000e-05
INFO:root:Frames: 1010000, Bad Frames: 35, FER: 3.465347e-05
INFO:root:Frames: 1020000, Bad Frames: 35, FER: 3.431373e-05
INFO:root:Frames: 1030000, Bad Frames: 35, FER: 3.398058e-05
INFO:root:Frames: 1040000, Bad Frames: 35, FER: 3.365385e-05
INFO:root:Frames: 1050000, Bad Frames: 36, FER: 3.428571e-05
INFO:root:Frames: 1060000, Bad Frames: 36, FER: 3.396226e-05
INFO:root:Frames: 1070000, Bad Frames: 37, FER: 3.457944e-05
INFO:root:Frames: 1080000, Bad Frames: 37, FER: 3.425926e-05
INFO:root:Frames: 1090000, Bad Frames: 37, FER: 3.394495e-05
INFO:root:Frames: 1100000, Bad Frames: 38, FER: 3.454545e-05
INFO:root:Frames: 1110000, Bad Frames: 38, FER: 3.423423e-05
INFO:root:Frames: 1120000, Bad Frames: 38, FER: 3.392857e-05
INFO:root:Frames: 1130000, Bad Frames: 38, FER: 3.362832e-05
INFO:root:Frames: 1140000, Bad Frames: 38, FER: 3.333333e-05
INFO:root:Frames: 1150000, Bad Frames: 39, FER: 3.391304e-05
INFO:root:Frames: 1160000, Bad Frames: 39, FER: 3.362069e-05
INFO:root:Frames: 1170000, Bad Frames: 39, FER: 3.333333e-05
INFO:root:Frames: 1180000, Bad Frames: 39, FER: 3.305085e-05
INFO:root:Frames: 1190000, Bad Frames: 39, FER: 3.277311e-05
INFO:root:Frames: 1200000, Bad Frames: 39, FER: 3.250000e-05
INFO:root:Frames: 1210000, Bad Frames: 41, FER: 3.388430e-05
INFO:root:Frames: 1220000, Bad Frames: 41, FER: 3.360656e-05
INFO:root:Frames: 1230000, Bad Frames: 42, FER: 3.414634e-05
INFO:root:Frames: 1240000, Bad Frames: 42, FER: 3.387097e-05
INFO:root:Frames: 1250000, Bad Frames: 43, FER: 3.440000e-05
INFO:root:Frames: 1260000, Bad Frames: 43, FER: 3.412698e-05
INFO:root:Frames: 1270000, Bad Frames: 43, FER: 3.385827e-05
INFO:root:Frames: 1280000, Bad Frames: 43, FER: 3.359375e-05
INFO:root:Frames: 1290000, Bad Frames: 43, FER: 3.333333e-05
INFO:root:Frames: 1300000, Bad Frames: 43, FER: 3.307693e-05
INFO:root:Frames: 1310000, Bad Frames: 43, FER: 3.282443e-05
INFO:root:Frames: 1320000, Bad Frames: 45, FER: 3.409091e-05
INFO:root:Frames: 1330000, Bad Frames: 45, FER: 3.383459e-05
INFO:root:Frames: 1340000, Bad Frames: 46, FER: 3.432836e-05
INFO:root:Frames: 1350000, Bad Frames: 47, FER: 3.481481e-05
INFO:root:Frames: 1360000, Bad Frames: 47, FER: 3.455882e-05
INFO:root:Frames: 1370000, Bad Frames: 48, FER: 3.503650e-05
INFO:root:Frames: 1380000, Bad Frames: 48, FER: 3.478261e-05
INFO:root:Frames: 1390000, Bad Frames: 49, FER: 3.525180e-05
INFO:root:Frames: 1400000, Bad Frames: 50, FER: 3.571429e-05
INFO:root:Frames: 1410000, Bad Frames: 50, FER: 3.546099e-05
INFO:root:Frames: 1420000, Bad Frames: 52, FER: 3.661972e-05
INFO:root:Frames: 1430000, Bad Frames: 52, FER: 3.636364e-05
INFO:root:Frames: 1440000, Bad Frames: 52, FER: 3.611111e-05
INFO:root:Frames: 1450000, Bad Frames: 52, FER: 3.586207e-05
INFO:root:Frames: 1460000, Bad Frames: 52, FER: 3.561644e-05
INFO:root:Frames: 1470000, Bad Frames: 53, FER: 3.605442e-05
INFO:root:Frames: 1480000, Bad Frames: 54, FER: 3.648649e-05
INFO:root:Frames: 1490000, Bad Frames: 55, FER: 3.691275e-05
INFO:root:Frames: 1500000, Bad Frames: 56, FER: 3.733333e-05
INFO:root:Frames: 1510000, Bad Frames: 57, FER: 3.774834e-05
INFO:root:Frames: 1520000, Bad Frames: 57, FER: 3.750000e-05
INFO:root:Frames: 1530000, Bad Frames: 57, FER: 3.725490e-05
INFO:root:Frames: 1540000, Bad Frames: 57, FER: 3.701299e-05
INFO:root:Frames: 1550000, Bad Frames: 58, FER: 3.741936e-05
INFO:root:Frames: 1560000, Bad Frames: 58, FER: 3.717948e-05
INFO:root:Frames: 1570000, Bad Frames: 58, FER: 3.694267e-05
INFO:root:Frames: 1580000, Bad Frames: 58, FER: 3.670886e-05
INFO:root:Frames: 1590000, Bad Frames: 59, FER: 3.710692e-05
INFO:root:Frames: 1600000, Bad Frames: 60, FER: 3.750000e-05
INFO:root:Frames: 1610000, Bad Frames: 60, FER: 3.726708e-05
INFO:root:Frames: 1620000, Bad Frames: 61, FER: 3.765432e-05
INFO:root:Frames: 1630000, Bad Frames: 61, FER: 3.742331e-05
INFO:root:Frames: 1640000, Bad Frames: 61, FER: 3.719512e-05
INFO:root:Frames: 1650000, Bad Frames: 61, FER: 3.696970e-05
INFO:root:Frames: 1660000, Bad Frames: 61, FER: 3.674699e-05
INFO:root:Frames: 1670000, Bad Frames: 61, FER: 3.652694e-05
INFO:root:Frames: 1680000, Bad Frames: 61, FER: 3.630952e-05
INFO:root:Frames: 1690000, Bad Frames: 62, FER: 3.668639e-05
INFO:root:Frames: 1700000, Bad Frames: 62, FER: 3.647059e-05
INFO:root:Frames: 1710000, Bad Frames: 62, FER: 3.625731e-05
INFO:root:Frames: 1720000, Bad Frames: 62, FER: 3.604651e-05
INFO:root:Frames: 1730000, Bad Frames: 62, FER: 3.583815e-05
INFO:root:Frames: 1740000, Bad Frames: 63, FER: 3.620690e-05
INFO:root:Frames: 1750000, Bad Frames: 63, FER: 3.600000e-05
INFO:root:Frames: 1760000, Bad Frames: 63, FER: 3.579545e-05
INFO:root:Frames: 1770000, Bad Frames: 63, FER: 3.559322e-05
INFO:root:Frames: 1780000, Bad Frames: 63, FER: 3.539326e-05
INFO:root:Frames: 1790000, Bad Frames: 63, FER: 3.519553e-05
INFO:root:Frames: 1800000, Bad Frames: 63, FER: 3.500000e-05
INFO:root:Frames: 1810000, Bad Frames: 63, FER: 3.480663e-05
INFO:root:Frames: 1820000, Bad Frames: 63, FER: 3.461538e-05
INFO:root:Frames: 1830000, Bad Frames: 63, FER: 3.442623e-05
INFO:root:Frames: 1840000, Bad Frames: 63, FER: 3.423913e-05
INFO:root:Frames: 1850000, Bad Frames: 63, FER: 3.405405e-05
INFO:root:Frames: 1860000, Bad Frames: 63, FER: 3.387097e-05
INFO:root:Frames: 1870000, Bad Frames: 63, FER: 3.368984e-05
INFO:root:Frames: 1880000, Bad Frames: 63, FER: 3.351064e-05
INFO:root:Frames: 1890000, Bad Frames: 63, FER: 3.333333e-05
INFO:root:Frames: 1900000, Bad Frames: 63, FER: 3.315789e-05
INFO:root:Frames: 1910000, Bad Frames: 63, FER: 3.298430e-05
INFO:root:Frames: 1920000, Bad Frames: 63, FER: 3.281250e-05
INFO:root:Frames: 1930000, Bad Frames: 63, FER: 3.264249e-05
INFO:root:Frames: 1940000, Bad Frames: 63, FER: 3.247423e-05
INFO:root:Frames: 1950000, Bad Frames: 65, FER: 3.333333e-05
INFO:root:Frames: 1960000, Bad Frames: 65, FER: 3.316327e-05
INFO:root:Frames: 1970000, Bad Frames: 65, FER: 3.299493e-05
INFO:root:Frames: 1980000, Bad Frames: 65, FER: 3.282828e-05
INFO:root:Frames: 1990000, Bad Frames: 65, FER: 3.266332e-05
INFO:root:Frames: 2000000, Bad Frames: 65, FER: 3.250000e-05
INFO:root:Frames: 2010000, Bad Frames: 65, FER: 3.233831e-05
INFO:root:Frames: 2020000, Bad Frames: 66, FER: 3.267327e-05
INFO:root:Frames: 2030000, Bad Frames: 66, FER: 3.251231e-05
INFO:root:Frames: 2040000, Bad Frames: 67, FER: 3.284314e-05
INFO:root:Frames: 2050000, Bad Frames: 67, FER: 3.268292e-05
INFO:root:Frames: 2060000, Bad Frames: 68, FER: 3.300971e-05
INFO:root:Frames: 2070000, Bad Frames: 68, FER: 3.285024e-05
INFO:root:Frames: 2080000, Bad Frames: 69, FER: 3.317308e-05
INFO:root:Frames: 2090000, Bad Frames: 69, FER: 3.301436e-05
INFO:root:Frames: 2100000, Bad Frames: 69, FER: 3.285714e-05
INFO:root:Frames: 2110000, Bad Frames: 70, FER: 3.317535e-05
INFO:root:Frames: 2120000, Bad Frames: 70, FER: 3.301887e-05
INFO:root:Frames: 2130000, Bad Frames: 70, FER: 3.286385e-05
INFO:root:Frames: 2140000, Bad Frames: 70, FER: 3.271028e-05
INFO:root:Frames: 2150000, Bad Frames: 70, FER: 3.255814e-05
INFO:root:Frames: 2160000, Bad Frames: 70, FER: 3.240741e-05
INFO:root:Frames: 2170000, Bad Frames: 70, FER: 3.225806e-05
INFO:root:Frames: 2180000, Bad Frames: 70, FER: 3.211009e-05
INFO:root:Frames: 2190000, Bad Frames: 71, FER: 3.242009e-05
INFO:root:Frames: 2200000, Bad Frames: 71, FER: 3.227273e-05
INFO:root:Frames: 2210000, Bad Frames: 71, FER: 3.212670e-05
INFO:root:Frames: 2220000, Bad Frames: 71, FER: 3.198198e-05
INFO:root:Frames: 2230000, Bad Frames: 71, FER: 3.183856e-05
INFO:root:Frames: 2240000, Bad Frames: 71, FER: 3.169643e-05
INFO:root:Frames: 2250000, Bad Frames: 72, FER: 3.200000e-05
INFO:root:Frames: 2260000, Bad Frames: 72, FER: 3.185841e-05
INFO:root:Frames: 2270000, Bad Frames: 72, FER: 3.171806e-05
INFO:root:Frames: 2280000, Bad Frames: 72, FER: 3.157895e-05
INFO:root:Frames: 2290000, Bad Frames: 72, FER: 3.144105e-05
INFO:root:Frames: 2300000, Bad Frames: 72, FER: 3.130435e-05
INFO:root:Frames: 2310000, Bad Frames: 72, FER: 3.116883e-05
INFO:root:Frames: 2320000, Bad Frames: 72, FER: 3.103448e-05
INFO:root:Frames: 2330000, Bad Frames: 72, FER: 3.090129e-05
INFO:root:Frames: 2340000, Bad Frames: 72, FER: 3.076923e-05
INFO:root:Frames: 2350000, Bad Frames: 73, FER: 3.106383e-05
INFO:root:Frames: 2360000, Bad Frames: 73, FER: 3.093220e-05
INFO:root:Frames: 2370000, Bad Frames: 74, FER: 3.122363e-05
INFO:root:Frames: 2380000, Bad Frames: 74, FER: 3.109244e-05
INFO:root:Frames: 2390000, Bad Frames: 74, FER: 3.096234e-05
INFO:root:Frames: 2400000, Bad Frames: 75, FER: 3.125000e-05
INFO:root:Frames: 2410000, Bad Frames: 75, FER: 3.112033e-05
INFO:root:Frames: 2420000, Bad Frames: 75, FER: 3.099174e-05
INFO:root:Frames: 2430000, Bad Frames: 75, FER: 3.086420e-05
INFO:root:Frames: 2440000, Bad Frames: 75, FER: 3.073770e-05
INFO:root:Frames: 2450000, Bad Frames: 75, FER: 3.061225e-05
INFO:root:Frames: 2460000, Bad Frames: 75, FER: 3.048780e-05
INFO:root:Frames: 2470000, Bad Frames: 75, FER: 3.036437e-05
INFO:root:Frames: 2480000, Bad Frames: 75, FER: 3.024194e-05
INFO:root:Frames: 2490000, Bad Frames: 75, FER: 3.012048e-05
INFO:root:Frames: 2500000, Bad Frames: 75, FER: 3.000000e-05
INFO:root:Frames: 2510000, Bad Frames: 77, FER: 3.067729e-05
INFO:root:Frames: 2520000, Bad Frames: 77, FER: 3.055555e-05
INFO:root:Frames: 2530000, Bad Frames: 78, FER: 3.083004e-05
INFO:root:Frames: 2540000, Bad Frames: 78, FER: 3.070866e-05
INFO:root:Frames: 2550000, Bad Frames: 78, FER: 3.058823e-05
INFO:root:Frames: 2560000, Bad Frames: 80, FER: 3.125000e-05
INFO:root:Frames: 2570000, Bad Frames: 81, FER: 3.151751e-05
INFO:root:Frames: 2580000, Bad Frames: 81, FER: 3.139535e-05
INFO:root:Frames: 2590000, Bad Frames: 81, FER: 3.127413e-05
INFO:root:Frames: 2600000, Bad Frames: 81, FER: 3.115385e-05
INFO:root:Frames: 2610000, Bad Frames: 82, FER: 3.141762e-05
INFO:root:Frames: 2620000, Bad Frames: 82, FER: 3.129771e-05
INFO:root:Frames: 2630000, Bad Frames: 83, FER: 3.155894e-05
INFO:root:Frames: 2640000, Bad Frames: 83, FER: 3.143939e-05
INFO:root:Frames: 2650000, Bad Frames: 83, FER: 3.132076e-05
INFO:root:Frames: 2660000, Bad Frames: 83, FER: 3.120301e-05
INFO:root:Frames: 2670000, Bad Frames: 84, FER: 3.146067e-05
INFO:root:Frames: 2680000, Bad Frames: 84, FER: 3.134328e-05
INFO:root:Frames: 2690000, Bad Frames: 84, FER: 3.122677e-05
INFO:root:Frames: 2700000, Bad Frames: 84, FER: 3.111111e-05
INFO:root:Frames: 2710000, Bad Frames: 84, FER: 3.099631e-05
INFO:root:Frames: 2720000, Bad Frames: 85, FER: 3.125000e-05
INFO:root:Frames: 2730000, Bad Frames: 85, FER: 3.113553e-05
INFO:root:Frames: 2740000, Bad Frames: 85, FER: 3.102190e-05
INFO:root:Frames: 2750000, Bad Frames: 86, FER: 3.127273e-05
INFO:root:Frames: 2760000, Bad Frames: 86, FER: 3.115942e-05
INFO:root:Frames: 2770000, Bad Frames: 86, FER: 3.104693e-05
INFO:root:Frames: 2780000, Bad Frames: 86, FER: 3.093525e-05
INFO:root:Frames: 2790000, Bad Frames: 86, FER: 3.082437e-05
INFO:root:Frames: 2800000, Bad Frames: 88, FER: 3.142857e-05
INFO:root:Frames: 2810000, Bad Frames: 88, FER: 3.131673e-05
INFO:root:Frames: 2820000, Bad Frames: 88, FER: 3.120567e-05
INFO:root:Frames: 2830000, Bad Frames: 88, FER: 3.109541e-05
INFO:root:Frames: 2840000, Bad Frames: 89, FER: 3.133803e-05
INFO:root:Frames: 2850000, Bad Frames: 89, FER: 3.122807e-05
INFO:root:Frames: 2860000, Bad Frames: 90, FER: 3.146853e-05
INFO:root:Frames: 2870000, Bad Frames: 90, FER: 3.135889e-05
INFO:root:Frames: 2880000, Bad Frames: 90, FER: 3.125000e-05
INFO:root:Frames: 2890000, Bad Frames: 91, FER: 3.148789e-05
INFO:root:Frames: 2900000, Bad Frames: 91, FER: 3.137931e-05
INFO:root:Frames: 2910000, Bad Frames: 91, FER: 3.127148e-05
INFO:root:Frames: 2920000, Bad Frames: 91, FER: 3.116438e-05
INFO:root:Frames: 2930000, Bad Frames: 91, FER: 3.105802e-05
INFO:root:Frames: 2940000, Bad Frames: 91, FER: 3.095238e-05
INFO:root:Frames: 2950000, Bad Frames: 91, FER: 3.084746e-05
INFO:root:Frames: 2960000, Bad Frames: 91, FER: 3.074324e-05
INFO:root:Frames: 2970000, Bad Frames: 91, FER: 3.063973e-05
INFO:root:Frames: 2980000, Bad Frames: 92, FER: 3.087248e-05
INFO:root:Frames: 2990000, Bad Frames: 92, FER: 3.076923e-05
INFO:root:Frames: 3000000, Bad Frames: 92, FER: 3.066667e-05
INFO:root:Frames: 3010000, Bad Frames: 93, FER: 3.089701e-05
INFO:root:Frames: 3020000, Bad Frames: 93, FER: 3.079470e-05
INFO:root:Frames: 3030000, Bad Frames: 94, FER: 3.102310e-05
INFO:root:Frames: 3040000, Bad Frames: 94, FER: 3.092106e-05
INFO:root:Frames: 3050000, Bad Frames: 94, FER: 3.081967e-05
INFO:root:Frames: 3060000, Bad Frames: 94, FER: 3.071895e-05
INFO:root:Frames: 3070000, Bad Frames: 95, FER: 3.094463e-05
INFO:root:Frames: 3080000, Bad Frames: 96, FER: 3.116883e-05
INFO:root:Frames: 3090000, Bad Frames: 96, FER: 3.106796e-05
INFO:root:Frames: 3100000, Bad Frames: 96, FER: 3.096774e-05
INFO:root:Frames: 3110000, Bad Frames: 96, FER: 3.086817e-05
INFO:root:Frames: 3120000, Bad Frames: 97, FER: 3.108974e-05
INFO:root:Frames: 3130000, Bad Frames: 97, FER: 3.099041e-05
INFO:root:Frames: 3140000, Bad Frames: 97, FER: 3.089172e-05
INFO:root:Frames: 3150000, Bad Frames: 97, FER: 3.079365e-05
INFO:root:Frames: 3160000, Bad Frames: 97, FER: 3.069620e-05
INFO:root:Frames: 3170000, Bad Frames: 97, FER: 3.059937e-05
INFO:root:Frames: 3180000, Bad Frames: 97, FER: 3.050314e-05
INFO:root:Frames: 3190000, Bad Frames: 97, FER: 3.040752e-05
INFO:root:Frames: 3200000, Bad Frames: 98, FER: 3.062500e-05
INFO:root:Frames: 3210000, Bad Frames: 98, FER: 3.052960e-05
INFO:root:Frames: 3220000, Bad Frames: 98, FER: 3.043478e-05
INFO:root:Frames: 3230000, Bad Frames: 98, FER: 3.034056e-05
INFO:root:Frames: 3240000, Bad Frames: 98, FER: 3.024691e-05
INFO:root:Frames: 3250000, Bad Frames: 98, FER: 3.015385e-05
INFO:root:Frames: 3260000, Bad Frames: 98, FER: 3.006135e-05
INFO:root:Frames: 3270000, Bad Frames: 98, FER: 2.996942e-05
INFO:root:Frames: 3280000, Bad Frames: 99, FER: 3.018293e-05
CRITICAL:root:Frames: 3286000, Bad Frames: 100, FER: 3.043214e-05 at 5(dB)
