INFO:root:Code: QR.47.24
INFO:root:mRRD Size 32, 5
INFO:root:Using weight: QR.47.24singleBCE17.pth
WARNING:root:Start to test at SNR = 1
CRITICAL:root:Frames: 2000, Bad Frames: 475, FER: 2.375000e-01 at 1(dB)
WARNING:root:Start to test at SNR = 2
CRITICAL:root:Frames: 2000, Bad Frames: 166, FER: 8.300000e-02 at 2(dB)
WARNING:root:Start to test at SNR = 3
CRITICAL:root:Frames: 8000, Bad Frames: 108, FER: 1.350000e-02 at 3(dB)
WARNING:root:Start to test at SNR = 4
INFO:root:Frames: 10000, Bad Frames: 11, FER: 1.100000e-03
INFO:root:Frames: 20000, Bad Frames: 27, FER: 1.350000e-03
INFO:root:Frames: 30000, Bad Frames: 34, FER: 1.133333e-03
INFO:root:Frames: 40000, Bad Frames: 50, FER: 1.250000e-03
INFO:root:Frames: 50000, Bad Frames: 58, FER: 1.160000e-03
INFO:root:Frames: 60000, Bad Frames: 69, FER: 1.150000e-03
INFO:root:Frames: 70000, Bad Frames: 78, FER: 1.114286e-03
INFO:root:Frames: 80000, Bad Frames: 90, FER: 1.125000e-03
INFO:root:Frames: 90000, Bad Frames: 97, FER: 1.077778e-03
CRITICAL:root:Frames: 94000, Bad Frames: 103, FER: 1.095745e-03 at 4(dB)
WARNING:root:Start to test at SNR = 5
INFO:root:Frames: 10000, Bad Frames: 1, FER: 1.000000e-04
INFO:root:Frames: 20000, Bad Frames: 1, FER: 5.000000e-05
INFO:root:Frames: 30000, Bad Frames: 1, FER: 3.333333e-05
INFO:root:Frames: 40000, Bad Frames: 1, FER: 2.500000e-05
INFO:root:Frames: 50000, Bad Frames: 2, FER: 4.000000e-05
INFO:root:Frames: 60000, Bad Frames: 2, FER: 3.333333e-05
INFO:root:Frames: 70000, Bad Frames: 2, FER: 2.857143e-05
INFO:root:Frames: 80000, Bad Frames: 2, FER: 2.500000e-05
INFO:root:Frames: 90000, Bad Frames: 3, FER: 3.333333e-05
INFO:root:Frames: 100000, Bad Frames: 4, FER: 4.000000e-05
INFO:root:Frames: 110000, Bad Frames: 5, FER: 4.545454e-05
INFO:root:Frames: 120000, Bad Frames: 5, FER: 4.166667e-05
INFO:root:Frames: 130000, Bad Frames: 6, FER: 4.615385e-05
INFO:root:Frames: 140000, Bad Frames: 6, FER: 4.285714e-05
INFO:root:Frames: 150000, Bad Frames: 6, FER: 4.000000e-05
INFO:root:Frames: 160000, Bad Frames: 6, FER: 3.750000e-05
INFO:root:Frames: 170000, Bad Frames: 6, FER: 3.529412e-05
INFO:root:Frames: 180000, Bad Frames: 7, FER: 3.888889e-05
INFO:root:Frames: 190000, Bad Frames: 7, FER: 3.684211e-05
INFO:root:Frames: 200000, Bad Frames: 8, FER: 4.000000e-05
INFO:root:Frames: 210000, Bad Frames: 8, FER: 3.809524e-05
INFO:root:Frames: 220000, Bad Frames: 8, FER: 3.636364e-05
INFO:root:Frames: 230000, Bad Frames: 9, FER: 3.913043e-05
INFO:root:Frames: 240000, Bad Frames: 9, FER: 3.750000e-05
INFO:root:Frames: 250000, Bad Frames: 9, FER: 3.600000e-05
INFO:root:Frames: 260000, Bad Frames: 11, FER: 4.230769e-05
INFO:root:Frames: 270000, Bad Frames: 11, FER: 4.074074e-05
INFO:root:Frames: 280000, Bad Frames: 11, FER: 3.928571e-05
INFO:root:Frames: 290000, Bad Frames: 12, FER: 4.137931e-05
INFO:root:Frames: 300000, Bad Frames: 12, FER: 4.000000e-05
INFO:root:Frames: 310000, Bad Frames: 12, FER: 3.870968e-05
INFO:root:Frames: 320000, Bad Frames: 12, FER: 3.750000e-05
INFO:root:Frames: 330000, Bad Frames: 13, FER: 3.939394e-05
INFO:root:Frames: 340000, Bad Frames: 14, FER: 4.117647e-05
INFO:root:Frames: 350000, Bad Frames: 15, FER: 4.285714e-05
INFO:root:Frames: 360000, Bad Frames: 16, FER: 4.444444e-05
INFO:root:Frames: 370000, Bad Frames: 16, FER: 4.324324e-05
INFO:root:Frames: 380000, Bad Frames: 17, FER: 4.473684e-05
INFO:root:Frames: 390000, Bad Frames: 17, FER: 4.358974e-05
INFO:root:Frames: 400000, Bad Frames: 17, FER: 4.250000e-05
INFO:root:Frames: 410000, Bad Frames: 17, FER: 4.146342e-05
INFO:root:Frames: 420000, Bad Frames: 17, FER: 4.047619e-05
INFO:root:Frames: 430000, Bad Frames: 17, FER: 3.953488e-05
INFO:root:Frames: 440000, Bad Frames: 19, FER: 4.318182e-05
INFO:root:Frames: 450000, Bad Frames: 20, FER: 4.444444e-05
INFO:root:Frames: 460000, Bad Frames: 20, FER: 4.347826e-05
INFO:root:Frames: 470000, Bad Frames: 20, FER: 4.255319e-05
INFO:root:Frames: 480000, Bad Frames: 20, FER: 4.166667e-05
INFO:root:Frames: 490000, Bad Frames: 20, FER: 4.081633e-05
INFO:root:Frames: 500000, Bad Frames: 20, FER: 4.000000e-05
INFO:root:Frames: 510000, Bad Frames: 20, FER: 3.921569e-05
INFO:root:Frames: 520000, Bad Frames: 20, FER: 3.846154e-05
INFO:root:Frames: 530000, Bad Frames: 22, FER: 4.150943e-05
INFO:root:Frames: 540000, Bad Frames: 22, FER: 4.074074e-05
INFO:root:Frames: 550000, Bad Frames: 23, FER: 4.181818e-05
INFO:root:Frames: 560000, Bad Frames: 23, FER: 4.107143e-05
INFO:root:Frames: 570000, Bad Frames: 23, FER: 4.035088e-05
INFO:root:Frames: 580000, Bad Frames: 23, FER: 3.965517e-05
INFO:root:Frames: 590000, Bad Frames: 23, FER: 3.898305e-05
INFO:root:Frames: 600000, Bad Frames: 23, FER: 3.833333e-05
INFO:root:Frames: 610000, Bad Frames: 23, FER: 3.770492e-05
INFO:root:Frames: 620000, Bad Frames: 24, FER: 3.870968e-05
INFO:root:Frames: 630000, Bad Frames: 24, FER: 3.809524e-05
INFO:root:Frames: 640000, Bad Frames: 24, FER: 3.750000e-05
INFO:root:Frames: 650000, Bad Frames: 24, FER: 3.692308e-05
INFO:root:Frames: 660000, Bad Frames: 24, FER: 3.636364e-05
INFO:root:Frames: 670000, Bad Frames: 24, FER: 3.582090e-05
INFO:root:Frames: 680000, Bad Frames: 25, FER: 3.676470e-05
INFO:root:Frames: 690000, Bad Frames: 25, FER: 3.623189e-05
INFO:root:Frames: 700000, Bad Frames: 25, FER: 3.571429e-05
INFO:root:Frames: 710000, Bad Frames: 25, FER: 3.521127e-05
INFO:root:Frames: 720000, Bad Frames: 25, FER: 3.472222e-05
INFO:root:Frames: 730000, Bad Frames: 25, FER: 3.424658e-05
INFO:root:Frames: 740000, Bad Frames: 25, FER: 3.378378e-05
INFO:root:Frames: 750000, Bad Frames: 25, FER: 3.333333e-05
INFO:root:Frames: 760000, Bad Frames: 25, FER: 3.289474e-05
INFO:root:Frames: 770000, Bad Frames: 25, FER: 3.246753e-05
INFO:root:Frames: 780000, Bad Frames: 25, FER: 3.205128e-05
INFO:root:Frames: 790000, Bad Frames: 25, FER: 3.164557e-05
INFO:root:Frames: 800000, Bad Frames: 26, FER: 3.250000e-05
INFO:root:Frames: 810000, Bad Frames: 27, FER: 3.333333e-05
INFO:root:Frames: 820000, Bad Frames: 28, FER: 3.414634e-05
INFO:root:Frames: 830000, Bad Frames: 28, FER: 3.373494e-05
INFO:root:Frames: 840000, Bad Frames: 28, FER: 3.333333e-05
INFO:root:Frames: 850000, Bad Frames: 28, FER: 3.294118e-05
INFO:root:Frames: 860000, Bad Frames: 28, FER: 3.255814e-05
INFO:root:Frames: 870000, Bad Frames: 28, FER: 3.218391e-05
INFO:root:Frames: 880000, Bad Frames: 28, FER: 3.181818e-05
INFO:root:Frames: 890000, Bad Frames: 29, FER: 3.258427e-05
INFO:root:Frames: 900000, Bad Frames: 29, FER: 3.222222e-05
INFO:root:Frames: 910000, Bad Frames: 29, FER: 3.186813e-05
INFO:root:Frames: 920000, Bad Frames: 29, FER: 3.152174e-05
INFO:root:Frames: 930000, Bad Frames: 29, FER: 3.118280e-05
INFO:root:Frames: 940000, Bad Frames: 29, FER: 3.085106e-05
INFO:root:Frames: 950000, Bad Frames: 29, FER: 3.052632e-05
INFO:root:Frames: 960000, Bad Frames: 30, FER: 3.125000e-05
INFO:root:Frames: 970000, Bad Frames: 30, FER: 3.092783e-05
INFO:root:Frames: 980000, Bad Frames: 31, FER: 3.163265e-05
INFO:root:Frames: 990000, Bad Frames: 31, FER: 3.131313e-05
INFO:root:Frames: 1000000, Bad Frames: 32, FER: 3.200000e-05
INFO:root:Frames: 1010000, Bad Frames: 33, FER: 3.267327e-05
INFO:root:Frames: 1020000, Bad Frames: 34, FER: 3.333333e-05
INFO:root:Frames: 1030000, Bad Frames: 35, FER: 3.398058e-05
INFO:root:Frames: 1040000, Bad Frames: 36, FER: 3.461539e-05
INFO:root:Frames: 1050000, Bad Frames: 36, FER: 3.428571e-05
INFO:root:Frames: 1060000, Bad Frames: 37, FER: 3.490566e-05
INFO:root:Frames: 1070000, Bad Frames: 37, FER: 3.457944e-05
INFO:root:Frames: 1080000, Bad Frames: 37, FER: 3.425926e-05
INFO:root:Frames: 1090000, Bad Frames: 38, FER: 3.486238e-05
INFO:root:Frames: 1100000, Bad Frames: 38, FER: 3.454545e-05
INFO:root:Frames: 1110000, Bad Frames: 38, FER: 3.423423e-05
INFO:root:Frames: 1120000, Bad Frames: 38, FER: 3.392857e-05
INFO:root:Frames: 1130000, Bad Frames: 38, FER: 3.362832e-05
INFO:root:Frames: 1140000, Bad Frames: 38, FER: 3.333333e-05
INFO:root:Frames: 1150000, Bad Frames: 38, FER: 3.304348e-05
INFO:root:Frames: 1160000, Bad Frames: 38, FER: 3.275862e-05
INFO:root:Frames: 1170000, Bad Frames: 39, FER: 3.333333e-05
INFO:root:Frames: 1180000, Bad Frames: 39, FER: 3.305085e-05
INFO:root:Frames: 1190000, Bad Frames: 39, FER: 3.277311e-05
INFO:root:Frames: 1200000, Bad Frames: 39, FER: 3.250000e-05
INFO:root:Frames: 1210000, Bad Frames: 39, FER: 3.223140e-05
INFO:root:Frames: 1220000, Bad Frames: 40, FER: 3.278689e-05
INFO:root:Frames: 1230000, Bad Frames: 41, FER: 3.333333e-05
INFO:root:Frames: 1240000, Bad Frames: 41, FER: 3.306452e-05
INFO:root:Frames: 1250000, Bad Frames: 41, FER: 3.280000e-05
INFO:root:Frames: 1260000, Bad Frames: 41, FER: 3.253968e-05
INFO:root:Frames: 1270000, Bad Frames: 41, FER: 3.228346e-05
INFO:root:Frames: 1280000, Bad Frames: 42, FER: 3.281250e-05
INFO:root:Frames: 1290000, Bad Frames: 42, FER: 3.255814e-05
INFO:root:Frames: 1300000, Bad Frames: 42, FER: 3.230769e-05
INFO:root:Frames: 1310000, Bad Frames: 42, FER: 3.206107e-05
INFO:root:Frames: 1320000, Bad Frames: 42, FER: 3.181818e-05
INFO:root:Frames: 1330000, Bad Frames: 43, FER: 3.233083e-05
INFO:root:Frames: 1340000, Bad Frames: 44, FER: 3.283582e-05
INFO:root:Frames: 1350000, Bad Frames: 44, FER: 3.259259e-05
INFO:root:Frames: 1360000, Bad Frames: 45, FER: 3.308824e-05
INFO:root:Frames: 1370000, Bad Frames: 45, FER: 3.284672e-05
INFO:root:Frames: 1380000, Bad Frames: 46, FER: 3.333333e-05
INFO:root:Frames: 1390000, Bad Frames: 46, FER: 3.309353e-05
INFO:root:Frames: 1400000, Bad Frames: 46, FER: 3.285714e-05
INFO:root:Frames: 1410000, Bad Frames: 46, FER: 3.262411e-05
INFO:root:Frames: 1420000, Bad Frames: 46, FER: 3.239436e-05
INFO:root:Frames: 1430000, Bad Frames: 46, FER: 3.216783e-05
INFO:root:Frames: 1440000, Bad Frames: 46, FER: 3.194444e-05
INFO:root:Frames: 1450000, Bad Frames: 46, FER: 3.172414e-05
INFO:root:Frames: 1460000, Bad Frames: 46, FER: 3.150685e-05
INFO:root:Frames: 1470000, Bad Frames: 46, FER: 3.129251e-05
INFO:root:Frames: 1480000, Bad Frames: 46, FER: 3.108108e-05
INFO:root:Frames: 1490000, Bad Frames: 46, FER: 3.087248e-05
INFO:root:Frames: 1500000, Bad Frames: 46, FER: 3.066667e-05
INFO:root:Frames: 1510000, Bad Frames: 46, FER: 3.046358e-05
INFO:root:Frames: 1520000, Bad Frames: 47, FER: 3.092106e-05
INFO:root:Frames: 1530000, Bad Frames: 47, FER: 3.071895e-05
INFO:root:Frames: 1540000, Bad Frames: 47, FER: 3.051948e-05
INFO:root:Frames: 1550000, Bad Frames: 47, FER: 3.032258e-05
INFO:root:Frames: 1560000, Bad Frames: 47, FER: 3.012820e-05
INFO:root:Frames: 1570000, Bad Frames: 47, FER: 2.993631e-05
INFO:root:Frames: 1580000, Bad Frames: 48, FER: 3.037975e-05
INFO:root:Frames: 1590000, Bad Frames: 48, FER: 3.018868e-05
INFO:root:Frames: 1600000, Bad Frames: 48, FER: 3.000000e-05
INFO:root:Frames: 1610000, Bad Frames: 48, FER: 2.981367e-05
INFO:root:Frames: 1620000, Bad Frames: 48, FER: 2.962963e-05
INFO:root:Frames: 1630000, Bad Frames: 49, FER: 3.006135e-05
INFO:root:Frames: 1640000, Bad Frames: 50, FER: 3.048780e-05
INFO:root:Frames: 1650000, Bad Frames: 50, FER: 3.030303e-05
INFO:root:Frames: 1660000, Bad Frames: 50, FER: 3.012048e-05
INFO:root:Frames: 1670000, Bad Frames: 50, FER: 2.994012e-05
INFO:root:Frames: 1680000, Bad Frames: 50, FER: 2.976190e-05
INFO:root:Frames: 1690000, Bad Frames: 50, FER: 2.958580e-05
INFO:root:Frames: 1700000, Bad Frames: 50, FER: 2.941177e-05
INFO:root:Frames: 1710000, Bad Frames: 50, FER: 2.923977e-05
INFO:root:Frames: 1720000, Bad Frames: 51, FER: 2.965116e-05
INFO:root:Frames: 1730000, Bad Frames: 51, FER: 2.947977e-05
INFO:root:Frames: 1740000, Bad Frames: 51, FER: 2.931035e-05
INFO:root:Frames: 1750000, Bad Frames: 51, FER: 2.914286e-05
INFO:root:Frames: 1760000, Bad Frames: 51, FER: 2.897727e-05
INFO:root:Frames: 1770000, Bad Frames: 51, FER: 2.881356e-05
INFO:root:Frames: 1780000, Bad Frames: 51, FER: 2.865169e-05
INFO:root:Frames: 1790000, Bad Frames: 51, FER: 2.849162e-05
INFO:root:Frames: 1800000, Bad Frames: 51, FER: 2.833333e-05
INFO:root:Frames: 1810000, Bad Frames: 51, FER: 2.817680e-05
INFO:root:Frames: 1820000, Bad Frames: 53, FER: 2.912088e-05
INFO:root:Frames: 1830000, Bad Frames: 53, FER: 2.896175e-05
INFO:root:Frames: 1840000, Bad Frames: 54, FER: 2.934783e-05
INFO:root:Frames: 1850000, Bad Frames: 55, FER: 2.972973e-05
INFO:root:Frames: 1860000, Bad Frames: 55, FER: 2.956989e-05
INFO:root:Frames: 1870000, Bad Frames: 55, FER: 2.941176e-05
INFO:root:Frames: 1880000, Bad Frames: 55, FER: 2.925532e-05
INFO:root:Frames: 1890000, Bad Frames: 55, FER: 2.910053e-05
INFO:root:Frames: 1900000, Bad Frames: 55, FER: 2.894737e-05
INFO:root:Frames: 1910000, Bad Frames: 55, FER: 2.879581e-05
INFO:root:Frames: 1920000, Bad Frames: 57, FER: 2.968750e-05
INFO:root:Frames: 1930000, Bad Frames: 58, FER: 3.005181e-05
INFO:root:Frames: 1940000, Bad Frames: 58, FER: 2.989691e-05
INFO:root:Frames: 1950000, Bad Frames: 58, FER: 2.974359e-05
INFO:root:Frames: 1960000, Bad Frames: 58, FER: 2.959184e-05
INFO:root:Frames: 1970000, Bad Frames: 58, FER: 2.944163e-05
INFO:root:Frames: 1980000, Bad Frames: 58, FER: 2.929293e-05
INFO:root:Frames: 1990000, Bad Frames: 58, FER: 2.914573e-05
INFO:root:Frames: 2000000, Bad Frames: 58, FER: 2.900000e-05
INFO:root:Frames: 2010000, Bad Frames: 59, FER: 2.935323e-05
INFO:root:Frames: 2020000, Bad Frames: 59, FER: 2.920792e-05
INFO:root:Frames: 2030000, Bad Frames: 59, FER: 2.906404e-05
INFO:root:Frames: 2040000, Bad Frames: 60, FER: 2.941177e-05
INFO:root:Frames: 2050000, Bad Frames: 60, FER: 2.926829e-05
INFO:root:Frames: 2060000, Bad Frames: 60, FER: 2.912621e-05
INFO:root:Frames: 2070000, Bad Frames: 61, FER: 2.946860e-05
INFO:root:Frames: 2080000, Bad Frames: 61, FER: 2.932692e-05
INFO:root:Frames: 2090000, Bad Frames: 61, FER: 2.918660e-05
INFO:root:Frames: 2100000, Bad Frames: 61, FER: 2.904762e-05
INFO:root:Frames: 2110000, Bad Frames: 61, FER: 2.890995e-05
INFO:root:Frames: 2120000, Bad Frames: 61, FER: 2.877359e-05
INFO:root:Frames: 2130000, Bad Frames: 62, FER: 2.910798e-05
INFO:root:Frames: 2140000, Bad Frames: 62, FER: 2.897196e-05
INFO:root:Frames: 2150000, Bad Frames: 62, FER: 2.883721e-05
INFO:root:Frames: 2160000, Bad Frames: 64, FER: 2.962963e-05
INFO:root:Frames: 2170000, Bad Frames: 64, FER: 2.949309e-05
INFO:root:Frames: 2180000, Bad Frames: 65, FER: 2.981651e-05
INFO:root:Frames: 2190000, Bad Frames: 65, FER: 2.968036e-05
INFO:root:Frames: 2200000, Bad Frames: 65, FER: 2.954545e-05
INFO:root:Frames: 2210000, Bad Frames: 65, FER: 2.941176e-05
INFO:root:Frames: 2220000, Bad Frames: 66, FER: 2.972973e-05
INFO:root:Frames: 2230000, Bad Frames: 67, FER: 3.004484e-05
INFO:root:Frames: 2240000, Bad Frames: 67, FER: 2.991071e-05
INFO:root:Frames: 2250000, Bad Frames: 67, FER: 2.977778e-05
INFO:root:Frames: 2260000, Bad Frames: 67, FER: 2.964602e-05
INFO:root:Frames: 2270000, Bad Frames: 67, FER: 2.951542e-05
INFO:root:Frames: 2280000, Bad Frames: 67, FER: 2.938596e-05
INFO:root:Frames: 2290000, Bad Frames: 67, FER: 2.925764e-05
INFO:root:Frames: 2300000, Bad Frames: 67, FER: 2.913043e-05
INFO:root:Frames: 2310000, Bad Frames: 67, FER: 2.900433e-05
INFO:root:Frames: 2320000, Bad Frames: 68, FER: 2.931035e-05
INFO:root:Frames: 2330000, Bad Frames: 68, FER: 2.918455e-05
INFO:root:Frames: 2340000, Bad Frames: 68, FER: 2.905983e-05
INFO:root:Frames: 2350000, Bad Frames: 68, FER: 2.893617e-05
INFO:root:Frames: 2360000, Bad Frames: 68, FER: 2.881356e-05
INFO:root:Frames: 2370000, Bad Frames: 69, FER: 2.911392e-05
INFO:root:Frames: 2380000, Bad Frames: 69, FER: 2.899160e-05
INFO:root:Frames: 2390000, Bad Frames: 70, FER: 2.928870e-05
INFO:root:Frames: 2400000, Bad Frames: 70, FER: 2.916667e-05
INFO:root:Frames: 2410000, Bad Frames: 72, FER: 2.987552e-05
INFO:root:Frames: 2420000, Bad Frames: 72, FER: 2.975207e-05
INFO:root:Frames: 2430000, Bad Frames: 72, FER: 2.962963e-05
INFO:root:Frames: 2440000, Bad Frames: 72, FER: 2.950820e-05
INFO:root:Frames: 2450000, Bad Frames: 72, FER: 2.938775e-05
INFO:root:Frames: 2460000, Bad Frames: 72, FER: 2.926829e-05
INFO:root:Frames: 2470000, Bad Frames: 73, FER: 2.955466e-05
INFO:root:Frames: 2480000, Bad Frames: 73, FER: 2.943548e-05
INFO:root:Frames: 2490000, Bad Frames: 74, FER: 2.971888e-05
INFO:root:Frames: 2500000, Bad Frames: 74, FER: 2.960000e-05
INFO:root:Frames: 2510000, Bad Frames: 74, FER: 2.948207e-05
INFO:root:Frames: 2520000, Bad Frames: 74, FER: 2.936508e-05
INFO:root:Frames: 2530000, Bad Frames: 75, FER: 2.964427e-05
INFO:root:Frames: 2540000, Bad Frames: 75, FER: 2.952756e-05
INFO:root:Frames: 2550000, Bad Frames: 75, FER: 2.941177e-05
INFO:root:Frames: 2560000, Bad Frames: 75, FER: 2.929687e-05
INFO:root:Frames: 2570000, Bad Frames: 75, FER: 2.918288e-05
INFO:root:Frames: 2580000, Bad Frames: 76, FER: 2.945737e-05
INFO:root:Frames: 2590000, Bad Frames: 76, FER: 2.934363e-05
INFO:root:Frames: 2600000, Bad Frames: 77, FER: 2.961538e-05
INFO:root:Frames: 2610000, Bad Frames: 78, FER: 2.988506e-05
INFO:root:Frames: 2620000, Bad Frames: 79, FER: 3.015267e-05
INFO:root:Frames: 2630000, Bad Frames: 79, FER: 3.003802e-05
INFO:root:Frames: 2640000, Bad Frames: 79, FER: 2.992424e-05
INFO:root:Frames: 2650000, Bad Frames: 79, FER: 2.981132e-05
INFO:root:Frames: 2660000, Bad Frames: 79, FER: 2.969925e-05
INFO:root:Frames: 2670000, Bad Frames: 79, FER: 2.958801e-05
INFO:root:Frames: 2680000, Bad Frames: 79, FER: 2.947761e-05
INFO:root:Frames: 2690000, Bad Frames: 79, FER: 2.936803e-05
INFO:root:Frames: 2700000, Bad Frames: 79, FER: 2.925926e-05
INFO:root:Frames: 2710000, Bad Frames: 79, FER: 2.915129e-05
INFO:root:Frames: 2720000, Bad Frames: 79, FER: 2.904412e-05
INFO:root:Frames: 2730000, Bad Frames: 79, FER: 2.893773e-05
INFO:root:Frames: 2740000, Bad Frames: 80, FER: 2.919708e-05
INFO:root:Frames: 2750000, Bad Frames: 80, FER: 2.909091e-05
INFO:root:Frames: 2760000, Bad Frames: 80, FER: 2.898551e-05
INFO:root:Frames: 2770000, Bad Frames: 80, FER: 2.888087e-05
INFO:root:Frames: 2780000, Bad Frames: 80, FER: 2.877698e-05
INFO:root:Frames: 2790000, Bad Frames: 82, FER: 2.939068e-05
INFO:root:Frames: 2800000, Bad Frames: 82, FER: 2.928571e-05
INFO:root:Frames: 2810000, Bad Frames: 82, FER: 2.918150e-05
INFO:root:Frames: 2820000, Bad Frames: 82, FER: 2.907802e-05
INFO:root:Frames: 2830000, Bad Frames: 82, FER: 2.897526e-05
INFO:root:Frames: 2840000, Bad Frames: 83, FER: 2.922535e-05
INFO:root:Frames: 2850000, Bad Frames: 83, FER: 2.912281e-05
INFO:root:Frames: 2860000, Bad Frames: 84, FER: 2.937063e-05
INFO:root:Frames: 2870000, Bad Frames: 84, FER: 2.926829e-05
INFO:root:Frames: 2880000, Bad Frames: 85, FER: 2.951389e-05
INFO:root:Frames: 2890000, Bad Frames: 85, FER: 2.941176e-05
INFO:root:Frames: 2900000, Bad Frames: 85, FER: 2.931034e-05
INFO:root:Frames: 2910000, Bad Frames: 87, FER: 2.989691e-05
INFO:root:Frames: 2920000, Bad Frames: 87, FER: 2.979452e-05
INFO:root:Frames: 2930000, Bad Frames: 87, FER: 2.969283e-05
INFO:root:Frames: 2940000, Bad Frames: 87, FER: 2.959184e-05
INFO:root:Frames: 2950000, Bad Frames: 87, FER: 2.949153e-05
INFO:root:Frames: 2960000, Bad Frames: 87, FER: 2.939189e-05
INFO:root:Frames: 2970000, Bad Frames: 89, FER: 2.996633e-05
INFO:root:Frames: 2980000, Bad Frames: 89, FER: 2.986577e-05
INFO:root:Frames: 2990000, Bad Frames: 89, FER: 2.976589e-05
INFO:root:Frames: 3000000, Bad Frames: 90, FER: 3.000000e-05
INFO:root:Frames: 3010000, Bad Frames: 90, FER: 2.990033e-05
INFO:root:Frames: 3020000, Bad Frames: 90, FER: 2.980132e-05
INFO:root:Frames: 3030000, Bad Frames: 90, FER: 2.970297e-05
INFO:root:Frames: 3040000, Bad Frames: 90, FER: 2.960526e-05
INFO:root:Frames: 3050000, Bad Frames: 91, FER: 2.983607e-05
INFO:root:Frames: 3060000, Bad Frames: 91, FER: 2.973856e-05
INFO:root:Frames: 3070000, Bad Frames: 92, FER: 2.996743e-05
INFO:root:Frames: 3080000, Bad Frames: 92, FER: 2.987013e-05
INFO:root:Frames: 3090000, Bad Frames: 93, FER: 3.009709e-05
INFO:root:Frames: 3100000, Bad Frames: 93, FER: 3.000000e-05
INFO:root:Frames: 3110000, Bad Frames: 93, FER: 2.990354e-05
INFO:root:Frames: 3120000, Bad Frames: 94, FER: 3.012820e-05
INFO:root:Frames: 3130000, Bad Frames: 94, FER: 3.003195e-05
INFO:root:Frames: 3140000, Bad Frames: 94, FER: 2.993631e-05
INFO:root:Frames: 3150000, Bad Frames: 94, FER: 2.984127e-05
INFO:root:Frames: 3160000, Bad Frames: 94, FER: 2.974684e-05
INFO:root:Frames: 3170000, Bad Frames: 94, FER: 2.965300e-05
INFO:root:Frames: 3180000, Bad Frames: 94, FER: 2.955975e-05
INFO:root:Frames: 3190000, Bad Frames: 94, FER: 2.946709e-05
INFO:root:Frames: 3200000, Bad Frames: 94, FER: 2.937500e-05
INFO:root:Frames: 3210000, Bad Frames: 94, FER: 2.928349e-05
INFO:root:Frames: 3220000, Bad Frames: 94, FER: 2.919255e-05
INFO:root:Frames: 3230000, Bad Frames: 94, FER: 2.910217e-05
INFO:root:Frames: 3240000, Bad Frames: 94, FER: 2.901235e-05
INFO:root:Frames: 3250000, Bad Frames: 94, FER: 2.892308e-05
INFO:root:Frames: 3260000, Bad Frames: 94, FER: 2.883435e-05
INFO:root:Frames: 3270000, Bad Frames: 94, FER: 2.874618e-05
INFO:root:Frames: 3280000, Bad Frames: 95, FER: 2.896342e-05
INFO:root:Frames: 3290000, Bad Frames: 95, FER: 2.887538e-05
INFO:root:Frames: 3300000, Bad Frames: 95, FER: 2.878788e-05
INFO:root:Frames: 3310000, Bad Frames: 95, FER: 2.870091e-05
INFO:root:Frames: 3320000, Bad Frames: 95, FER: 2.861446e-05
INFO:root:Frames: 3330000, Bad Frames: 95, FER: 2.852853e-05
INFO:root:Frames: 3340000, Bad Frames: 95, FER: 2.844311e-05
INFO:root:Frames: 3350000, Bad Frames: 96, FER: 2.865672e-05
INFO:root:Frames: 3360000, Bad Frames: 96, FER: 2.857143e-05
INFO:root:Frames: 3370000, Bad Frames: 96, FER: 2.848665e-05
INFO:root:Frames: 3380000, Bad Frames: 96, FER: 2.840237e-05
INFO:root:Frames: 3390000, Bad Frames: 96, FER: 2.831858e-05
INFO:root:Frames: 3400000, Bad Frames: 96, FER: 2.823530e-05
INFO:root:Frames: 3410000, Bad Frames: 97, FER: 2.844575e-05
INFO:root:Frames: 3420000, Bad Frames: 97, FER: 2.836257e-05
INFO:root:Frames: 3430000, Bad Frames: 97, FER: 2.827988e-05
INFO:root:Frames: 3440000, Bad Frames: 98, FER: 2.848837e-05
INFO:root:Frames: 3450000, Bad Frames: 98, FER: 2.840580e-05
INFO:root:Frames: 3460000, Bad Frames: 99, FER: 2.861272e-05
INFO:root:Frames: 3470000, Bad Frames: 99, FER: 2.853026e-05
CRITICAL:root:Frames: 3472000, Bad Frames: 100, FER: 2.880184e-05 at 5(dB)
