INFO:root:Code: QR.47.24
INFO:root:mRRD Size 32, 10
INFO:root:Using weight: QR.47.24.Train.2022-08-24_11.57.35.log.pth
WARNING:root:Start to test at SNR = 0
CRITICAL:root:Frames: 2000, Bad Frames: 880, FER: 4.400000e-01 at 0(dB)
WARNING:root:Start to test at SNR = 1
CRITICAL:root:Frames: 2000, Bad Frames: 419, FER: 2.095000e-01 at 1(dB)
WARNING:root:Start to test at SNR = 2
CRITICAL:root:Frames: 2000, Bad Frames: 142, FER: 7.100000e-02 at 2(dB)
WARNING:root:Start to test at SNR = 3
INFO:root:Frames: 10000, Bad Frames: 105, FER: 1.050000e-02
CRITICAL:root:Frames: 10000, Bad Frames: 105, FER: 1.050000e-02 at 3(dB)
WARNING:root:Start to test at SNR = 4
INFO:root:Frames: 10000, Bad Frames: 10, FER: 9.999999e-04
INFO:root:Frames: 20000, Bad Frames: 19, FER: 9.500000e-04
INFO:root:Frames: 30000, Bad Frames: 26, FER: 8.666667e-04
INFO:root:Frames: 40000, Bad Frames: 35, FER: 8.750000e-04
INFO:root:Frames: 50000, Bad Frames: 42, FER: 8.400000e-04
INFO:root:Frames: 60000, Bad Frames: 48, FER: 8.000000e-04
INFO:root:Frames: 70000, Bad Frames: 55, FER: 7.857143e-04
INFO:root:Frames: 80000, Bad Frames: 65, FER: 8.125000e-04
INFO:root:Frames: 90000, Bad Frames: 76, FER: 8.444444e-04
INFO:root:Frames: 100000, Bad Frames: 84, FER: 8.400000e-04
INFO:root:Frames: 110000, Bad Frames: 92, FER: 8.363636e-04
INFO:root:Frames: 120000, Bad Frames: 100, FER: 8.333334e-04
CRITICAL:root:Frames: 120000, Bad Frames: 100, FER: 8.333334e-04 at 4(dB)
WARNING:root:Start to test at SNR = 5
INFO:root:Frames: 10000, Bad Frames: 0, FER: 0.000000e+00
INFO:root:Frames: 20000, Bad Frames: 0, FER: 0.000000e+00
INFO:root:Frames: 30000, Bad Frames: 0, FER: 0.000000e+00
INFO:root:Frames: 40000, Bad Frames: 0, FER: 0.000000e+00
INFO:root:Frames: 50000, Bad Frames: 2, FER: 4.000000e-05
INFO:root:Frames: 60000, Bad Frames: 2, FER: 3.333333e-05
INFO:root:Frames: 70000, Bad Frames: 2, FER: 2.857143e-05
INFO:root:Frames: 80000, Bad Frames: 2, FER: 2.500000e-05
INFO:root:Frames: 90000, Bad Frames: 2, FER: 2.222222e-05
INFO:root:Frames: 100000, Bad Frames: 3, FER: 3.000000e-05
INFO:root:Frames: 110000, Bad Frames: 3, FER: 2.727273e-05
INFO:root:Frames: 120000, Bad Frames: 3, FER: 2.500000e-05
INFO:root:Frames: 130000, Bad Frames: 3, FER: 2.307692e-05
INFO:root:Frames: 140000, Bad Frames: 3, FER: 2.142857e-05
INFO:root:Frames: 150000, Bad Frames: 3, FER: 2.000000e-05
INFO:root:Frames: 160000, Bad Frames: 3, FER: 1.875000e-05
INFO:root:Frames: 170000, Bad Frames: 3, FER: 1.764706e-05
INFO:root:Frames: 180000, Bad Frames: 3, FER: 1.666667e-05
INFO:root:Frames: 190000, Bad Frames: 3, FER: 1.578947e-05
INFO:root:Frames: 200000, Bad Frames: 4, FER: 2.000000e-05
INFO:root:Frames: 210000, Bad Frames: 4, FER: 1.904762e-05
INFO:root:Frames: 220000, Bad Frames: 4, FER: 1.818182e-05
INFO:root:Frames: 230000, Bad Frames: 5, FER: 2.173913e-05
INFO:root:Frames: 240000, Bad Frames: 5, FER: 2.083333e-05
INFO:root:Frames: 250000, Bad Frames: 5, FER: 2.000000e-05
INFO:root:Frames: 260000, Bad Frames: 6, FER: 2.307692e-05
INFO:root:Frames: 270000, Bad Frames: 6, FER: 2.222222e-05
INFO:root:Frames: 280000, Bad Frames: 6, FER: 2.142857e-05
INFO:root:Frames: 290000, Bad Frames: 7, FER: 2.413793e-05
INFO:root:Frames: 300000, Bad Frames: 7, FER: 2.333333e-05
INFO:root:Frames: 310000, Bad Frames: 7, FER: 2.258065e-05
INFO:root:Frames: 320000, Bad Frames: 7, FER: 2.187500e-05
INFO:root:Frames: 330000, Bad Frames: 8, FER: 2.424242e-05
INFO:root:Frames: 340000, Bad Frames: 8, FER: 2.352941e-05
INFO:root:Frames: 350000, Bad Frames: 8, FER: 2.285714e-05
INFO:root:Frames: 360000, Bad Frames: 8, FER: 2.222222e-05
INFO:root:Frames: 370000, Bad Frames: 8, FER: 2.162162e-05
INFO:root:Frames: 380000, Bad Frames: 9, FER: 2.368421e-05
INFO:root:Frames: 390000, Bad Frames: 9, FER: 2.307692e-05
INFO:root:Frames: 400000, Bad Frames: 9, FER: 2.250000e-05
INFO:root:Frames: 410000, Bad Frames: 9, FER: 2.195122e-05
INFO:root:Frames: 420000, Bad Frames: 9, FER: 2.142857e-05
INFO:root:Frames: 430000, Bad Frames: 9, FER: 2.093023e-05
INFO:root:Frames: 440000, Bad Frames: 9, FER: 2.045454e-05
INFO:root:Frames: 450000, Bad Frames: 9, FER: 2.000000e-05
INFO:root:Frames: 460000, Bad Frames: 9, FER: 1.956522e-05
INFO:root:Frames: 470000, Bad Frames: 9, FER: 1.914894e-05
INFO:root:Frames: 480000, Bad Frames: 9, FER: 1.875000e-05
INFO:root:Frames: 490000, Bad Frames: 9, FER: 1.836735e-05
INFO:root:Frames: 500000, Bad Frames: 10, FER: 2.000000e-05
INFO:root:Frames: 510000, Bad Frames: 10, FER: 1.960784e-05
INFO:root:Frames: 520000, Bad Frames: 10, FER: 1.923077e-05
INFO:root:Frames: 530000, Bad Frames: 10, FER: 1.886792e-05
INFO:root:Frames: 540000, Bad Frames: 10, FER: 1.851852e-05
INFO:root:Frames: 550000, Bad Frames: 12, FER: 2.181818e-05
INFO:root:Frames: 560000, Bad Frames: 12, FER: 2.142857e-05
INFO:root:Frames: 570000, Bad Frames: 12, FER: 2.105263e-05
INFO:root:Frames: 580000, Bad Frames: 12, FER: 2.068965e-05
INFO:root:Frames: 590000, Bad Frames: 12, FER: 2.033898e-05
INFO:root:Frames: 600000, Bad Frames: 12, FER: 2.000000e-05
INFO:root:Frames: 610000, Bad Frames: 12, FER: 1.967213e-05
INFO:root:Frames: 620000, Bad Frames: 14, FER: 2.258065e-05
INFO:root:Frames: 630000, Bad Frames: 14, FER: 2.222222e-05
INFO:root:Frames: 640000, Bad Frames: 14, FER: 2.187500e-05
INFO:root:Frames: 650000, Bad Frames: 14, FER: 2.153846e-05
INFO:root:Frames: 660000, Bad Frames: 14, FER: 2.121212e-05
INFO:root:Frames: 670000, Bad Frames: 14, FER: 2.089552e-05
INFO:root:Frames: 680000, Bad Frames: 15, FER: 2.205882e-05
INFO:root:Frames: 690000, Bad Frames: 15, FER: 2.173913e-05
INFO:root:Frames: 700000, Bad Frames: 15, FER: 2.142857e-05
INFO:root:Frames: 710000, Bad Frames: 16, FER: 2.253521e-05
INFO:root:Frames: 720000, Bad Frames: 16, FER: 2.222222e-05
INFO:root:Frames: 730000, Bad Frames: 17, FER: 2.328767e-05
INFO:root:Frames: 740000, Bad Frames: 17, FER: 2.297297e-05
INFO:root:Frames: 750000, Bad Frames: 17, FER: 2.266667e-05
INFO:root:Frames: 760000, Bad Frames: 17, FER: 2.236842e-05
INFO:root:Frames: 770000, Bad Frames: 18, FER: 2.337662e-05
INFO:root:Frames: 780000, Bad Frames: 19, FER: 2.435897e-05
INFO:root:Frames: 790000, Bad Frames: 19, FER: 2.405063e-05
INFO:root:Frames: 800000, Bad Frames: 19, FER: 2.375000e-05
INFO:root:Frames: 810000, Bad Frames: 19, FER: 2.345679e-05
INFO:root:Frames: 820000, Bad Frames: 20, FER: 2.439025e-05
INFO:root:Frames: 830000, Bad Frames: 20, FER: 2.409639e-05
INFO:root:Frames: 840000, Bad Frames: 21, FER: 2.500000e-05
INFO:root:Frames: 850000, Bad Frames: 21, FER: 2.470588e-05
INFO:root:Frames: 860000, Bad Frames: 21, FER: 2.441860e-05
INFO:root:Frames: 870000, Bad Frames: 21, FER: 2.413793e-05
INFO:root:Frames: 880000, Bad Frames: 21, FER: 2.386363e-05
INFO:root:Frames: 890000, Bad Frames: 21, FER: 2.359551e-05
INFO:root:Frames: 900000, Bad Frames: 22, FER: 2.444445e-05
INFO:root:Frames: 910000, Bad Frames: 22, FER: 2.417582e-05
INFO:root:Frames: 920000, Bad Frames: 22, FER: 2.391304e-05
INFO:root:Frames: 930000, Bad Frames: 22, FER: 2.365592e-05
INFO:root:Frames: 940000, Bad Frames: 22, FER: 2.340426e-05
INFO:root:Frames: 950000, Bad Frames: 22, FER: 2.315789e-05
INFO:root:Frames: 960000, Bad Frames: 23, FER: 2.395833e-05
INFO:root:Frames: 970000, Bad Frames: 23, FER: 2.371134e-05
INFO:root:Frames: 980000, Bad Frames: 24, FER: 2.448980e-05
INFO:root:Frames: 990000, Bad Frames: 24, FER: 2.424242e-05
INFO:root:Frames: 1000000, Bad Frames: 26, FER: 2.600000e-05
INFO:root:Frames: 1010000, Bad Frames: 27, FER: 2.673267e-05
INFO:root:Frames: 1020000, Bad Frames: 28, FER: 2.745098e-05
INFO:root:Frames: 1030000, Bad Frames: 28, FER: 2.718447e-05
INFO:root:Frames: 1040000, Bad Frames: 28, FER: 2.692308e-05
INFO:root:Frames: 1050000, Bad Frames: 28, FER: 2.666667e-05
INFO:root:Frames: 1060000, Bad Frames: 29, FER: 2.735849e-05
INFO:root:Frames: 1070000, Bad Frames: 29, FER: 2.710280e-05
INFO:root:Frames: 1080000, Bad Frames: 29, FER: 2.685185e-05
INFO:root:Frames: 1090000, Bad Frames: 29, FER: 2.660550e-05
INFO:root:Frames: 1100000, Bad Frames: 29, FER: 2.636364e-05
INFO:root:Frames: 1110000, Bad Frames: 30, FER: 2.702703e-05
INFO:root:Frames: 1120000, Bad Frames: 30, FER: 2.678571e-05
INFO:root:Frames: 1130000, Bad Frames: 30, FER: 2.654867e-05
INFO:root:Frames: 1140000, Bad Frames: 30, FER: 2.631579e-05
INFO:root:Frames: 1150000, Bad Frames: 30, FER: 2.608696e-05
INFO:root:Frames: 1160000, Bad Frames: 30, FER: 2.586207e-05
INFO:root:Frames: 1170000, Bad Frames: 30, FER: 2.564102e-05
INFO:root:Frames: 1180000, Bad Frames: 30, FER: 2.542373e-05
INFO:root:Frames: 1190000, Bad Frames: 30, FER: 2.521009e-05
INFO:root:Frames: 1200000, Bad Frames: 30, FER: 2.500000e-05
INFO:root:Frames: 1210000, Bad Frames: 30, FER: 2.479339e-05
INFO:root:Frames: 1220000, Bad Frames: 30, FER: 2.459016e-05
INFO:root:Frames: 1230000, Bad Frames: 30, FER: 2.439024e-05
INFO:root:Frames: 1240000, Bad Frames: 30, FER: 2.419355e-05
INFO:root:Frames: 1250000, Bad Frames: 30, FER: 2.400000e-05
INFO:root:Frames: 1260000, Bad Frames: 30, FER: 2.380952e-05
INFO:root:Frames: 1270000, Bad Frames: 30, FER: 2.362205e-05
INFO:root:Frames: 1280000, Bad Frames: 31, FER: 2.421875e-05
INFO:root:Frames: 1290000, Bad Frames: 31, FER: 2.403101e-05
INFO:root:Frames: 1300000, Bad Frames: 31, FER: 2.384615e-05
INFO:root:Frames: 1310000, Bad Frames: 31, FER: 2.366412e-05
INFO:root:Frames: 1320000, Bad Frames: 31, FER: 2.348485e-05
INFO:root:Frames: 1330000, Bad Frames: 32, FER: 2.406015e-05
INFO:root:Frames: 1340000, Bad Frames: 33, FER: 2.462687e-05
INFO:root:Frames: 1350000, Bad Frames: 34, FER: 2.518519e-05
INFO:root:Frames: 1360000, Bad Frames: 34, FER: 2.500000e-05
INFO:root:Frames: 1370000, Bad Frames: 35, FER: 2.554745e-05
INFO:root:Frames: 1380000, Bad Frames: 35, FER: 2.536232e-05
INFO:root:Frames: 1390000, Bad Frames: 35, FER: 2.517986e-05
INFO:root:Frames: 1400000, Bad Frames: 35, FER: 2.500000e-05
INFO:root:Frames: 1410000, Bad Frames: 35, FER: 2.482270e-05
INFO:root:Frames: 1420000, Bad Frames: 35, FER: 2.464789e-05
INFO:root:Frames: 1430000, Bad Frames: 35, FER: 2.447552e-05
INFO:root:Frames: 1440000, Bad Frames: 35, FER: 2.430556e-05
INFO:root:Frames: 1450000, Bad Frames: 35, FER: 2.413793e-05
INFO:root:Frames: 1460000, Bad Frames: 35, FER: 2.397260e-05
INFO:root:Frames: 1470000, Bad Frames: 36, FER: 2.448979e-05
INFO:root:Frames: 1480000, Bad Frames: 37, FER: 2.500000e-05
INFO:root:Frames: 1490000, Bad Frames: 37, FER: 2.483221e-05
INFO:root:Frames: 1500000, Bad Frames: 37, FER: 2.466667e-05
INFO:root:Frames: 1510000, Bad Frames: 37, FER: 2.450331e-05
INFO:root:Frames: 1520000, Bad Frames: 38, FER: 2.500000e-05
INFO:root:Frames: 1530000, Bad Frames: 38, FER: 2.483660e-05
INFO:root:Frames: 1540000, Bad Frames: 38, FER: 2.467532e-05
INFO:root:Frames: 1550000, Bad Frames: 38, FER: 2.451613e-05
INFO:root:Frames: 1560000, Bad Frames: 38, FER: 2.435897e-05
INFO:root:Frames: 1570000, Bad Frames: 38, FER: 2.420382e-05
INFO:root:Frames: 1580000, Bad Frames: 39, FER: 2.468354e-05
INFO:root:Frames: 1590000, Bad Frames: 39, FER: 2.452830e-05
INFO:root:Frames: 1600000, Bad Frames: 39, FER: 2.437500e-05
INFO:root:Frames: 1610000, Bad Frames: 39, FER: 2.422360e-05
INFO:root:Frames: 1620000, Bad Frames: 39, FER: 2.407407e-05
INFO:root:Frames: 1630000, Bad Frames: 39, FER: 2.392638e-05
INFO:root:Frames: 1640000, Bad Frames: 39, FER: 2.378049e-05
INFO:root:Frames: 1650000, Bad Frames: 39, FER: 2.363636e-05
INFO:root:Frames: 1660000, Bad Frames: 40, FER: 2.409639e-05
INFO:root:Frames: 1670000, Bad Frames: 40, FER: 2.395210e-05
INFO:root:Frames: 1680000, Bad Frames: 40, FER: 2.380952e-05
INFO:root:Frames: 1690000, Bad Frames: 40, FER: 2.366864e-05
INFO:root:Frames: 1700000, Bad Frames: 40, FER: 2.352941e-05
INFO:root:Frames: 1710000, Bad Frames: 40, FER: 2.339181e-05
INFO:root:Frames: 1720000, Bad Frames: 40, FER: 2.325581e-05
INFO:root:Frames: 1730000, Bad Frames: 40, FER: 2.312139e-05
INFO:root:Frames: 1740000, Bad Frames: 40, FER: 2.298851e-05
INFO:root:Frames: 1750000, Bad Frames: 40, FER: 2.285714e-05
INFO:root:Frames: 1760000, Bad Frames: 40, FER: 2.272727e-05
INFO:root:Frames: 1770000, Bad Frames: 40, FER: 2.259887e-05
INFO:root:Frames: 1780000, Bad Frames: 40, FER: 2.247191e-05
INFO:root:Frames: 1790000, Bad Frames: 40, FER: 2.234637e-05
INFO:root:Frames: 1800000, Bad Frames: 40, FER: 2.222222e-05
INFO:root:Frames: 1810000, Bad Frames: 40, FER: 2.209945e-05
INFO:root:Frames: 1820000, Bad Frames: 41, FER: 2.252747e-05
INFO:root:Frames: 1830000, Bad Frames: 41, FER: 2.240437e-05
INFO:root:Frames: 1840000, Bad Frames: 41, FER: 2.228261e-05
INFO:root:Frames: 1850000, Bad Frames: 41, FER: 2.216216e-05
INFO:root:Frames: 1860000, Bad Frames: 42, FER: 2.258065e-05
INFO:root:Frames: 1870000, Bad Frames: 42, FER: 2.245989e-05
INFO:root:Frames: 1880000, Bad Frames: 42, FER: 2.234043e-05
INFO:root:Frames: 1890000, Bad Frames: 42, FER: 2.222222e-05
INFO:root:Frames: 1900000, Bad Frames: 42, FER: 2.210526e-05
INFO:root:Frames: 1910000, Bad Frames: 42, FER: 2.198953e-05
INFO:root:Frames: 1920000, Bad Frames: 42, FER: 2.187500e-05
INFO:root:Frames: 1930000, Bad Frames: 42, FER: 2.176166e-05
INFO:root:Frames: 1940000, Bad Frames: 43, FER: 2.216495e-05
INFO:root:Frames: 1950000, Bad Frames: 43, FER: 2.205128e-05
INFO:root:Frames: 1960000, Bad Frames: 43, FER: 2.193877e-05
INFO:root:Frames: 1970000, Bad Frames: 44, FER: 2.233503e-05
INFO:root:Frames: 1980000, Bad Frames: 44, FER: 2.222222e-05
INFO:root:Frames: 1990000, Bad Frames: 45, FER: 2.261306e-05
INFO:root:Frames: 2000000, Bad Frames: 45, FER: 2.250000e-05
INFO:root:Frames: 2010000, Bad Frames: 46, FER: 2.288557e-05
INFO:root:Frames: 2020000, Bad Frames: 46, FER: 2.277228e-05
INFO:root:Frames: 2030000, Bad Frames: 46, FER: 2.266010e-05
INFO:root:Frames: 2040000, Bad Frames: 46, FER: 2.254902e-05
INFO:root:Frames: 2050000, Bad Frames: 46, FER: 2.243902e-05
INFO:root:Frames: 2060000, Bad Frames: 46, FER: 2.233010e-05
INFO:root:Frames: 2070000, Bad Frames: 46, FER: 2.222222e-05
INFO:root:Frames: 2080000, Bad Frames: 46, FER: 2.211539e-05
INFO:root:Frames: 2090000, Bad Frames: 46, FER: 2.200957e-05
INFO:root:Frames: 2100000, Bad Frames: 46, FER: 2.190476e-05
INFO:root:Frames: 2110000, Bad Frames: 46, FER: 2.180095e-05
INFO:root:Frames: 2120000, Bad Frames: 46, FER: 2.169811e-05
INFO:root:Frames: 2130000, Bad Frames: 47, FER: 2.206573e-05
INFO:root:Frames: 2140000, Bad Frames: 48, FER: 2.242991e-05
INFO:root:Frames: 2150000, Bad Frames: 48, FER: 2.232558e-05
INFO:root:Frames: 2160000, Bad Frames: 49, FER: 2.268518e-05
INFO:root:Frames: 2170000, Bad Frames: 49, FER: 2.258065e-05
INFO:root:Frames: 2180000, Bad Frames: 49, FER: 2.247706e-05
INFO:root:Frames: 2190000, Bad Frames: 50, FER: 2.283105e-05
INFO:root:Frames: 2200000, Bad Frames: 50, FER: 2.272727e-05
INFO:root:Frames: 2210000, Bad Frames: 50, FER: 2.262443e-05
INFO:root:Frames: 2220000, Bad Frames: 51, FER: 2.297297e-05
INFO:root:Frames: 2230000, Bad Frames: 51, FER: 2.286996e-05
INFO:root:Frames: 2240000, Bad Frames: 51, FER: 2.276786e-05
INFO:root:Frames: 2250000, Bad Frames: 51, FER: 2.266667e-05
INFO:root:Frames: 2260000, Bad Frames: 52, FER: 2.300885e-05
INFO:root:Frames: 2270000, Bad Frames: 52, FER: 2.290749e-05
INFO:root:Frames: 2280000, Bad Frames: 52, FER: 2.280702e-05
INFO:root:Frames: 2290000, Bad Frames: 52, FER: 2.270742e-05
INFO:root:Frames: 2300000, Bad Frames: 52, FER: 2.260870e-05
INFO:root:Frames: 2310000, Bad Frames: 52, FER: 2.251082e-05
INFO:root:Frames: 2320000, Bad Frames: 52, FER: 2.241379e-05
INFO:root:Frames: 2330000, Bad Frames: 52, FER: 2.231760e-05
INFO:root:Frames: 2340000, Bad Frames: 52, FER: 2.222222e-05
INFO:root:Frames: 2350000, Bad Frames: 52, FER: 2.212766e-05
INFO:root:Frames: 2360000, Bad Frames: 53, FER: 2.245763e-05
INFO:root:Frames: 2370000, Bad Frames: 53, FER: 2.236287e-05
INFO:root:Frames: 2380000, Bad Frames: 53, FER: 2.226891e-05
INFO:root:Frames: 2390000, Bad Frames: 54, FER: 2.259414e-05
INFO:root:Frames: 2400000, Bad Frames: 55, FER: 2.291667e-05
INFO:root:Frames: 2410000, Bad Frames: 55, FER: 2.282158e-05
INFO:root:Frames: 2420000, Bad Frames: 55, FER: 2.272727e-05
INFO:root:Frames: 2430000, Bad Frames: 55, FER: 2.263374e-05
INFO:root:Frames: 2440000, Bad Frames: 55, FER: 2.254098e-05
INFO:root:Frames: 2450000, Bad Frames: 55, FER: 2.244898e-05
INFO:root:Frames: 2460000, Bad Frames: 55, FER: 2.235772e-05
INFO:root:Frames: 2470000, Bad Frames: 55, FER: 2.226721e-05
INFO:root:Frames: 2480000, Bad Frames: 56, FER: 2.258065e-05
INFO:root:Frames: 2490000, Bad Frames: 57, FER: 2.289157e-05
INFO:root:Frames: 2500000, Bad Frames: 57, FER: 2.280000e-05
INFO:root:Frames: 2510000, Bad Frames: 57, FER: 2.270916e-05
INFO:root:Frames: 2520000, Bad Frames: 57, FER: 2.261905e-05
INFO:root:Frames: 2530000, Bad Frames: 57, FER: 2.252964e-05
INFO:root:Frames: 2540000, Bad Frames: 57, FER: 2.244095e-05
INFO:root:Frames: 2550000, Bad Frames: 57, FER: 2.235294e-05
INFO:root:Frames: 2560000, Bad Frames: 57, FER: 2.226562e-05
INFO:root:Frames: 2570000, Bad Frames: 58, FER: 2.256809e-05
INFO:root:Frames: 2580000, Bad Frames: 59, FER: 2.286822e-05
INFO:root:Frames: 2590000, Bad Frames: 59, FER: 2.277992e-05
INFO:root:Frames: 2600000, Bad Frames: 60, FER: 2.307692e-05
INFO:root:Frames: 2610000, Bad Frames: 60, FER: 2.298850e-05
INFO:root:Frames: 2620000, Bad Frames: 61, FER: 2.328244e-05
INFO:root:Frames: 2630000, Bad Frames: 61, FER: 2.319392e-05
INFO:root:Frames: 2640000, Bad Frames: 62, FER: 2.348485e-05
INFO:root:Frames: 2650000, Bad Frames: 62, FER: 2.339623e-05
INFO:root:Frames: 2660000, Bad Frames: 62, FER: 2.330827e-05
INFO:root:Frames: 2670000, Bad Frames: 62, FER: 2.322097e-05
INFO:root:Frames: 2680000, Bad Frames: 62, FER: 2.313433e-05
INFO:root:Frames: 2690000, Bad Frames: 62, FER: 2.304833e-05
INFO:root:Frames: 2700000, Bad Frames: 62, FER: 2.296296e-05
INFO:root:Frames: 2710000, Bad Frames: 62, FER: 2.287823e-05
INFO:root:Frames: 2720000, Bad Frames: 62, FER: 2.279412e-05
INFO:root:Frames: 2730000, Bad Frames: 62, FER: 2.271062e-05
INFO:root:Frames: 2740000, Bad Frames: 63, FER: 2.299270e-05
INFO:root:Frames: 2750000, Bad Frames: 63, FER: 2.290909e-05
INFO:root:Frames: 2760000, Bad Frames: 63, FER: 2.282609e-05
INFO:root:Frames: 2770000, Bad Frames: 63, FER: 2.274368e-05
INFO:root:Frames: 2780000, Bad Frames: 63, FER: 2.266187e-05
INFO:root:Frames: 2790000, Bad Frames: 65, FER: 2.329749e-05
INFO:root:Frames: 2800000, Bad Frames: 66, FER: 2.357143e-05
INFO:root:Frames: 2810000, Bad Frames: 66, FER: 2.348754e-05
INFO:root:Frames: 2820000, Bad Frames: 66, FER: 2.340426e-05
INFO:root:Frames: 2830000, Bad Frames: 66, FER: 2.332155e-05
INFO:root:Frames: 2840000, Bad Frames: 66, FER: 2.323944e-05
INFO:root:Frames: 2850000, Bad Frames: 66, FER: 2.315790e-05
INFO:root:Frames: 2860000, Bad Frames: 68, FER: 2.377622e-05
INFO:root:Frames: 2870000, Bad Frames: 68, FER: 2.369338e-05
INFO:root:Frames: 2880000, Bad Frames: 69, FER: 2.395833e-05
INFO:root:Frames: 2890000, Bad Frames: 70, FER: 2.422145e-05
INFO:root:Frames: 2900000, Bad Frames: 70, FER: 2.413793e-05
INFO:root:Frames: 2910000, Bad Frames: 71, FER: 2.439863e-05
INFO:root:Frames: 2920000, Bad Frames: 73, FER: 2.500000e-05
INFO:root:Frames: 2930000, Bad Frames: 73, FER: 2.491468e-05
INFO:root:Frames: 2940000, Bad Frames: 73, FER: 2.482993e-05
INFO:root:Frames: 2950000, Bad Frames: 73, FER: 2.474576e-05
INFO:root:Frames: 2960000, Bad Frames: 73, FER: 2.466216e-05
INFO:root:Frames: 2970000, Bad Frames: 73, FER: 2.457913e-05
INFO:root:Frames: 2980000, Bad Frames: 73, FER: 2.449664e-05
INFO:root:Frames: 2990000, Bad Frames: 73, FER: 2.441472e-05
INFO:root:Frames: 3000000, Bad Frames: 74, FER: 2.466667e-05
INFO:root:Frames: 3010000, Bad Frames: 74, FER: 2.458472e-05
INFO:root:Frames: 3020000, Bad Frames: 74, FER: 2.450331e-05
INFO:root:Frames: 3030000, Bad Frames: 74, FER: 2.442244e-05
INFO:root:Frames: 3040000, Bad Frames: 74, FER: 2.434211e-05
INFO:root:Frames: 3050000, Bad Frames: 75, FER: 2.459016e-05
INFO:root:Frames: 3060000, Bad Frames: 75, FER: 2.450980e-05
INFO:root:Frames: 3070000, Bad Frames: 76, FER: 2.475570e-05
INFO:root:Frames: 3080000, Bad Frames: 76, FER: 2.467532e-05
INFO:root:Frames: 3090000, Bad Frames: 76, FER: 2.459547e-05
INFO:root:Frames: 3100000, Bad Frames: 76, FER: 2.451613e-05
INFO:root:Frames: 3110000, Bad Frames: 76, FER: 2.443730e-05
INFO:root:Frames: 3120000, Bad Frames: 76, FER: 2.435897e-05
INFO:root:Frames: 3130000, Bad Frames: 77, FER: 2.460064e-05
INFO:root:Frames: 3140000, Bad Frames: 77, FER: 2.452229e-05
INFO:root:Frames: 3150000, Bad Frames: 77, FER: 2.444445e-05
INFO:root:Frames: 3160000, Bad Frames: 78, FER: 2.468354e-05
INFO:root:Frames: 3170000, Bad Frames: 78, FER: 2.460568e-05
INFO:root:Frames: 3180000, Bad Frames: 78, FER: 2.452830e-05
INFO:root:Frames: 3190000, Bad Frames: 78, FER: 2.445141e-05
INFO:root:Frames: 3200000, Bad Frames: 78, FER: 2.437500e-05
INFO:root:Frames: 3210000, Bad Frames: 78, FER: 2.429907e-05
INFO:root:Frames: 3220000, Bad Frames: 78, FER: 2.422360e-05
INFO:root:Frames: 3230000, Bad Frames: 78, FER: 2.414861e-05
INFO:root:Frames: 3240000, Bad Frames: 78, FER: 2.407407e-05
INFO:root:Frames: 3250000, Bad Frames: 78, FER: 2.400000e-05
INFO:root:Frames: 3260000, Bad Frames: 78, FER: 2.392638e-05
INFO:root:Frames: 3270000, Bad Frames: 78, FER: 2.385321e-05
INFO:root:Frames: 3280000, Bad Frames: 78, FER: 2.378049e-05
INFO:root:Frames: 3290000, Bad Frames: 79, FER: 2.401216e-05
INFO:root:Frames: 3300000, Bad Frames: 79, FER: 2.393939e-05
INFO:root:Frames: 3310000, Bad Frames: 79, FER: 2.386707e-05
INFO:root:Frames: 3320000, Bad Frames: 79, FER: 2.379518e-05
INFO:root:Frames: 3330000, Bad Frames: 79, FER: 2.372373e-05
INFO:root:Frames: 3340000, Bad Frames: 80, FER: 2.395210e-05
INFO:root:Frames: 3350000, Bad Frames: 80, FER: 2.388060e-05
INFO:root:Frames: 3360000, Bad Frames: 80, FER: 2.380952e-05
INFO:root:Frames: 3370000, Bad Frames: 80, FER: 2.373887e-05
INFO:root:Frames: 3380000, Bad Frames: 80, FER: 2.366864e-05
INFO:root:Frames: 3390000, Bad Frames: 80, FER: 2.359882e-05
INFO:root:Frames: 3400000, Bad Frames: 80, FER: 2.352941e-05
INFO:root:Frames: 3410000, Bad Frames: 81, FER: 2.375367e-05
INFO:root:Frames: 3420000, Bad Frames: 81, FER: 2.368421e-05
INFO:root:Frames: 3430000, Bad Frames: 81, FER: 2.361516e-05
INFO:root:Frames: 3440000, Bad Frames: 81, FER: 2.354651e-05
INFO:root:Frames: 3450000, Bad Frames: 81, FER: 2.347826e-05
INFO:root:Frames: 3460000, Bad Frames: 82, FER: 2.369942e-05
INFO:root:Frames: 3470000, Bad Frames: 82, FER: 2.363112e-05
INFO:root:Frames: 3480000, Bad Frames: 82, FER: 2.356322e-05
INFO:root:Frames: 3490000, Bad Frames: 82, FER: 2.349570e-05
INFO:root:Frames: 3500000, Bad Frames: 82, FER: 2.342857e-05
INFO:root:Frames: 3510000, Bad Frames: 82, FER: 2.336182e-05
INFO:root:Frames: 3520000, Bad Frames: 82, FER: 2.329545e-05
INFO:root:Frames: 3530000, Bad Frames: 82, FER: 2.322946e-05
INFO:root:Frames: 3540000, Bad Frames: 82, FER: 2.316384e-05
INFO:root:Frames: 3550000, Bad Frames: 82, FER: 2.309859e-05
INFO:root:Frames: 3560000, Bad Frames: 82, FER: 2.303371e-05
INFO:root:Frames: 3570000, Bad Frames: 82, FER: 2.296919e-05
INFO:root:Frames: 3580000, Bad Frames: 82, FER: 2.290503e-05
INFO:root:Frames: 3590000, Bad Frames: 82, FER: 2.284123e-05
INFO:root:Frames: 3600000, Bad Frames: 83, FER: 2.305556e-05
INFO:root:Frames: 3610000, Bad Frames: 83, FER: 2.299169e-05
INFO:root:Frames: 3620000, Bad Frames: 83, FER: 2.292818e-05
INFO:root:Frames: 3630000, Bad Frames: 83, FER: 2.286501e-05
INFO:root:Frames: 3640000, Bad Frames: 84, FER: 2.307692e-05
INFO:root:Frames: 3650000, Bad Frames: 85, FER: 2.328767e-05
INFO:root:Frames: 3660000, Bad Frames: 85, FER: 2.322404e-05
INFO:root:Frames: 3670000, Bad Frames: 86, FER: 2.343324e-05
INFO:root:Frames: 3680000, Bad Frames: 87, FER: 2.364131e-05
INFO:root:Frames: 3690000, Bad Frames: 87, FER: 2.357723e-05
INFO:root:Frames: 3700000, Bad Frames: 88, FER: 2.378378e-05
INFO:root:Frames: 3710000, Bad Frames: 88, FER: 2.371968e-05
INFO:root:Frames: 3720000, Bad Frames: 88, FER: 2.365592e-05
INFO:root:Frames: 3730000, Bad Frames: 89, FER: 2.386059e-05
INFO:root:Frames: 3740000, Bad Frames: 89, FER: 2.379679e-05
INFO:root:Frames: 3750000, Bad Frames: 90, FER: 2.400000e-05
INFO:root:Frames: 3760000, Bad Frames: 90, FER: 2.393617e-05
INFO:root:Frames: 3770000, Bad Frames: 92, FER: 2.440318e-05
INFO:root:Frames: 3780000, Bad Frames: 92, FER: 2.433862e-05
INFO:root:Frames: 3790000, Bad Frames: 92, FER: 2.427440e-05
INFO:root:Frames: 3800000, Bad Frames: 92, FER: 2.421053e-05
INFO:root:Frames: 3810000, Bad Frames: 92, FER: 2.414698e-05
INFO:root:Frames: 3820000, Bad Frames: 92, FER: 2.408377e-05
INFO:root:Frames: 3830000, Bad Frames: 92, FER: 2.402089e-05
INFO:root:Frames: 3840000, Bad Frames: 92, FER: 2.395833e-05
INFO:root:Frames: 3850000, Bad Frames: 92, FER: 2.389610e-05
INFO:root:Frames: 3860000, Bad Frames: 92, FER: 2.383420e-05
INFO:root:Frames: 3870000, Bad Frames: 92, FER: 2.377261e-05
INFO:root:Frames: 3880000, Bad Frames: 92, FER: 2.371134e-05
INFO:root:Frames: 3890000, Bad Frames: 93, FER: 2.390746e-05
INFO:root:Frames: 3900000, Bad Frames: 93, FER: 2.384615e-05
INFO:root:Frames: 3910000, Bad Frames: 93, FER: 2.378517e-05
INFO:root:Frames: 3920000, Bad Frames: 93, FER: 2.372449e-05
INFO:root:Frames: 3930000, Bad Frames: 94, FER: 2.391857e-05
INFO:root:Frames: 3940000, Bad Frames: 94, FER: 2.385787e-05
INFO:root:Frames: 3950000, Bad Frames: 94, FER: 2.379747e-05
INFO:root:Frames: 3960000, Bad Frames: 95, FER: 2.398990e-05
INFO:root:Frames: 3970000, Bad Frames: 95, FER: 2.392947e-05
INFO:root:Frames: 3980000, Bad Frames: 95, FER: 2.386934e-05
INFO:root:Frames: 3990000, Bad Frames: 96, FER: 2.406015e-05
INFO:root:Frames: 4000000, Bad Frames: 96, FER: 2.400000e-05
INFO:root:Frames: 4010000, Bad Frames: 97, FER: 2.418953e-05
INFO:root:Frames: 4020000, Bad Frames: 98, FER: 2.437811e-05
INFO:root:Frames: 4030000, Bad Frames: 98, FER: 2.431762e-05
INFO:root:Frames: 4040000, Bad Frames: 98, FER: 2.425743e-05
INFO:root:Frames: 4050000, Bad Frames: 98, FER: 2.419753e-05
INFO:root:Frames: 4060000, Bad Frames: 98, FER: 2.413793e-05
INFO:root:Frames: 4070000, Bad Frames: 98, FER: 2.407862e-05
INFO:root:Frames: 4080000, Bad Frames: 98, FER: 2.401961e-05
INFO:root:Frames: 4090000, Bad Frames: 98, FER: 2.396088e-05
INFO:root:Frames: 4100000, Bad Frames: 98, FER: 2.390244e-05
INFO:root:Frames: 4110000, Bad Frames: 98, FER: 2.384428e-05
INFO:root:Frames: 4120000, Bad Frames: 99, FER: 2.402913e-05
INFO:root:Frames: 4130000, Bad Frames: 99, FER: 2.397094e-05
INFO:root:Frames: 4140000, Bad Frames: 99, FER: 2.391304e-05
CRITICAL:root:Frames: 4142000, Bad Frames: 100, FER: 2.414293e-05 at 5(dB)
WARNING:root:Start to test at SNR = 6
INFO:root:Frames: 10000, Bad Frames: 0, FER: 0.000000e+00
INFO:root:Frames: 20000, Bad Frames: 0, FER: 0.000000e+00
INFO:root:Frames: 30000, Bad Frames: 0, FER: 0.000000e+00
INFO:root:Frames: 40000, Bad Frames: 0, FER: 0.000000e+00
INFO:root:Frames: 50000, Bad Frames: 0, FER: 0.000000e+00
INFO:root:Frames: 60000, Bad Frames: 0, FER: 0.000000e+00
INFO:root:Frames: 70000, Bad Frames: 0, FER: 0.000000e+00
INFO:root:Frames: 80000, Bad Frames: 0, FER: 0.000000e+00
INFO:root:Frames: 90000, Bad Frames: 0, FER: 0.000000e+00
INFO:root:Frames: 100000, Bad Frames: 0, FER: 0.000000e+00
INFO:root:Frames: 110000, Bad Frames: 0, FER: 0.000000e+00
INFO:root:Frames: 120000, Bad Frames: 0, FER: 0.000000e+00
INFO:root:Frames: 130000, Bad Frames: 0, FER: 0.000000e+00
INFO:root:Frames: 140000, Bad Frames: 0, FER: 0.000000e+00
INFO:root:Frames: 150000, Bad Frames: 0, FER: 0.000000e+00
INFO:root:Frames: 160000, Bad Frames: 0, FER: 0.000000e+00
INFO:root:Frames: 170000, Bad Frames: 0, FER: 0.000000e+00
INFO:root:Frames: 180000, Bad Frames: 0, FER: 0.000000e+00
INFO:root:Frames: 190000, Bad Frames: 0, FER: 0.000000e+00
INFO:root:Frames: 200000, Bad Frames: 0, FER: 0.000000e+00
INFO:root:Frames: 210000, Bad Frames: 0, FER: 0.000000e+00
INFO:root:Frames: 220000, Bad Frames: 0, FER: 0.000000e+00
INFO:root:Frames: 230000, Bad Frames: 0, FER: 0.000000e+00
INFO:root:Frames: 240000, Bad Frames: 0, FER: 0.000000e+00
INFO:root:Frames: 250000, Bad Frames: 0, FER: 0.000000e+00
INFO:root:Frames: 260000, Bad Frames: 0, FER: 0.000000e+00
INFO:root:Frames: 270000, Bad Frames: 0, FER: 0.000000e+00
INFO:root:Frames: 280000, Bad Frames: 0, FER: 0.000000e+00
INFO:root:Frames: 290000, Bad Frames: 0, FER: 0.000000e+00
INFO:root:Frames: 300000, Bad Frames: 0, FER: 0.000000e+00
INFO:root:Frames: 310000, Bad Frames: 0, FER: 0.000000e+00
INFO:root:Frames: 320000, Bad Frames: 0, FER: 0.000000e+00
INFO:root:Frames: 330000, Bad Frames: 0, FER: 0.000000e+00
INFO:root:Frames: 340000, Bad Frames: 0, FER: 0.000000e+00
INFO:root:Frames: 350000, Bad Frames: 0, FER: 0.000000e+00
INFO:root:Frames: 360000, Bad Frames: 0, FER: 0.000000e+00
INFO:root:Frames: 370000, Bad Frames: 0, FER: 0.000000e+00
INFO:root:Frames: 380000, Bad Frames: 0, FER: 0.000000e+00
INFO:root:Frames: 390000, Bad Frames: 0, FER: 0.000000e+00
INFO:root:Frames: 400000, Bad Frames: 0, FER: 0.000000e+00
INFO:root:Frames: 410000, Bad Frames: 0, FER: 0.000000e+00
INFO:root:Frames: 420000, Bad Frames: 0, FER: 0.000000e+00
INFO:root:Frames: 430000, Bad Frames: 0, FER: 0.000000e+00
INFO:root:Frames: 440000, Bad Frames: 0, FER: 0.000000e+00
INFO:root:Frames: 450000, Bad Frames: 0, FER: 0.000000e+00
INFO:root:Frames: 460000, Bad Frames: 0, FER: 0.000000e+00
INFO:root:Frames: 470000, Bad Frames: 0, FER: 0.000000e+00
INFO:root:Frames: 480000, Bad Frames: 0, FER: 0.000000e+00
INFO:root:Frames: 490000, Bad Frames: 0, FER: 0.000000e+00
INFO:root:Frames: 500000, Bad Frames: 0, FER: 0.000000e+00
INFO:root:Frames: 510000, Bad Frames: 0, FER: 0.000000e+00
INFO:root:Frames: 520000, Bad Frames: 0, FER: 0.000000e+00
INFO:root:Frames: 530000, Bad Frames: 0, FER: 0.000000e+00
INFO:root:Frames: 540000, Bad Frames: 0, FER: 0.000000e+00
INFO:root:Frames: 550000, Bad Frames: 0, FER: 0.000000e+00
INFO:root:Frames: 560000, Bad Frames: 0, FER: 0.000000e+00
INFO:root:Frames: 570000, Bad Frames: 0, FER: 0.000000e+00
INFO:root:Frames: 580000, Bad Frames: 0, FER: 0.000000e+00
INFO:root:Frames: 590000, Bad Frames: 0, FER: 0.000000e+00
INFO:root:Frames: 600000, Bad Frames: 0, FER: 0.000000e+00
INFO:root:Frames: 610000, Bad Frames: 0, FER: 0.000000e+00
INFO:root:Frames: 620000, Bad Frames: 0, FER: 0.000000e+00
INFO:root:Frames: 630000, Bad Frames: 0, FER: 0.000000e+00
INFO:root:Frames: 640000, Bad Frames: 0, FER: 0.000000e+00
INFO:root:Frames: 650000, Bad Frames: 0, FER: 0.000000e+00
INFO:root:Frames: 660000, Bad Frames: 0, FER: 0.000000e+00
INFO:root:Frames: 670000, Bad Frames: 0, FER: 0.000000e+00
INFO:root:Frames: 680000, Bad Frames: 0, FER: 0.000000e+00
INFO:root:Frames: 690000, Bad Frames: 0, FER: 0.000000e+00
INFO:root:Frames: 700000, Bad Frames: 0, FER: 0.000000e+00
INFO:root:Frames: 710000, Bad Frames: 0, FER: 0.000000e+00
INFO:root:Frames: 720000, Bad Frames: 0, FER: 0.000000e+00
INFO:root:Frames: 730000, Bad Frames: 0, FER: 0.000000e+00
INFO:root:Frames: 740000, Bad Frames: 0, FER: 0.000000e+00
INFO:root:Frames: 750000, Bad Frames: 0, FER: 0.000000e+00
INFO:root:Frames: 760000, Bad Frames: 0, FER: 0.000000e+00
INFO:root:Frames: 770000, Bad Frames: 0, FER: 0.000000e+00
INFO:root:Frames: 780000, Bad Frames: 0, FER: 0.000000e+00
INFO:root:Frames: 790000, Bad Frames: 0, FER: 0.000000e+00
INFO:root:Frames: 800000, Bad Frames: 0, FER: 0.000000e+00
INFO:root:Frames: 810000, Bad Frames: 0, FER: 0.000000e+00
INFO:root:Frames: 820000, Bad Frames: 1, FER: 1.219512e-06
INFO:root:Frames: 830000, Bad Frames: 1, FER: 1.204819e-06
INFO:root:Frames: 840000, Bad Frames: 1, FER: 1.190476e-06
INFO:root:Frames: 850000, Bad Frames: 1, FER: 1.176471e-06
INFO:root:Frames: 860000, Bad Frames: 1, FER: 1.162791e-06
INFO:root:Frames: 870000, Bad Frames: 1, FER: 1.149425e-06
INFO:root:Frames: 880000, Bad Frames: 1, FER: 1.136364e-06
INFO:root:Frames: 890000, Bad Frames: 1, FER: 1.123596e-06
INFO:root:Frames: 900000, Bad Frames: 1, FER: 1.111111e-06
INFO:root:Frames: 910000, Bad Frames: 1, FER: 1.098901e-06
INFO:root:Frames: 920000, Bad Frames: 1, FER: 1.086957e-06
INFO:root:Frames: 930000, Bad Frames: 1, FER: 1.075269e-06
INFO:root:Frames: 940000, Bad Frames: 1, FER: 1.063830e-06
INFO:root:Frames: 950000, Bad Frames: 1, FER: 1.052632e-06
INFO:root:Frames: 960000, Bad Frames: 1, FER: 1.041667e-06
INFO:root:Frames: 970000, Bad Frames: 1, FER: 1.030928e-06
INFO:root:Frames: 980000, Bad Frames: 1, FER: 1.020408e-06
INFO:root:Frames: 990000, Bad Frames: 1, FER: 1.010101e-06
INFO:root:Frames: 1000000, Bad Frames: 1, FER: 1.000000e-06
INFO:root:Frames: 1010000, Bad Frames: 1, FER: 9.900990e-07
INFO:root:Frames: 1020000, Bad Frames: 1, FER: 9.803922e-07
INFO:root:Frames: 1030000, Bad Frames: 1, FER: 9.708738e-07
INFO:root:Frames: 1040000, Bad Frames: 1, FER: 9.615385e-07
INFO:root:Frames: 1050000, Bad Frames: 1, FER: 9.523810e-07
INFO:root:Frames: 1060000, Bad Frames: 1, FER: 9.433962e-07
INFO:root:Frames: 1070000, Bad Frames: 1, FER: 9.345794e-07
INFO:root:Frames: 1080000, Bad Frames: 1, FER: 9.259259e-07
INFO:root:Frames: 1090000, Bad Frames: 1, FER: 9.174312e-07
INFO:root:Frames: 1100000, Bad Frames: 1, FER: 9.090909e-07
INFO:root:Frames: 1110000, Bad Frames: 1, FER: 9.009009e-07
INFO:root:Frames: 1120000, Bad Frames: 1, FER: 8.928571e-07
INFO:root:Frames: 1130000, Bad Frames: 1, FER: 8.849557e-07
INFO:root:Frames: 1140000, Bad Frames: 1, FER: 8.771930e-07
INFO:root:Frames: 1150000, Bad Frames: 1, FER: 8.695652e-07
INFO:root:Frames: 1160000, Bad Frames: 1, FER: 8.620690e-07
INFO:root:Frames: 1170000, Bad Frames: 1, FER: 8.547008e-07
INFO:root:Frames: 1180000, Bad Frames: 1, FER: 8.474576e-07
INFO:root:Frames: 1190000, Bad Frames: 1, FER: 8.403362e-07
INFO:root:Frames: 1200000, Bad Frames: 1, FER: 8.333333e-07
INFO:root:Frames: 1210000, Bad Frames: 1, FER: 8.264463e-07
INFO:root:Frames: 1220000, Bad Frames: 1, FER: 8.196722e-07
INFO:root:Frames: 1230000, Bad Frames: 1, FER: 8.130081e-07
INFO:root:Frames: 1240000, Bad Frames: 1, FER: 8.064516e-07
INFO:root:Frames: 1250000, Bad Frames: 1, FER: 8.000000e-07
INFO:root:Frames: 1260000, Bad Frames: 1, FER: 7.936508e-07
INFO:root:Frames: 1270000, Bad Frames: 1, FER: 7.874016e-07
INFO:root:Frames: 1280000, Bad Frames: 1, FER: 7.812500e-07
INFO:root:Frames: 1290000, Bad Frames: 1, FER: 7.751938e-07
INFO:root:Frames: 1300000, Bad Frames: 1, FER: 7.692308e-07
INFO:root:Frames: 1310000, Bad Frames: 1, FER: 7.633588e-07
INFO:root:Frames: 1320000, Bad Frames: 1, FER: 7.575758e-07
INFO:root:Frames: 1330000, Bad Frames: 1, FER: 7.518797e-07
INFO:root:Frames: 1340000, Bad Frames: 1, FER: 7.462687e-07
INFO:root:Frames: 1350000, Bad Frames: 1, FER: 7.407407e-07
INFO:root:Frames: 1360000, Bad Frames: 1, FER: 7.352941e-07
INFO:root:Frames: 1370000, Bad Frames: 1, FER: 7.299270e-07
INFO:root:Frames: 1380000, Bad Frames: 1, FER: 7.246377e-07
INFO:root:Frames: 1390000, Bad Frames: 1, FER: 7.194245e-07
INFO:root:Frames: 1400000, Bad Frames: 1, FER: 7.142857e-07
INFO:root:Frames: 1410000, Bad Frames: 1, FER: 7.092199e-07
INFO:root:Frames: 1420000, Bad Frames: 1, FER: 7.042253e-07
INFO:root:Frames: 1430000, Bad Frames: 1, FER: 6.993007e-07
INFO:root:Frames: 1440000, Bad Frames: 1, FER: 6.944445e-07
INFO:root:Frames: 1450000, Bad Frames: 1, FER: 6.896552e-07
INFO:root:Frames: 1460000, Bad Frames: 1, FER: 6.849315e-07
INFO:root:Frames: 1470000, Bad Frames: 1, FER: 6.802721e-07
INFO:root:Frames: 1480000, Bad Frames: 1, FER: 6.756757e-07
INFO:root:Frames: 1490000, Bad Frames: 1, FER: 6.711409e-07
INFO:root:Frames: 1500000, Bad Frames: 1, FER: 6.666667e-07
INFO:root:Frames: 1510000, Bad Frames: 1, FER: 6.622516e-07
INFO:root:Frames: 1520000, Bad Frames: 1, FER: 6.578948e-07
INFO:root:Frames: 1530000, Bad Frames: 1, FER: 6.535948e-07
INFO:root:Frames: 1540000, Bad Frames: 1, FER: 6.493506e-07
INFO:root:Frames: 1550000, Bad Frames: 1, FER: 6.451613e-07
INFO:root:Frames: 1560000, Bad Frames: 1, FER: 6.410256e-07
INFO:root:Frames: 1570000, Bad Frames: 1, FER: 6.369427e-07
INFO:root:Frames: 1580000, Bad Frames: 1, FER: 6.329114e-07
INFO:root:Frames: 1590000, Bad Frames: 1, FER: 6.289308e-07
INFO:root:Frames: 1600000, Bad Frames: 1, FER: 6.250000e-07
INFO:root:Frames: 1610000, Bad Frames: 1, FER: 6.211180e-07
INFO:root:Frames: 1620000, Bad Frames: 1, FER: 6.172839e-07
INFO:root:Frames: 1630000, Bad Frames: 1, FER: 6.134969e-07
INFO:root:Frames: 1640000, Bad Frames: 1, FER: 6.097561e-07
INFO:root:Frames: 1650000, Bad Frames: 1, FER: 6.060606e-07
INFO:root:Frames: 1660000, Bad Frames: 1, FER: 6.024096e-07
INFO:root:Frames: 1670000, Bad Frames: 1, FER: 5.988024e-07
INFO:root:Frames: 1680000, Bad Frames: 1, FER: 5.952381e-07
INFO:root:Frames: 1690000, Bad Frames: 1, FER: 5.917160e-07
INFO:root:Frames: 1700000, Bad Frames: 1, FER: 5.882353e-07
INFO:root:Frames: 1710000, Bad Frames: 1, FER: 5.847953e-07
INFO:root:Frames: 1720000, Bad Frames: 1, FER: 5.813953e-07
INFO:root:Frames: 1730000, Bad Frames: 1, FER: 5.780347e-07
INFO:root:Frames: 1740000, Bad Frames: 1, FER: 5.747127e-07
INFO:root:Frames: 1750000, Bad Frames: 1, FER: 5.714286e-07
INFO:root:Frames: 1760000, Bad Frames: 1, FER: 5.681818e-07
INFO:root:Frames: 1770000, Bad Frames: 1, FER: 5.649717e-07
INFO:root:Frames: 1780000, Bad Frames: 1, FER: 5.617978e-07
INFO:root:Frames: 1790000, Bad Frames: 1, FER: 5.586592e-07
INFO:root:Frames: 1800000, Bad Frames: 1, FER: 5.555556e-07
INFO:root:Frames: 1810000, Bad Frames: 1, FER: 5.524862e-07
INFO:root:Frames: 1820000, Bad Frames: 1, FER: 5.494505e-07
INFO:root:Frames: 1830000, Bad Frames: 1, FER: 5.464481e-07
INFO:root:Frames: 1840000, Bad Frames: 1, FER: 5.434783e-07
INFO:root:Frames: 1850000, Bad Frames: 1, FER: 5.405406e-07
INFO:root:Frames: 1860000, Bad Frames: 1, FER: 5.376344e-07
INFO:root:Frames: 1870000, Bad Frames: 1, FER: 5.347594e-07
INFO:root:Frames: 1880000, Bad Frames: 1, FER: 5.319149e-07
INFO:root:Frames: 1890000, Bad Frames: 1, FER: 5.291005e-07
INFO:root:Frames: 1900000, Bad Frames: 1, FER: 5.263158e-07
INFO:root:Frames: 1910000, Bad Frames: 1, FER: 5.235602e-07
INFO:root:Frames: 1920000, Bad Frames: 1, FER: 5.208333e-07
INFO:root:Frames: 1930000, Bad Frames: 1, FER: 5.181347e-07
INFO:root:Frames: 1940000, Bad Frames: 1, FER: 5.154639e-07
INFO:root:Frames: 1950000, Bad Frames: 1, FER: 5.128205e-07
INFO:root:Frames: 1960000, Bad Frames: 1, FER: 5.102041e-07
INFO:root:Frames: 1970000, Bad Frames: 1, FER: 5.076142e-07
INFO:root:Frames: 1980000, Bad Frames: 1, FER: 5.050505e-07
INFO:root:Frames: 1990000, Bad Frames: 1, FER: 5.025125e-07
INFO:root:Frames: 2000000, Bad Frames: 1, FER: 5.000000e-07
INFO:root:Frames: 2010000, Bad Frames: 1, FER: 4.975124e-07
INFO:root:Frames: 2020000, Bad Frames: 1, FER: 4.950495e-07
INFO:root:Frames: 2030000, Bad Frames: 1, FER: 4.926108e-07
INFO:root:Frames: 2040000, Bad Frames: 1, FER: 4.901961e-07
INFO:root:Frames: 2050000, Bad Frames: 1, FER: 4.878049e-07
INFO:root:Frames: 2060000, Bad Frames: 1, FER: 4.854369e-07
INFO:root:Frames: 2070000, Bad Frames: 1, FER: 4.830918e-07
INFO:root:Frames: 2080000, Bad Frames: 1, FER: 4.807692e-07
INFO:root:Frames: 2090000, Bad Frames: 1, FER: 4.784689e-07
INFO:root:Frames: 2100000, Bad Frames: 1, FER: 4.761905e-07
INFO:root:Frames: 2110000, Bad Frames: 1, FER: 4.739337e-07
INFO:root:Frames: 2120000, Bad Frames: 1, FER: 4.716981e-07
INFO:root:Frames: 2130000, Bad Frames: 1, FER: 4.694836e-07
INFO:root:Frames: 2140000, Bad Frames: 1, FER: 4.672897e-07
INFO:root:Frames: 2150000, Bad Frames: 1, FER: 4.651163e-07
INFO:root:Frames: 2160000, Bad Frames: 1, FER: 4.629630e-07
INFO:root:Frames: 2170000, Bad Frames: 1, FER: 4.608295e-07
INFO:root:Frames: 2180000, Bad Frames: 1, FER: 4.587156e-07
INFO:root:Frames: 2190000, Bad Frames: 1, FER: 4.566210e-07
INFO:root:Frames: 2200000, Bad Frames: 1, FER: 4.545454e-07
INFO:root:Frames: 2210000, Bad Frames: 1, FER: 4.524887e-07
INFO:root:Frames: 2220000, Bad Frames: 1, FER: 4.504504e-07
INFO:root:Frames: 2230000, Bad Frames: 1, FER: 4.484305e-07
INFO:root:Frames: 2240000, Bad Frames: 1, FER: 4.464286e-07
INFO:root:Frames: 2250000, Bad Frames: 1, FER: 4.444445e-07
INFO:root:Frames: 2260000, Bad Frames: 1, FER: 4.424779e-07
INFO:root:Frames: 2270000, Bad Frames: 1, FER: 4.405286e-07
INFO:root:Frames: 2280000, Bad Frames: 1, FER: 4.385965e-07
INFO:root:Frames: 2290000, Bad Frames: 1, FER: 4.366812e-07
INFO:root:Frames: 2300000, Bad Frames: 1, FER: 4.347826e-07
INFO:root:Frames: 2310000, Bad Frames: 1, FER: 4.329004e-07
INFO:root:Frames: 2320000, Bad Frames: 1, FER: 4.310345e-07
INFO:root:Frames: 2330000, Bad Frames: 1, FER: 4.291846e-07
INFO:root:Frames: 2340000, Bad Frames: 1, FER: 4.273504e-07
INFO:root:Frames: 2350000, Bad Frames: 1, FER: 4.255319e-07
INFO:root:Frames: 2360000, Bad Frames: 1, FER: 4.237288e-07
INFO:root:Frames: 2370000, Bad Frames: 1, FER: 4.219409e-07
INFO:root:Frames: 2380000, Bad Frames: 1, FER: 4.201681e-07
INFO:root:Frames: 2390000, Bad Frames: 1, FER: 4.184101e-07
INFO:root:Frames: 2400000, Bad Frames: 1, FER: 4.166667e-07
INFO:root:Frames: 2410000, Bad Frames: 1, FER: 4.149378e-07
INFO:root:Frames: 2420000, Bad Frames: 1, FER: 4.132231e-07
INFO:root:Frames: 2430000, Bad Frames: 1, FER: 4.115226e-07
INFO:root:Frames: 2440000, Bad Frames: 1, FER: 4.098361e-07
INFO:root:Frames: 2450000, Bad Frames: 1, FER: 4.081633e-07
INFO:root:Frames: 2460000, Bad Frames: 1, FER: 4.065041e-07
INFO:root:Frames: 2470000, Bad Frames: 1, FER: 4.048583e-07
INFO:root:Frames: 2480000, Bad Frames: 1, FER: 4.032258e-07
INFO:root:Frames: 2490000, Bad Frames: 1, FER: 4.016064e-07
INFO:root:Frames: 2500000, Bad Frames: 1, FER: 4.000000e-07
INFO:root:Frames: 2510000, Bad Frames: 1, FER: 3.984064e-07
INFO:root:Frames: 2520000, Bad Frames: 1, FER: 3.968254e-07
INFO:root:Frames: 2530000, Bad Frames: 1, FER: 3.952569e-07
INFO:root:Frames: 2540000, Bad Frames: 1, FER: 3.937008e-07
INFO:root:Frames: 2550000, Bad Frames: 1, FER: 3.921569e-07
INFO:root:Frames: 2560000, Bad Frames: 1, FER: 3.906250e-07
INFO:root:Frames: 2570000, Bad Frames: 1, FER: 3.891051e-07
INFO:root:Frames: 2580000, Bad Frames: 1, FER: 3.875969e-07
INFO:root:Frames: 2590000, Bad Frames: 1, FER: 3.861004e-07
INFO:root:Frames: 2600000, Bad Frames: 1, FER: 3.846154e-07
INFO:root:Frames: 2610000, Bad Frames: 1, FER: 3.831418e-07
INFO:root:Frames: 2620000, Bad Frames: 1, FER: 3.816794e-07
INFO:root:Frames: 2630000, Bad Frames: 1, FER: 3.802281e-07
INFO:root:Frames: 2640000, Bad Frames: 1, FER: 3.787879e-07
INFO:root:Frames: 2650000, Bad Frames: 1, FER: 3.773585e-07
INFO:root:Frames: 2660000, Bad Frames: 1, FER: 3.759399e-07
INFO:root:Frames: 2670000, Bad Frames: 1, FER: 3.745318e-07
INFO:root:Frames: 2680000, Bad Frames: 1, FER: 3.731343e-07
INFO:root:Frames: 2690000, Bad Frames: 1, FER: 3.717472e-07
INFO:root:Frames: 2700000, Bad Frames: 1, FER: 3.703704e-07
INFO:root:Frames: 2710000, Bad Frames: 1, FER: 3.690037e-07
INFO:root:Frames: 2720000, Bad Frames: 1, FER: 3.676471e-07
INFO:root:Frames: 2730000, Bad Frames: 1, FER: 3.663004e-07
INFO:root:Frames: 2740000, Bad Frames: 1, FER: 3.649635e-07
INFO:root:Frames: 2750000, Bad Frames: 1, FER: 3.636364e-07
INFO:root:Frames: 2760000, Bad Frames: 1, FER: 3.623188e-07
INFO:root:Frames: 2770000, Bad Frames: 1, FER: 3.610108e-07
INFO:root:Frames: 2780000, Bad Frames: 1, FER: 3.597122e-07
INFO:root:Frames: 2790000, Bad Frames: 1, FER: 3.584229e-07
INFO:root:Frames: 2800000, Bad Frames: 1, FER: 3.571429e-07
INFO:root:Frames: 2810000, Bad Frames: 1, FER: 3.558719e-07
INFO:root:Frames: 2820000, Bad Frames: 1, FER: 3.546099e-07
INFO:root:Frames: 2830000, Bad Frames: 1, FER: 3.533569e-07
INFO:root:Frames: 2840000, Bad Frames: 1, FER: 3.521127e-07
INFO:root:Frames: 2850000, Bad Frames: 1, FER: 3.508772e-07
INFO:root:Frames: 2860000, Bad Frames: 1, FER: 3.496503e-07
INFO:root:Frames: 2870000, Bad Frames: 1, FER: 3.484321e-07
INFO:root:Frames: 2880000, Bad Frames: 1, FER: 3.472222e-07
INFO:root:Frames: 2890000, Bad Frames: 1, FER: 3.460208e-07
INFO:root:Frames: 2900000, Bad Frames: 1, FER: 3.448276e-07
INFO:root:Frames: 2910000, Bad Frames: 1, FER: 3.436426e-07
INFO:root:Frames: 2920000, Bad Frames: 1, FER: 3.424657e-07
INFO:root:Frames: 2930000, Bad Frames: 1, FER: 3.412969e-07
INFO:root:Frames: 2940000, Bad Frames: 1, FER: 3.401360e-07
INFO:root:Frames: 2950000, Bad Frames: 1, FER: 3.389831e-07
INFO:root:Frames: 2960000, Bad Frames: 1, FER: 3.378378e-07
INFO:root:Frames: 2970000, Bad Frames: 1, FER: 3.367003e-07
INFO:root:Frames: 2980000, Bad Frames: 1, FER: 3.355705e-07
INFO:root:Frames: 2990000, Bad Frames: 1, FER: 3.344482e-07
INFO:root:Frames: 3000000, Bad Frames: 1, FER: 3.333333e-07
INFO:root:Frames: 3010000, Bad Frames: 1, FER: 3.322259e-07
INFO:root:Frames: 3020000, Bad Frames: 1, FER: 3.311258e-07
INFO:root:Frames: 3030000, Bad Frames: 1, FER: 3.300330e-07
INFO:root:Frames: 3040000, Bad Frames: 1, FER: 3.289474e-07
INFO:root:Frames: 3050000, Bad Frames: 1, FER: 3.278689e-07
INFO:root:Frames: 3060000, Bad Frames: 1, FER: 3.267974e-07
INFO:root:Frames: 3070000, Bad Frames: 1, FER: 3.257329e-07
INFO:root:Frames: 3080000, Bad Frames: 1, FER: 3.246753e-07
INFO:root:Frames: 3090000, Bad Frames: 1, FER: 3.236246e-07
INFO:root:Frames: 3100000, Bad Frames: 1, FER: 3.225806e-07
INFO:root:Frames: 3110000, Bad Frames: 1, FER: 3.215434e-07
INFO:root:Frames: 3120000, Bad Frames: 1, FER: 3.205128e-07
INFO:root:Frames: 3130000, Bad Frames: 1, FER: 3.194888e-07
INFO:root:Frames: 3140000, Bad Frames: 1, FER: 3.184713e-07
INFO:root:Frames: 3150000, Bad Frames: 1, FER: 3.174603e-07
INFO:root:Frames: 3160000, Bad Frames: 1, FER: 3.164557e-07
INFO:root:Frames: 3170000, Bad Frames: 1, FER: 3.154574e-07
INFO:root:Frames: 3180000, Bad Frames: 1, FER: 3.144654e-07
INFO:root:Frames: 3190000, Bad Frames: 1, FER: 3.134796e-07
INFO:root:Frames: 3200000, Bad Frames: 1, FER: 3.125000e-07
INFO:root:Frames: 3210000, Bad Frames: 1, FER: 3.115265e-07
INFO:root:Frames: 3220000, Bad Frames: 1, FER: 3.105590e-07
INFO:root:Frames: 3230000, Bad Frames: 1, FER: 3.095975e-07
INFO:root:Frames: 3240000, Bad Frames: 1, FER: 3.086420e-07
INFO:root:Frames: 3250000, Bad Frames: 1, FER: 3.076923e-07
INFO:root:Frames: 3260000, Bad Frames: 1, FER: 3.067485e-07
INFO:root:Frames: 3270000, Bad Frames: 1, FER: 3.058104e-07
INFO:root:Frames: 3280000, Bad Frames: 1, FER: 3.048781e-07
INFO:root:Frames: 3290000, Bad Frames: 1, FER: 3.039514e-07
INFO:root:Frames: 3300000, Bad Frames: 1, FER: 3.030303e-07
INFO:root:Frames: 3310000, Bad Frames: 1, FER: 3.021148e-07
INFO:root:Frames: 3320000, Bad Frames: 1, FER: 3.012048e-07
INFO:root:Frames: 3330000, Bad Frames: 1, FER: 3.003003e-07
INFO:root:Frames: 3340000, Bad Frames: 1, FER: 2.994012e-07
INFO:root:Frames: 3350000, Bad Frames: 1, FER: 2.985075e-07
INFO:root:Frames: 3360000, Bad Frames: 1, FER: 2.976190e-07
INFO:root:Frames: 3370000, Bad Frames: 1, FER: 2.967359e-07
INFO:root:Frames: 3380000, Bad Frames: 1, FER: 2.958580e-07
INFO:root:Frames: 3390000, Bad Frames: 1, FER: 2.949853e-07
INFO:root:Frames: 3400000, Bad Frames: 1, FER: 2.941177e-07
INFO:root:Frames: 3410000, Bad Frames: 1, FER: 2.932551e-07
INFO:root:Frames: 3420000, Bad Frames: 1, FER: 2.923977e-07
INFO:root:Frames: 3430000, Bad Frames: 1, FER: 2.915452e-07
INFO:root:Frames: 3440000, Bad Frames: 1, FER: 2.906977e-07
INFO:root:Frames: 3450000, Bad Frames: 1, FER: 2.898551e-07
INFO:root:Frames: 3460000, Bad Frames: 1, FER: 2.890174e-07
INFO:root:Frames: 3470000, Bad Frames: 1, FER: 2.881844e-07
INFO:root:Frames: 3480000, Bad Frames: 1, FER: 2.873563e-07
INFO:root:Frames: 3490000, Bad Frames: 1, FER: 2.865330e-07
INFO:root:Frames: 3500000, Bad Frames: 1, FER: 2.857143e-07
INFO:root:Frames: 3510000, Bad Frames: 1, FER: 2.849003e-07
INFO:root:Frames: 3520000, Bad Frames: 1, FER: 2.840909e-07
INFO:root:Frames: 3530000, Bad Frames: 1, FER: 2.832861e-07
INFO:root:Frames: 3540000, Bad Frames: 1, FER: 2.824859e-07
INFO:root:Frames: 3550000, Bad Frames: 1, FER: 2.816901e-07
INFO:root:Frames: 3560000, Bad Frames: 1, FER: 2.808989e-07
INFO:root:Frames: 3570000, Bad Frames: 1, FER: 2.801120e-07
INFO:root:Frames: 3580000, Bad Frames: 1, FER: 2.793296e-07
INFO:root:Frames: 3590000, Bad Frames: 1, FER: 2.785515e-07
INFO:root:Frames: 3600000, Bad Frames: 1, FER: 2.777778e-07
INFO:root:Frames: 3610000, Bad Frames: 1, FER: 2.770083e-07
INFO:root:Frames: 3620000, Bad Frames: 1, FER: 2.762431e-07
INFO:root:Frames: 3630000, Bad Frames: 1, FER: 2.754821e-07
INFO:root:Frames: 3640000, Bad Frames: 1, FER: 2.747253e-07
INFO:root:Frames: 3650000, Bad Frames: 1, FER: 2.739726e-07
INFO:root:Frames: 3660000, Bad Frames: 1, FER: 2.732240e-07
INFO:root:Frames: 3670000, Bad Frames: 1, FER: 2.724796e-07
INFO:root:Frames: 3680000, Bad Frames: 1, FER: 2.717391e-07
INFO:root:Frames: 3690000, Bad Frames: 1, FER: 2.710027e-07
INFO:root:Frames: 3700000, Bad Frames: 1, FER: 2.702703e-07
INFO:root:Frames: 3710000, Bad Frames: 1, FER: 2.695418e-07
INFO:root:Frames: 3720000, Bad Frames: 1, FER: 2.688172e-07
INFO:root:Frames: 3730000, Bad Frames: 2, FER: 5.361931e-07
INFO:root:Frames: 3740000, Bad Frames: 2, FER: 5.347594e-07
INFO:root:Frames: 3750000, Bad Frames: 2, FER: 5.333333e-07
INFO:root:Frames: 3760000, Bad Frames: 2, FER: 5.319149e-07
INFO:root:Frames: 3770000, Bad Frames: 2, FER: 5.305040e-07
INFO:root:Frames: 3780000, Bad Frames: 2, FER: 5.291005e-07
INFO:root:Frames: 3790000, Bad Frames: 2, FER: 5.277045e-07
INFO:root:Frames: 3800000, Bad Frames: 2, FER: 5.263158e-07
INFO:root:Frames: 3810000, Bad Frames: 2, FER: 5.249344e-07
INFO:root:Frames: 3820000, Bad Frames: 2, FER: 5.235602e-07
INFO:root:Frames: 3830000, Bad Frames: 2, FER: 5.221932e-07
INFO:root:Frames: 3840000, Bad Frames: 2, FER: 5.208333e-07
INFO:root:Frames: 3850000, Bad Frames: 2, FER: 5.194805e-07
INFO:root:Frames: 3860000, Bad Frames: 2, FER: 5.181347e-07
INFO:root:Frames: 3870000, Bad Frames: 2, FER: 5.167959e-07
INFO:root:Frames: 3880000, Bad Frames: 2, FER: 5.154639e-07
INFO:root:Frames: 3890000, Bad Frames: 2, FER: 5.141388e-07
INFO:root:Frames: 3900000, Bad Frames: 2, FER: 5.128205e-07
INFO:root:Frames: 3910000, Bad Frames: 2, FER: 5.115090e-07
INFO:root:Frames: 3920000, Bad Frames: 2, FER: 5.102041e-07
INFO:root:Frames: 3930000, Bad Frames: 2, FER: 5.089058e-07
INFO:root:Frames: 3940000, Bad Frames: 2, FER: 5.076142e-07
INFO:root:Frames: 3950000, Bad Frames: 2, FER: 5.063291e-07
INFO:root:Frames: 3960000, Bad Frames: 2, FER: 5.050505e-07
INFO:root:Frames: 3970000, Bad Frames: 2, FER: 5.037783e-07
INFO:root:Frames: 3980000, Bad Frames: 2, FER: 5.025125e-07
INFO:root:Frames: 3990000, Bad Frames: 2, FER: 5.012531e-07
INFO:root:Frames: 4000000, Bad Frames: 2, FER: 5.000000e-07
INFO:root:Frames: 4010000, Bad Frames: 2, FER: 4.987531e-07
