INFO:root:Code: QR.47.24
INFO:root:mRRD Size 16, 5
INFO:root:Using weight: QR.47.24singleBCE17.pth
WARNING:root:Start to test at SNR = 1
INFO:root:Frames: 10000, Bad Frames: 2953, FER: 2.953000e-01
CRITICAL:root:Frames: 10000, Bad Frames: 2953, FER: 2.953000e-01 at 1(dB)
WARNING:root:Start to test at SNR = 2
INFO:root:Frames: 10000, Bad Frames: 1121, FER: 1.121000e-01
CRITICAL:root:Frames: 10000, Bad Frames: 1121, FER: 1.121000e-01 at 2(dB)
WARNING:root:Start to test at SNR = 3
INFO:root:Frames: 10000, Bad Frames: 239, FER: 2.390000e-02
CRITICAL:root:Frames: 10000, Bad Frames: 239, FER: 2.390000e-02 at 3(dB)
WARNING:root:Start to test at SNR = 4
INFO:root:Frames: 10000, Bad Frames: 15, FER: 1.500000e-03
INFO:root:Frames: 20000, Bad Frames: 40, FER: 2.000000e-03
INFO:root:Frames: 30000, Bad Frames: 66, FER: 2.200000e-03
INFO:root:Frames: 40000, Bad Frames: 91, FER: 2.275000e-03
INFO:root:Frames: 50000, Bad Frames: 111, FER: 2.220000e-03
CRITICAL:root:Frames: 50000, Bad Frames: 111, FER: 2.220000e-03 at 4(dB)
WARNING:root:Start to test at SNR = 5
INFO:root:Frames: 10000, Bad Frames: 1, FER: 1.000000e-04
INFO:root:Frames: 20000, Bad Frames: 2, FER: 1.000000e-04
INFO:root:Frames: 30000, Bad Frames: 3, FER: 1.000000e-04
INFO:root:Frames: 40000, Bad Frames: 3, FER: 7.500000e-05
INFO:root:Frames: 50000, Bad Frames: 6, FER: 1.200000e-04
INFO:root:Frames: 60000, Bad Frames: 6, FER: 1.000000e-04
INFO:root:Frames: 70000, Bad Frames: 9, FER: 1.285714e-04
INFO:root:Frames: 80000, Bad Frames: 9, FER: 1.125000e-04
INFO:root:Frames: 90000, Bad Frames: 10, FER: 1.111111e-04
INFO:root:Frames: 100000, Bad Frames: 11, FER: 1.100000e-04
INFO:root:Frames: 110000, Bad Frames: 13, FER: 1.181818e-04
INFO:root:Frames: 120000, Bad Frames: 15, FER: 1.250000e-04
INFO:root:Frames: 130000, Bad Frames: 15, FER: 1.153846e-04
INFO:root:Frames: 140000, Bad Frames: 17, FER: 1.214286e-04
INFO:root:Frames: 150000, Bad Frames: 17, FER: 1.133333e-04
INFO:root:Frames: 160000, Bad Frames: 18, FER: 1.125000e-04
INFO:root:Frames: 170000, Bad Frames: 19, FER: 1.117647e-04
INFO:root:Frames: 180000, Bad Frames: 20, FER: 1.111111e-04
INFO:root:Frames: 190000, Bad Frames: 22, FER: 1.157895e-04
INFO:root:Frames: 200000, Bad Frames: 23, FER: 1.150000e-04
INFO:root:Frames: 210000, Bad Frames: 23, FER: 1.095238e-04
INFO:root:Frames: 220000, Bad Frames: 24, FER: 1.090909e-04
INFO:root:Frames: 230000, Bad Frames: 24, FER: 1.043478e-04
INFO:root:Frames: 240000, Bad Frames: 25, FER: 1.041667e-04
INFO:root:Frames: 250000, Bad Frames: 28, FER: 1.120000e-04
INFO:root:Frames: 260000, Bad Frames: 28, FER: 1.076923e-04
INFO:root:Frames: 270000, Bad Frames: 28, FER: 1.037037e-04
INFO:root:Frames: 280000, Bad Frames: 28, FER: 1.000000e-04
INFO:root:Frames: 290000, Bad Frames: 28, FER: 9.655172e-05
INFO:root:Frames: 300000, Bad Frames: 28, FER: 9.333334e-05
INFO:root:Frames: 310000, Bad Frames: 28, FER: 9.032258e-05
INFO:root:Frames: 320000, Bad Frames: 28, FER: 8.750000e-05
INFO:root:Frames: 330000, Bad Frames: 28, FER: 8.484849e-05
INFO:root:Frames: 340000, Bad Frames: 30, FER: 8.823530e-05
INFO:root:Frames: 350000, Bad Frames: 32, FER: 9.142857e-05
INFO:root:Frames: 360000, Bad Frames: 34, FER: 9.444445e-05
INFO:root:Frames: 370000, Bad Frames: 38, FER: 1.027027e-04
INFO:root:Frames: 380000, Bad Frames: 38, FER: 1.000000e-04
INFO:root:Frames: 390000, Bad Frames: 39, FER: 1.000000e-04
INFO:root:Frames: 400000, Bad Frames: 40, FER: 1.000000e-04
INFO:root:Frames: 410000, Bad Frames: 40, FER: 9.756098e-05
INFO:root:Frames: 420000, Bad Frames: 40, FER: 9.523809e-05
INFO:root:Frames: 430000, Bad Frames: 40, FER: 9.302326e-05
INFO:root:Frames: 440000, Bad Frames: 42, FER: 9.545454e-05
INFO:root:Frames: 450000, Bad Frames: 44, FER: 9.777778e-05
INFO:root:Frames: 460000, Bad Frames: 46, FER: 1.000000e-04
INFO:root:Frames: 470000, Bad Frames: 50, FER: 1.063830e-04
INFO:root:Frames: 480000, Bad Frames: 53, FER: 1.104167e-04
INFO:root:Frames: 490000, Bad Frames: 56, FER: 1.142857e-04
INFO:root:Frames: 500000, Bad Frames: 57, FER: 1.140000e-04
INFO:root:Frames: 510000, Bad Frames: 57, FER: 1.117647e-04
INFO:root:Frames: 520000, Bad Frames: 58, FER: 1.115385e-04
INFO:root:Frames: 530000, Bad Frames: 59, FER: 1.113208e-04
INFO:root:Frames: 540000, Bad Frames: 59, FER: 1.092593e-04
INFO:root:Frames: 550000, Bad Frames: 59, FER: 1.072727e-04
INFO:root:Frames: 560000, Bad Frames: 60, FER: 1.071429e-04
INFO:root:Frames: 570000, Bad Frames: 61, FER: 1.070175e-04
INFO:root:Frames: 580000, Bad Frames: 61, FER: 1.051724e-04
INFO:root:Frames: 590000, Bad Frames: 63, FER: 1.067797e-04
INFO:root:Frames: 600000, Bad Frames: 63, FER: 1.050000e-04
INFO:root:Frames: 610000, Bad Frames: 65, FER: 1.065574e-04
INFO:root:Frames: 620000, Bad Frames: 65, FER: 1.048387e-04
INFO:root:Frames: 630000, Bad Frames: 66, FER: 1.047619e-04
INFO:root:Frames: 640000, Bad Frames: 67, FER: 1.046875e-04
INFO:root:Frames: 650000, Bad Frames: 67, FER: 1.030769e-04
INFO:root:Frames: 660000, Bad Frames: 68, FER: 1.030303e-04
INFO:root:Frames: 670000, Bad Frames: 69, FER: 1.029851e-04
INFO:root:Frames: 680000, Bad Frames: 70, FER: 1.029412e-04
INFO:root:Frames: 690000, Bad Frames: 70, FER: 1.014493e-04
INFO:root:Frames: 700000, Bad Frames: 71, FER: 1.014286e-04
INFO:root:Frames: 710000, Bad Frames: 73, FER: 1.028169e-04
INFO:root:Frames: 720000, Bad Frames: 75, FER: 1.041667e-04
INFO:root:Frames: 730000, Bad Frames: 75, FER: 1.027397e-04
INFO:root:Frames: 740000, Bad Frames: 77, FER: 1.040541e-04
INFO:root:Frames: 750000, Bad Frames: 78, FER: 1.040000e-04
INFO:root:Frames: 760000, Bad Frames: 81, FER: 1.065789e-04
INFO:root:Frames: 770000, Bad Frames: 82, FER: 1.064935e-04
INFO:root:Frames: 780000, Bad Frames: 82, FER: 1.051282e-04
INFO:root:Frames: 790000, Bad Frames: 85, FER: 1.075949e-04
INFO:root:Frames: 800000, Bad Frames: 86, FER: 1.075000e-04
INFO:root:Frames: 810000, Bad Frames: 87, FER: 1.074074e-04
INFO:root:Frames: 820000, Bad Frames: 88, FER: 1.073171e-04
INFO:root:Frames: 830000, Bad Frames: 88, FER: 1.060241e-04
INFO:root:Frames: 840000, Bad Frames: 88, FER: 1.047619e-04
INFO:root:Frames: 850000, Bad Frames: 88, FER: 1.035294e-04
INFO:root:Frames: 860000, Bad Frames: 89, FER: 1.034884e-04
INFO:root:Frames: 870000, Bad Frames: 90, FER: 1.034483e-04
INFO:root:Frames: 880000, Bad Frames: 90, FER: 1.022727e-04
INFO:root:Frames: 890000, Bad Frames: 91, FER: 1.022472e-04
INFO:root:Frames: 900000, Bad Frames: 94, FER: 1.044445e-04
INFO:root:Frames: 910000, Bad Frames: 94, FER: 1.032967e-04
INFO:root:Frames: 920000, Bad Frames: 94, FER: 1.021739e-04
INFO:root:Frames: 930000, Bad Frames: 95, FER: 1.021505e-04
INFO:root:Frames: 940000, Bad Frames: 95, FER: 1.010638e-04
INFO:root:Frames: 950000, Bad Frames: 97, FER: 1.021053e-04
INFO:root:Frames: 960000, Bad Frames: 97, FER: 1.010417e-04
INFO:root:Frames: 970000, Bad Frames: 97, FER: 1.000000e-04
INFO:root:Frames: 980000, Bad Frames: 97, FER: 9.897959e-05
INFO:root:Frames: 990000, Bad Frames: 97, FER: 9.797979e-05
INFO:root:Frames: 1000000, Bad Frames: 97, FER: 9.700000e-05
INFO:root:Frames: 1010000, Bad Frames: 97, FER: 9.603961e-05
INFO:root:Frames: 1020000, Bad Frames: 97, FER: 9.509805e-05
INFO:root:Frames: 1030000, Bad Frames: 97, FER: 9.417476e-05
INFO:root:Frames: 1040000, Bad Frames: 97, FER: 9.326923e-05
INFO:root:Frames: 1050000, Bad Frames: 97, FER: 9.238095e-05
INFO:root:Frames: 1060000, Bad Frames: 97, FER: 9.150944e-05
INFO:root:Frames: 1070000, Bad Frames: 97, FER: 9.065420e-05
INFO:root:Frames: 1080000, Bad Frames: 98, FER: 9.074074e-05
INFO:root:Frames: 1090000, Bad Frames: 99, FER: 9.082568e-05
INFO:root:Frames: 1100000, Bad Frames: 99, FER: 9.000000e-05
INFO:root:Frames: 1110000, Bad Frames: 99, FER: 8.918919e-05
INFO:root:Frames: 1120000, Bad Frames: 100, FER: 8.928571e-05
CRITICAL:root:Frames: 1120000, Bad Frames: 100, FER: 8.928571e-05 at 5(dB)
