INFO:root:Code: RM.127.99
INFO:root:mRRD Size 128, 5
INFO:root:Using weight: RM.127.99singleBCECYC17.pth
WARNING:root:Start to test at SNR = 1
INFO:root:Frames: 10000, Bad Frames: 7808, FER: 7.808000e-01
CRITICAL:root:Frames: 10000, Bad Frames: 7808, FER: 7.808000e-01 at 1(dB)
WARNING:root:Start to test at SNR = 2
INFO:root:Frames: 10000, Bad Frames: 3655, FER: 3.655000e-01
CRITICAL:root:Frames: 10000, Bad Frames: 3655, FER: 3.655000e-01 at 2(dB)
WARNING:root:Start to test at SNR = 3
INFO:root:Frames: 10000, Bad Frames: 618, FER: 6.180000e-02
CRITICAL:root:Frames: 10000, Bad Frames: 618, FER: 6.180000e-02 at 3(dB)
WARNING:root:Start to test at SNR = 4
INFO:root:Frames: 10000, Bad Frames: 23, FER: 2.300000e-03
INFO:root:Frames: 20000, Bad Frames: 57, FER: 2.850000e-03
INFO:root:Frames: 30000, Bad Frames: 88, FER: 2.933333e-03
INFO:root:Frames: 40000, Bad Frames: 127, FER: 3.175000e-03
CRITICAL:root:Frames: 40000, Bad Frames: 127, FER: 3.175000e-03 at 4(dB)
WARNING:root:Start to test at SNR = 5
INFO:root:Frames: 10000, Bad Frames: 0, FER: 0.000000e+00
INFO:root:Frames: 20000, Bad Frames: 0, FER: 0.000000e+00
INFO:root:Frames: 30000, Bad Frames: 1, FER: 3.333333e-05
INFO:root:Frames: 40000, Bad Frames: 1, FER: 2.500000e-05
INFO:root:Frames: 50000, Bad Frames: 2, FER: 4.000000e-05
INFO:root:Frames: 60000, Bad Frames: 3, FER: 5.000000e-05
INFO:root:Frames: 70000, Bad Frames: 3, FER: 4.285714e-05
INFO:root:Frames: 80000, Bad Frames: 3, FER: 3.750000e-05
INFO:root:Frames: 90000, Bad Frames: 4, FER: 4.444444e-05
INFO:root:Frames: 100000, Bad Frames: 4, FER: 4.000000e-05
INFO:root:Frames: 110000, Bad Frames: 4, FER: 3.636364e-05
INFO:root:Frames: 120000, Bad Frames: 4, FER: 3.333333e-05
INFO:root:Frames: 130000, Bad Frames: 5, FER: 3.846154e-05
INFO:root:Frames: 140000, Bad Frames: 5, FER: 3.571429e-05
INFO:root:Frames: 150000, Bad Frames: 6, FER: 4.000000e-05
INFO:root:Frames: 160000, Bad Frames: 6, FER: 3.750000e-05
INFO:root:Frames: 170000, Bad Frames: 7, FER: 4.117647e-05
INFO:root:Frames: 180000, Bad Frames: 10, FER: 5.555556e-05
INFO:root:Frames: 190000, Bad Frames: 11, FER: 5.789474e-05
INFO:root:Frames: 200000, Bad Frames: 13, FER: 6.500000e-05
INFO:root:Frames: 210000, Bad Frames: 13, FER: 6.190476e-05
INFO:root:Frames: 220000, Bad Frames: 14, FER: 6.363636e-05
INFO:root:Frames: 230000, Bad Frames: 14, FER: 6.086957e-05
INFO:root:Frames: 240000, Bad Frames: 14, FER: 5.833333e-05
INFO:root:Frames: 250000, Bad Frames: 14, FER: 5.600000e-05
INFO:root:Frames: 260000, Bad Frames: 14, FER: 5.384615e-05
INFO:root:Frames: 270000, Bad Frames: 14, FER: 5.185185e-05
INFO:root:Frames: 280000, Bad Frames: 14, FER: 5.000000e-05
INFO:root:Frames: 290000, Bad Frames: 14, FER: 4.827586e-05
INFO:root:Frames: 300000, Bad Frames: 14, FER: 4.666667e-05
INFO:root:Frames: 310000, Bad Frames: 15, FER: 4.838710e-05
INFO:root:Frames: 320000, Bad Frames: 16, FER: 5.000000e-05
INFO:root:Frames: 330000, Bad Frames: 16, FER: 4.848485e-05
INFO:root:Frames: 340000, Bad Frames: 17, FER: 5.000000e-05
INFO:root:Frames: 350000, Bad Frames: 17, FER: 4.857143e-05
INFO:root:Frames: 360000, Bad Frames: 17, FER: 4.722222e-05
INFO:root:Frames: 370000, Bad Frames: 17, FER: 4.594594e-05
INFO:root:Frames: 380000, Bad Frames: 19, FER: 5.000000e-05
INFO:root:Frames: 390000, Bad Frames: 19, FER: 4.871795e-05
INFO:root:Frames: 400000, Bad Frames: 22, FER: 5.500000e-05
INFO:root:Frames: 410000, Bad Frames: 22, FER: 5.365854e-05
INFO:root:Frames: 420000, Bad Frames: 22, FER: 5.238095e-05
INFO:root:Frames: 430000, Bad Frames: 22, FER: 5.116279e-05
INFO:root:Frames: 440000, Bad Frames: 23, FER: 5.227273e-05
INFO:root:Frames: 450000, Bad Frames: 23, FER: 5.111111e-05
INFO:root:Frames: 460000, Bad Frames: 23, FER: 5.000000e-05
INFO:root:Frames: 470000, Bad Frames: 24, FER: 5.106383e-05
INFO:root:Frames: 480000, Bad Frames: 24, FER: 5.000000e-05
INFO:root:Frames: 490000, Bad Frames: 25, FER: 5.102041e-05
INFO:root:Frames: 500000, Bad Frames: 26, FER: 5.200000e-05
INFO:root:Frames: 510000, Bad Frames: 26, FER: 5.098039e-05
INFO:root:Frames: 520000, Bad Frames: 26, FER: 5.000000e-05
INFO:root:Frames: 530000, Bad Frames: 26, FER: 4.905661e-05
INFO:root:Frames: 540000, Bad Frames: 27, FER: 5.000000e-05
INFO:root:Frames: 550000, Bad Frames: 30, FER: 5.454545e-05
INFO:root:Frames: 560000, Bad Frames: 31, FER: 5.535714e-05
INFO:root:Frames: 570000, Bad Frames: 31, FER: 5.438596e-05
INFO:root:Frames: 580000, Bad Frames: 31, FER: 5.344828e-05
INFO:root:Frames: 590000, Bad Frames: 31, FER: 5.254237e-05
INFO:root:Frames: 600000, Bad Frames: 33, FER: 5.500000e-05
INFO:root:Frames: 610000, Bad Frames: 33, FER: 5.409836e-05
INFO:root:Frames: 620000, Bad Frames: 33, FER: 5.322581e-05
INFO:root:Frames: 630000, Bad Frames: 33, FER: 5.238095e-05
INFO:root:Frames: 640000, Bad Frames: 33, FER: 5.156250e-05
INFO:root:Frames: 650000, Bad Frames: 34, FER: 5.230769e-05
INFO:root:Frames: 660000, Bad Frames: 35, FER: 5.303030e-05
INFO:root:Frames: 670000, Bad Frames: 35, FER: 5.223881e-05
INFO:root:Frames: 680000, Bad Frames: 35, FER: 5.147059e-05
INFO:root:Frames: 690000, Bad Frames: 35, FER: 5.072464e-05
INFO:root:Frames: 700000, Bad Frames: 35, FER: 5.000000e-05
INFO:root:Frames: 710000, Bad Frames: 35, FER: 4.929577e-05
INFO:root:Frames: 720000, Bad Frames: 35, FER: 4.861111e-05
INFO:root:Frames: 730000, Bad Frames: 36, FER: 4.931507e-05
INFO:root:Frames: 740000, Bad Frames: 37, FER: 5.000000e-05
INFO:root:Frames: 750000, Bad Frames: 37, FER: 4.933333e-05
INFO:root:Frames: 760000, Bad Frames: 37, FER: 4.868421e-05
INFO:root:Frames: 770000, Bad Frames: 37, FER: 4.805194e-05
INFO:root:Frames: 780000, Bad Frames: 38, FER: 4.871795e-05
INFO:root:Frames: 790000, Bad Frames: 38, FER: 4.810126e-05
INFO:root:Frames: 800000, Bad Frames: 38, FER: 4.750000e-05
INFO:root:Frames: 810000, Bad Frames: 38, FER: 4.691358e-05
INFO:root:Frames: 820000, Bad Frames: 38, FER: 4.634147e-05
INFO:root:Frames: 830000, Bad Frames: 39, FER: 4.698795e-05
INFO:root:Frames: 840000, Bad Frames: 40, FER: 4.761905e-05
INFO:root:Frames: 850000, Bad Frames: 42, FER: 4.941177e-05
INFO:root:Frames: 860000, Bad Frames: 44, FER: 5.116279e-05
INFO:root:Frames: 870000, Bad Frames: 45, FER: 5.172414e-05
INFO:root:Frames: 880000, Bad Frames: 45, FER: 5.113636e-05
INFO:root:Frames: 890000, Bad Frames: 46, FER: 5.168539e-05
INFO:root:Frames: 900000, Bad Frames: 48, FER: 5.333334e-05
INFO:root:Frames: 910000, Bad Frames: 49, FER: 5.384615e-05
INFO:root:Frames: 920000, Bad Frames: 49, FER: 5.326087e-05
INFO:root:Frames: 930000, Bad Frames: 50, FER: 5.376344e-05
INFO:root:Frames: 940000, Bad Frames: 50, FER: 5.319149e-05
INFO:root:Frames: 950000, Bad Frames: 51, FER: 5.368421e-05
INFO:root:Frames: 960000, Bad Frames: 52, FER: 5.416667e-05
INFO:root:Frames: 970000, Bad Frames: 52, FER: 5.360825e-05
INFO:root:Frames: 980000, Bad Frames: 54, FER: 5.510204e-05
INFO:root:Frames: 990000, Bad Frames: 54, FER: 5.454545e-05
INFO:root:Frames: 1000000, Bad Frames: 54, FER: 5.400000e-05
INFO:root:Frames: 1010000, Bad Frames: 55, FER: 5.445545e-05
INFO:root:Frames: 1020000, Bad Frames: 55, FER: 5.392157e-05
INFO:root:Frames: 1030000, Bad Frames: 56, FER: 5.436893e-05
INFO:root:Frames: 1040000, Bad Frames: 56, FER: 5.384615e-05
INFO:root:Frames: 1050000, Bad Frames: 56, FER: 5.333333e-05
INFO:root:Frames: 1060000, Bad Frames: 56, FER: 5.283019e-05
INFO:root:Frames: 1070000, Bad Frames: 57, FER: 5.327103e-05
INFO:root:Frames: 1080000, Bad Frames: 57, FER: 5.277778e-05
INFO:root:Frames: 1090000, Bad Frames: 58, FER: 5.321101e-05
INFO:root:Frames: 1100000, Bad Frames: 58, FER: 5.272727e-05
INFO:root:Frames: 1110000, Bad Frames: 59, FER: 5.315315e-05
INFO:root:Frames: 1120000, Bad Frames: 59, FER: 5.267857e-05
INFO:root:Frames: 1130000, Bad Frames: 59, FER: 5.221239e-05
INFO:root:Frames: 1140000, Bad Frames: 59, FER: 5.175438e-05
INFO:root:Frames: 1150000, Bad Frames: 61, FER: 5.304348e-05
INFO:root:Frames: 1160000, Bad Frames: 61, FER: 5.258621e-05
INFO:root:Frames: 1170000, Bad Frames: 61, FER: 5.213675e-05
INFO:root:Frames: 1180000, Bad Frames: 63, FER: 5.338983e-05
INFO:root:Frames: 1190000, Bad Frames: 63, FER: 5.294118e-05
INFO:root:Frames: 1200000, Bad Frames: 63, FER: 5.250000e-05
INFO:root:Frames: 1210000, Bad Frames: 63, FER: 5.206612e-05
INFO:root:Frames: 1220000, Bad Frames: 64, FER: 5.245902e-05
INFO:root:Frames: 1230000, Bad Frames: 65, FER: 5.284553e-05
INFO:root:Frames: 1240000, Bad Frames: 65, FER: 5.241936e-05
INFO:root:Frames: 1250000, Bad Frames: 65, FER: 5.200000e-05
INFO:root:Frames: 1260000, Bad Frames: 66, FER: 5.238095e-05
INFO:root:Frames: 1270000, Bad Frames: 68, FER: 5.354331e-05
INFO:root:Frames: 1280000, Bad Frames: 68, FER: 5.312500e-05
INFO:root:Frames: 1290000, Bad Frames: 68, FER: 5.271318e-05
INFO:root:Frames: 1300000, Bad Frames: 69, FER: 5.307692e-05
INFO:root:Frames: 1310000, Bad Frames: 69, FER: 5.267176e-05
INFO:root:Frames: 1320000, Bad Frames: 69, FER: 5.227273e-05
INFO:root:Frames: 1330000, Bad Frames: 69, FER: 5.187970e-05
INFO:root:Frames: 1340000, Bad Frames: 69, FER: 5.149254e-05
INFO:root:Frames: 1350000, Bad Frames: 69, FER: 5.111111e-05
INFO:root:Frames: 1360000, Bad Frames: 69, FER: 5.073530e-05
INFO:root:Frames: 1370000, Bad Frames: 69, FER: 5.036496e-05
INFO:root:Frames: 1380000, Bad Frames: 69, FER: 5.000000e-05
INFO:root:Frames: 1390000, Bad Frames: 69, FER: 4.964029e-05
INFO:root:Frames: 1400000, Bad Frames: 70, FER: 5.000000e-05
INFO:root:Frames: 1410000, Bad Frames: 70, FER: 4.964539e-05
INFO:root:Frames: 1420000, Bad Frames: 70, FER: 4.929577e-05
INFO:root:Frames: 1430000, Bad Frames: 71, FER: 4.965035e-05
INFO:root:Frames: 1440000, Bad Frames: 72, FER: 5.000000e-05
INFO:root:Frames: 1450000, Bad Frames: 73, FER: 5.034483e-05
INFO:root:Frames: 1460000, Bad Frames: 73, FER: 5.000000e-05
INFO:root:Frames: 1470000, Bad Frames: 74, FER: 5.034014e-05
INFO:root:Frames: 1480000, Bad Frames: 74, FER: 5.000000e-05
INFO:root:Frames: 1490000, Bad Frames: 75, FER: 5.033557e-05
INFO:root:Frames: 1500000, Bad Frames: 76, FER: 5.066667e-05
INFO:root:Frames: 1510000, Bad Frames: 76, FER: 5.033112e-05
INFO:root:Frames: 1520000, Bad Frames: 76, FER: 5.000000e-05
INFO:root:Frames: 1530000, Bad Frames: 76, FER: 4.967320e-05
INFO:root:Frames: 1540000, Bad Frames: 78, FER: 5.064935e-05
INFO:root:Frames: 1550000, Bad Frames: 78, FER: 5.032258e-05
INFO:root:Frames: 1560000, Bad Frames: 80, FER: 5.128205e-05
INFO:root:Frames: 1570000, Bad Frames: 80, FER: 5.095542e-05
INFO:root:Frames: 1580000, Bad Frames: 81, FER: 5.126582e-05
INFO:root:Frames: 1590000, Bad Frames: 81, FER: 5.094340e-05
INFO:root:Frames: 1600000, Bad Frames: 81, FER: 5.062500e-05
INFO:root:Frames: 1610000, Bad Frames: 81, FER: 5.031056e-05
INFO:root:Frames: 1620000, Bad Frames: 82, FER: 5.061728e-05
INFO:root:Frames: 1630000, Bad Frames: 82, FER: 5.030675e-05
INFO:root:Frames: 1640000, Bad Frames: 83, FER: 5.060976e-05
INFO:root:Frames: 1650000, Bad Frames: 84, FER: 5.090909e-05
INFO:root:Frames: 1660000, Bad Frames: 84, FER: 5.060241e-05
INFO:root:Frames: 1670000, Bad Frames: 85, FER: 5.089820e-05
INFO:root:Frames: 1680000, Bad Frames: 85, FER: 5.059524e-05
INFO:root:Frames: 1690000, Bad Frames: 86, FER: 5.088757e-05
INFO:root:Frames: 1700000, Bad Frames: 87, FER: 5.117647e-05
INFO:root:Frames: 1710000, Bad Frames: 87, FER: 5.087719e-05
INFO:root:Frames: 1720000, Bad Frames: 87, FER: 5.058140e-05
INFO:root:Frames: 1730000, Bad Frames: 87, FER: 5.028902e-05
INFO:root:Frames: 1740000, Bad Frames: 87, FER: 5.000000e-05
INFO:root:Frames: 1750000, Bad Frames: 87, FER: 4.971429e-05
INFO:root:Frames: 1760000, Bad Frames: 88, FER: 5.000000e-05
INFO:root:Frames: 1770000, Bad Frames: 89, FER: 5.028248e-05
INFO:root:Frames: 1780000, Bad Frames: 90, FER: 5.056180e-05
INFO:root:Frames: 1790000, Bad Frames: 91, FER: 5.083799e-05
INFO:root:Frames: 1800000, Bad Frames: 93, FER: 5.166667e-05
INFO:root:Frames: 1810000, Bad Frames: 93, FER: 5.138122e-05
INFO:root:Frames: 1820000, Bad Frames: 93, FER: 5.109890e-05
INFO:root:Frames: 1830000, Bad Frames: 93, FER: 5.081967e-05
INFO:root:Frames: 1840000, Bad Frames: 94, FER: 5.108696e-05
INFO:root:Frames: 1850000, Bad Frames: 95, FER: 5.135135e-05
INFO:root:Frames: 1860000, Bad Frames: 96, FER: 5.161291e-05
INFO:root:Frames: 1870000, Bad Frames: 96, FER: 5.133690e-05
INFO:root:Frames: 1880000, Bad Frames: 97, FER: 5.159575e-05
INFO:root:Frames: 1890000, Bad Frames: 98, FER: 5.185185e-05
INFO:root:Frames: 1900000, Bad Frames: 98, FER: 5.157895e-05
INFO:root:Frames: 1910000, Bad Frames: 98, FER: 5.130890e-05
INFO:root:Frames: 1920000, Bad Frames: 98, FER: 5.104167e-05
INFO:root:Frames: 1930000, Bad Frames: 98, FER: 5.077720e-05
INFO:root:Frames: 1940000, Bad Frames: 98, FER: 5.051546e-05
INFO:root:Frames: 1950000, Bad Frames: 98, FER: 5.025641e-05
INFO:root:Frames: 1960000, Bad Frames: 98, FER: 5.000000e-05
INFO:root:Frames: 1970000, Bad Frames: 98, FER: 4.974620e-05
INFO:root:Frames: 1980000, Bad Frames: 99, FER: 5.000000e-05
INFO:root:Frames: 1990000, Bad Frames: 99, FER: 4.974874e-05
INFO:root:Frames: 2000000, Bad Frames: 100, FER: 5.000000e-05
CRITICAL:root:Frames: 2000000, Bad Frames: 100, FER: 5.000000e-05 at 5(dB)
