INFO:root:Code: RM.127.99
INFO:root:mRRD Size 64, 5
INFO:root:Using weight: RM.127.99singleBCECYC17.pth
WARNING:root:Start to test at SNR = 1
INFO:root:Frames: 10000, Bad Frames: 8042, FER: 8.042000e-01
CRITICAL:root:Frames: 10000, Bad Frames: 8042, FER: 8.042000e-01 at 1(dB)
WARNING:root:Start to test at SNR = 2
INFO:root:Frames: 10000, Bad Frames: 4035, FER: 4.035000e-01
CRITICAL:root:Frames: 10000, Bad Frames: 4035, FER: 4.035000e-01 at 2(dB)
WARNING:root:Start to test at SNR = 3
INFO:root:Frames: 10000, Bad Frames: 753, FER: 7.530000e-02
CRITICAL:root:Frames: 10000, Bad Frames: 753, FER: 7.530000e-02 at 3(dB)
WARNING:root:Start to test at SNR = 4
INFO:root:Frames: 10000, Bad Frames: 30, FER: 3.000000e-03
INFO:root:Frames: 20000, Bad Frames: 65, FER: 3.250000e-03
INFO:root:Frames: 30000, Bad Frames: 115, FER: 3.833333e-03
CRITICAL:root:Frames: 30000, Bad Frames: 115, FER: 3.833333e-03 at 4(dB)
WARNING:root:Start to test at SNR = 5
INFO:root:Frames: 10000, Bad Frames: 0, FER: 0.000000e+00
INFO:root:Frames: 20000, Bad Frames: 0, FER: 0.000000e+00
INFO:root:Frames: 30000, Bad Frames: 1, FER: 3.333333e-05
INFO:root:Frames: 40000, Bad Frames: 1, FER: 2.500000e-05
INFO:root:Frames: 50000, Bad Frames: 2, FER: 4.000000e-05
INFO:root:Frames: 60000, Bad Frames: 3, FER: 5.000000e-05
INFO:root:Frames: 70000, Bad Frames: 3, FER: 4.285714e-05
INFO:root:Frames: 80000, Bad Frames: 3, FER: 3.750000e-05
INFO:root:Frames: 90000, Bad Frames: 5, FER: 5.555556e-05
INFO:root:Frames: 100000, Bad Frames: 5, FER: 5.000000e-05
INFO:root:Frames: 110000, Bad Frames: 5, FER: 4.545454e-05
INFO:root:Frames: 120000, Bad Frames: 5, FER: 4.166667e-05
INFO:root:Frames: 130000, Bad Frames: 6, FER: 4.615385e-05
INFO:root:Frames: 140000, Bad Frames: 6, FER: 4.285714e-05
INFO:root:Frames: 150000, Bad Frames: 7, FER: 4.666667e-05
INFO:root:Frames: 160000, Bad Frames: 7, FER: 4.375000e-05
INFO:root:Frames: 170000, Bad Frames: 8, FER: 4.705882e-05
INFO:root:Frames: 180000, Bad Frames: 11, FER: 6.111111e-05
INFO:root:Frames: 190000, Bad Frames: 12, FER: 6.315790e-05
INFO:root:Frames: 200000, Bad Frames: 14, FER: 6.999999e-05
INFO:root:Frames: 210000, Bad Frames: 14, FER: 6.666667e-05
INFO:root:Frames: 220000, Bad Frames: 15, FER: 6.818182e-05
INFO:root:Frames: 230000, Bad Frames: 15, FER: 6.521739e-05
INFO:root:Frames: 240000, Bad Frames: 15, FER: 6.250000e-05
INFO:root:Frames: 250000, Bad Frames: 15, FER: 6.000000e-05
INFO:root:Frames: 260000, Bad Frames: 15, FER: 5.769231e-05
INFO:root:Frames: 270000, Bad Frames: 15, FER: 5.555556e-05
INFO:root:Frames: 280000, Bad Frames: 15, FER: 5.357143e-05
INFO:root:Frames: 290000, Bad Frames: 15, FER: 5.172414e-05
INFO:root:Frames: 300000, Bad Frames: 15, FER: 5.000000e-05
INFO:root:Frames: 310000, Bad Frames: 16, FER: 5.161290e-05
INFO:root:Frames: 320000, Bad Frames: 17, FER: 5.312500e-05
INFO:root:Frames: 330000, Bad Frames: 17, FER: 5.151515e-05
INFO:root:Frames: 340000, Bad Frames: 18, FER: 5.294118e-05
INFO:root:Frames: 350000, Bad Frames: 18, FER: 5.142857e-05
INFO:root:Frames: 360000, Bad Frames: 18, FER: 5.000000e-05
INFO:root:Frames: 370000, Bad Frames: 18, FER: 4.864865e-05
INFO:root:Frames: 380000, Bad Frames: 20, FER: 5.263158e-05
INFO:root:Frames: 390000, Bad Frames: 20, FER: 5.128205e-05
INFO:root:Frames: 400000, Bad Frames: 23, FER: 5.750000e-05
INFO:root:Frames: 410000, Bad Frames: 23, FER: 5.609756e-05
INFO:root:Frames: 420000, Bad Frames: 23, FER: 5.476190e-05
INFO:root:Frames: 430000, Bad Frames: 23, FER: 5.348837e-05
INFO:root:Frames: 440000, Bad Frames: 24, FER: 5.454545e-05
INFO:root:Frames: 450000, Bad Frames: 24, FER: 5.333334e-05
INFO:root:Frames: 460000, Bad Frames: 24, FER: 5.217391e-05
INFO:root:Frames: 470000, Bad Frames: 25, FER: 5.319149e-05
INFO:root:Frames: 480000, Bad Frames: 25, FER: 5.208333e-05
INFO:root:Frames: 490000, Bad Frames: 26, FER: 5.306122e-05
INFO:root:Frames: 500000, Bad Frames: 27, FER: 5.400000e-05
INFO:root:Frames: 510000, Bad Frames: 28, FER: 5.490196e-05
INFO:root:Frames: 520000, Bad Frames: 29, FER: 5.576923e-05
INFO:root:Frames: 530000, Bad Frames: 29, FER: 5.471698e-05
INFO:root:Frames: 540000, Bad Frames: 29, FER: 5.370370e-05
INFO:root:Frames: 550000, Bad Frames: 32, FER: 5.818182e-05
INFO:root:Frames: 560000, Bad Frames: 32, FER: 5.714286e-05
INFO:root:Frames: 570000, Bad Frames: 32, FER: 5.614035e-05
INFO:root:Frames: 580000, Bad Frames: 32, FER: 5.517242e-05
INFO:root:Frames: 590000, Bad Frames: 32, FER: 5.423729e-05
INFO:root:Frames: 600000, Bad Frames: 35, FER: 5.833333e-05
INFO:root:Frames: 610000, Bad Frames: 35, FER: 5.737705e-05
INFO:root:Frames: 620000, Bad Frames: 35, FER: 5.645161e-05
INFO:root:Frames: 630000, Bad Frames: 35, FER: 5.555555e-05
INFO:root:Frames: 640000, Bad Frames: 35, FER: 5.468750e-05
INFO:root:Frames: 650000, Bad Frames: 36, FER: 5.538461e-05
INFO:root:Frames: 660000, Bad Frames: 37, FER: 5.606061e-05
INFO:root:Frames: 670000, Bad Frames: 38, FER: 5.671642e-05
INFO:root:Frames: 680000, Bad Frames: 38, FER: 5.588235e-05
INFO:root:Frames: 690000, Bad Frames: 38, FER: 5.507247e-05
INFO:root:Frames: 700000, Bad Frames: 38, FER: 5.428571e-05
INFO:root:Frames: 710000, Bad Frames: 38, FER: 5.352113e-05
INFO:root:Frames: 720000, Bad Frames: 38, FER: 5.277778e-05
INFO:root:Frames: 730000, Bad Frames: 39, FER: 5.342465e-05
INFO:root:Frames: 740000, Bad Frames: 40, FER: 5.405405e-05
INFO:root:Frames: 750000, Bad Frames: 40, FER: 5.333333e-05
INFO:root:Frames: 760000, Bad Frames: 40, FER: 5.263158e-05
INFO:root:Frames: 770000, Bad Frames: 40, FER: 5.194805e-05
INFO:root:Frames: 780000, Bad Frames: 41, FER: 5.256410e-05
INFO:root:Frames: 790000, Bad Frames: 41, FER: 5.189873e-05
INFO:root:Frames: 800000, Bad Frames: 41, FER: 5.125000e-05
INFO:root:Frames: 810000, Bad Frames: 41, FER: 5.061728e-05
INFO:root:Frames: 820000, Bad Frames: 41, FER: 5.000000e-05
INFO:root:Frames: 830000, Bad Frames: 43, FER: 5.180723e-05
INFO:root:Frames: 840000, Bad Frames: 44, FER: 5.238095e-05
INFO:root:Frames: 850000, Bad Frames: 45, FER: 5.294118e-05
INFO:root:Frames: 860000, Bad Frames: 47, FER: 5.465116e-05
INFO:root:Frames: 870000, Bad Frames: 48, FER: 5.517242e-05
INFO:root:Frames: 880000, Bad Frames: 48, FER: 5.454545e-05
INFO:root:Frames: 890000, Bad Frames: 49, FER: 5.505618e-05
INFO:root:Frames: 900000, Bad Frames: 52, FER: 5.777778e-05
INFO:root:Frames: 910000, Bad Frames: 53, FER: 5.824176e-05
INFO:root:Frames: 920000, Bad Frames: 53, FER: 5.760870e-05
INFO:root:Frames: 930000, Bad Frames: 54, FER: 5.806452e-05
INFO:root:Frames: 940000, Bad Frames: 54, FER: 5.744681e-05
INFO:root:Frames: 950000, Bad Frames: 55, FER: 5.789474e-05
INFO:root:Frames: 960000, Bad Frames: 56, FER: 5.833333e-05
INFO:root:Frames: 970000, Bad Frames: 56, FER: 5.773196e-05
INFO:root:Frames: 980000, Bad Frames: 58, FER: 5.918367e-05
INFO:root:Frames: 990000, Bad Frames: 58, FER: 5.858585e-05
INFO:root:Frames: 1000000, Bad Frames: 58, FER: 5.800000e-05
INFO:root:Frames: 1010000, Bad Frames: 59, FER: 5.841584e-05
INFO:root:Frames: 1020000, Bad Frames: 59, FER: 5.784314e-05
INFO:root:Frames: 1030000, Bad Frames: 60, FER: 5.825243e-05
INFO:root:Frames: 1040000, Bad Frames: 60, FER: 5.769231e-05
INFO:root:Frames: 1050000, Bad Frames: 60, FER: 5.714286e-05
INFO:root:Frames: 1060000, Bad Frames: 60, FER: 5.660377e-05
INFO:root:Frames: 1070000, Bad Frames: 61, FER: 5.700934e-05
INFO:root:Frames: 1080000, Bad Frames: 61, FER: 5.648148e-05
INFO:root:Frames: 1090000, Bad Frames: 62, FER: 5.688073e-05
INFO:root:Frames: 1100000, Bad Frames: 62, FER: 5.636363e-05
INFO:root:Frames: 1110000, Bad Frames: 63, FER: 5.675675e-05
INFO:root:Frames: 1120000, Bad Frames: 63, FER: 5.625000e-05
INFO:root:Frames: 1130000, Bad Frames: 63, FER: 5.575221e-05
INFO:root:Frames: 1140000, Bad Frames: 63, FER: 5.526316e-05
INFO:root:Frames: 1150000, Bad Frames: 65, FER: 5.652174e-05
INFO:root:Frames: 1160000, Bad Frames: 65, FER: 5.603449e-05
INFO:root:Frames: 1170000, Bad Frames: 66, FER: 5.641026e-05
INFO:root:Frames: 1180000, Bad Frames: 69, FER: 5.847458e-05
INFO:root:Frames: 1190000, Bad Frames: 69, FER: 5.798319e-05
INFO:root:Frames: 1200000, Bad Frames: 70, FER: 5.833333e-05
INFO:root:Frames: 1210000, Bad Frames: 70, FER: 5.785124e-05
INFO:root:Frames: 1220000, Bad Frames: 71, FER: 5.819672e-05
INFO:root:Frames: 1230000, Bad Frames: 73, FER: 5.934959e-05
INFO:root:Frames: 1240000, Bad Frames: 73, FER: 5.887097e-05
INFO:root:Frames: 1250000, Bad Frames: 73, FER: 5.840000e-05
INFO:root:Frames: 1260000, Bad Frames: 74, FER: 5.873016e-05
INFO:root:Frames: 1270000, Bad Frames: 76, FER: 5.984252e-05
INFO:root:Frames: 1280000, Bad Frames: 76, FER: 5.937500e-05
INFO:root:Frames: 1290000, Bad Frames: 76, FER: 5.891473e-05
INFO:root:Frames: 1300000, Bad Frames: 77, FER: 5.923077e-05
INFO:root:Frames: 1310000, Bad Frames: 78, FER: 5.954199e-05
INFO:root:Frames: 1320000, Bad Frames: 78, FER: 5.909091e-05
INFO:root:Frames: 1330000, Bad Frames: 78, FER: 5.864662e-05
INFO:root:Frames: 1340000, Bad Frames: 78, FER: 5.820896e-05
INFO:root:Frames: 1350000, Bad Frames: 78, FER: 5.777778e-05
INFO:root:Frames: 1360000, Bad Frames: 78, FER: 5.735294e-05
INFO:root:Frames: 1370000, Bad Frames: 78, FER: 5.693431e-05
INFO:root:Frames: 1380000, Bad Frames: 78, FER: 5.652174e-05
INFO:root:Frames: 1390000, Bad Frames: 78, FER: 5.611511e-05
INFO:root:Frames: 1400000, Bad Frames: 79, FER: 5.642857e-05
INFO:root:Frames: 1410000, Bad Frames: 79, FER: 5.602837e-05
INFO:root:Frames: 1420000, Bad Frames: 79, FER: 5.563380e-05
INFO:root:Frames: 1430000, Bad Frames: 80, FER: 5.594406e-05
INFO:root:Frames: 1440000, Bad Frames: 81, FER: 5.625000e-05
INFO:root:Frames: 1450000, Bad Frames: 82, FER: 5.655172e-05
INFO:root:Frames: 1460000, Bad Frames: 82, FER: 5.616438e-05
INFO:root:Frames: 1470000, Bad Frames: 83, FER: 5.646258e-05
INFO:root:Frames: 1480000, Bad Frames: 85, FER: 5.743243e-05
INFO:root:Frames: 1490000, Bad Frames: 86, FER: 5.771812e-05
INFO:root:Frames: 1500000, Bad Frames: 87, FER: 5.800000e-05
INFO:root:Frames: 1510000, Bad Frames: 87, FER: 5.761589e-05
INFO:root:Frames: 1520000, Bad Frames: 87, FER: 5.723684e-05
INFO:root:Frames: 1530000, Bad Frames: 87, FER: 5.686275e-05
INFO:root:Frames: 1540000, Bad Frames: 89, FER: 5.779221e-05
INFO:root:Frames: 1550000, Bad Frames: 89, FER: 5.741935e-05
INFO:root:Frames: 1560000, Bad Frames: 91, FER: 5.833333e-05
INFO:root:Frames: 1570000, Bad Frames: 91, FER: 5.796178e-05
INFO:root:Frames: 1580000, Bad Frames: 92, FER: 5.822785e-05
INFO:root:Frames: 1590000, Bad Frames: 92, FER: 5.786163e-05
INFO:root:Frames: 1600000, Bad Frames: 92, FER: 5.750000e-05
INFO:root:Frames: 1610000, Bad Frames: 92, FER: 5.714286e-05
INFO:root:Frames: 1620000, Bad Frames: 93, FER: 5.740741e-05
INFO:root:Frames: 1630000, Bad Frames: 93, FER: 5.705521e-05
INFO:root:Frames: 1640000, Bad Frames: 94, FER: 5.731708e-05
INFO:root:Frames: 1650000, Bad Frames: 95, FER: 5.757576e-05
INFO:root:Frames: 1660000, Bad Frames: 95, FER: 5.722891e-05
INFO:root:Frames: 1670000, Bad Frames: 96, FER: 5.748503e-05
INFO:root:Frames: 1680000, Bad Frames: 96, FER: 5.714285e-05
INFO:root:Frames: 1690000, Bad Frames: 98, FER: 5.798817e-05
INFO:root:Frames: 1700000, Bad Frames: 99, FER: 5.823530e-05
INFO:root:Frames: 1710000, Bad Frames: 99, FER: 5.789474e-05
INFO:root:Frames: 1720000, Bad Frames: 99, FER: 5.755814e-05
INFO:root:Frames: 1730000, Bad Frames: 99, FER: 5.722544e-05
INFO:root:Frames: 1740000, Bad Frames: 99, FER: 5.689655e-05
INFO:root:Frames: 1750000, Bad Frames: 99, FER: 5.657143e-05
INFO:root:Frames: 1760000, Bad Frames: 100, FER: 5.681818e-05
CRITICAL:root:Frames: 1760000, Bad Frames: 100, FER: 5.681818e-05 at 5(dB)
