INFO:root:Code: RM.127.99
INFO:root:mRRD Size 32, 5
INFO:root:Using weight: RM.127.99singleBCECYC17.pth
WARNING:root:Start to test at SNR = 1
INFO:root:Frames: 10000, Bad Frames: 8313, FER: 8.313000e-01
CRITICAL:root:Frames: 10000, Bad Frames: 8313, FER: 8.313000e-01 at 1(dB)
WARNING:root:Start to test at SNR = 2
INFO:root:Frames: 10000, Bad Frames: 4473, FER: 4.473000e-01
CRITICAL:root:Frames: 10000, Bad Frames: 4473, FER: 4.473000e-01 at 2(dB)
WARNING:root:Start to test at SNR = 3
INFO:root:Frames: 10000, Bad Frames: 948, FER: 9.480000e-02
CRITICAL:root:Frames: 10000, Bad Frames: 948, FER: 9.480000e-02 at 3(dB)
WARNING:root:Start to test at SNR = 4
INFO:root:Frames: 10000, Bad Frames: 53, FER: 5.300000e-03
INFO:root:Frames: 20000, Bad Frames: 109, FER: 5.450000e-03
CRITICAL:root:Frames: 20000, Bad Frames: 109, FER: 5.450000e-03 at 4(dB)
WARNING:root:Start to test at SNR = 5
INFO:root:Frames: 10000, Bad Frames: 0, FER: 0.000000e+00
INFO:root:Frames: 20000, Bad Frames: 1, FER: 5.000000e-05
INFO:root:Frames: 30000, Bad Frames: 2, FER: 6.666667e-05
INFO:root:Frames: 40000, Bad Frames: 2, FER: 5.000000e-05
INFO:root:Frames: 50000, Bad Frames: 3, FER: 6.000000e-05
INFO:root:Frames: 60000, Bad Frames: 4, FER: 6.666667e-05
INFO:root:Frames: 70000, Bad Frames: 4, FER: 5.714286e-05
INFO:root:Frames: 80000, Bad Frames: 4, FER: 5.000000e-05
INFO:root:Frames: 90000, Bad Frames: 6, FER: 6.666667e-05
INFO:root:Frames: 100000, Bad Frames: 6, FER: 6.000000e-05
INFO:root:Frames: 110000, Bad Frames: 7, FER: 6.363636e-05
INFO:root:Frames: 120000, Bad Frames: 8, FER: 6.666667e-05
INFO:root:Frames: 130000, Bad Frames: 10, FER: 7.692308e-05
INFO:root:Frames: 140000, Bad Frames: 10, FER: 7.142857e-05
INFO:root:Frames: 150000, Bad Frames: 12, FER: 8.000000e-05
INFO:root:Frames: 160000, Bad Frames: 13, FER: 8.125000e-05
INFO:root:Frames: 170000, Bad Frames: 14, FER: 8.235294e-05
INFO:root:Frames: 180000, Bad Frames: 17, FER: 9.444445e-05
INFO:root:Frames: 190000, Bad Frames: 18, FER: 9.473685e-05
INFO:root:Frames: 200000, Bad Frames: 20, FER: 1.000000e-04
INFO:root:Frames: 210000, Bad Frames: 21, FER: 1.000000e-04
INFO:root:Frames: 220000, Bad Frames: 22, FER: 1.000000e-04
INFO:root:Frames: 230000, Bad Frames: 22, FER: 9.565218e-05
INFO:root:Frames: 240000, Bad Frames: 23, FER: 9.583333e-05
INFO:root:Frames: 250000, Bad Frames: 23, FER: 9.200000e-05
INFO:root:Frames: 260000, Bad Frames: 23, FER: 8.846154e-05
INFO:root:Frames: 270000, Bad Frames: 23, FER: 8.518519e-05
INFO:root:Frames: 280000, Bad Frames: 23, FER: 8.214285e-05
INFO:root:Frames: 290000, Bad Frames: 23, FER: 7.931035e-05
INFO:root:Frames: 300000, Bad Frames: 23, FER: 7.666666e-05
INFO:root:Frames: 310000, Bad Frames: 24, FER: 7.741935e-05
INFO:root:Frames: 320000, Bad Frames: 24, FER: 7.500000e-05
INFO:root:Frames: 330000, Bad Frames: 24, FER: 7.272727e-05
INFO:root:Frames: 340000, Bad Frames: 25, FER: 7.352941e-05
INFO:root:Frames: 350000, Bad Frames: 25, FER: 7.142857e-05
INFO:root:Frames: 360000, Bad Frames: 25, FER: 6.944445e-05
INFO:root:Frames: 370000, Bad Frames: 25, FER: 6.756757e-05
INFO:root:Frames: 380000, Bad Frames: 27, FER: 7.105264e-05
INFO:root:Frames: 390000, Bad Frames: 28, FER: 7.179487e-05
INFO:root:Frames: 400000, Bad Frames: 32, FER: 8.000000e-05
INFO:root:Frames: 410000, Bad Frames: 34, FER: 8.292683e-05
INFO:root:Frames: 420000, Bad Frames: 34, FER: 8.095238e-05
INFO:root:Frames: 430000, Bad Frames: 34, FER: 7.906977e-05
INFO:root:Frames: 440000, Bad Frames: 35, FER: 7.954545e-05
INFO:root:Frames: 450000, Bad Frames: 36, FER: 8.000001e-05
INFO:root:Frames: 460000, Bad Frames: 38, FER: 8.260870e-05
INFO:root:Frames: 470000, Bad Frames: 40, FER: 8.510638e-05
INFO:root:Frames: 480000, Bad Frames: 41, FER: 8.541666e-05
INFO:root:Frames: 490000, Bad Frames: 44, FER: 8.979592e-05
INFO:root:Frames: 500000, Bad Frames: 45, FER: 9.000000e-05
INFO:root:Frames: 510000, Bad Frames: 47, FER: 9.215686e-05
INFO:root:Frames: 520000, Bad Frames: 48, FER: 9.230770e-05
INFO:root:Frames: 530000, Bad Frames: 48, FER: 9.056604e-05
INFO:root:Frames: 540000, Bad Frames: 49, FER: 9.074074e-05
INFO:root:Frames: 550000, Bad Frames: 51, FER: 9.272727e-05
INFO:root:Frames: 560000, Bad Frames: 53, FER: 9.464286e-05
INFO:root:Frames: 570000, Bad Frames: 53, FER: 9.298245e-05
INFO:root:Frames: 580000, Bad Frames: 53, FER: 9.137931e-05
INFO:root:Frames: 590000, Bad Frames: 53, FER: 8.983051e-05
INFO:root:Frames: 600000, Bad Frames: 55, FER: 9.166667e-05
INFO:root:Frames: 610000, Bad Frames: 55, FER: 9.016394e-05
INFO:root:Frames: 620000, Bad Frames: 55, FER: 8.870968e-05
INFO:root:Frames: 630000, Bad Frames: 55, FER: 8.730158e-05
INFO:root:Frames: 640000, Bad Frames: 55, FER: 8.593750e-05
INFO:root:Frames: 650000, Bad Frames: 56, FER: 8.615385e-05
INFO:root:Frames: 660000, Bad Frames: 56, FER: 8.484849e-05
INFO:root:Frames: 670000, Bad Frames: 56, FER: 8.358209e-05
INFO:root:Frames: 680000, Bad Frames: 56, FER: 8.235294e-05
INFO:root:Frames: 690000, Bad Frames: 57, FER: 8.260870e-05
INFO:root:Frames: 700000, Bad Frames: 57, FER: 8.142857e-05
INFO:root:Frames: 710000, Bad Frames: 58, FER: 8.169014e-05
INFO:root:Frames: 720000, Bad Frames: 60, FER: 8.333333e-05
INFO:root:Frames: 730000, Bad Frames: 61, FER: 8.356164e-05
INFO:root:Frames: 740000, Bad Frames: 62, FER: 8.378378e-05
INFO:root:Frames: 750000, Bad Frames: 63, FER: 8.400000e-05
INFO:root:Frames: 760000, Bad Frames: 64, FER: 8.421053e-05
INFO:root:Frames: 770000, Bad Frames: 64, FER: 8.311688e-05
INFO:root:Frames: 780000, Bad Frames: 65, FER: 8.333333e-05
INFO:root:Frames: 790000, Bad Frames: 65, FER: 8.227848e-05
INFO:root:Frames: 800000, Bad Frames: 65, FER: 8.125000e-05
INFO:root:Frames: 810000, Bad Frames: 65, FER: 8.024691e-05
INFO:root:Frames: 820000, Bad Frames: 65, FER: 7.926829e-05
INFO:root:Frames: 830000, Bad Frames: 66, FER: 7.951807e-05
INFO:root:Frames: 840000, Bad Frames: 67, FER: 7.976190e-05
INFO:root:Frames: 850000, Bad Frames: 69, FER: 8.117647e-05
INFO:root:Frames: 860000, Bad Frames: 71, FER: 8.255814e-05
INFO:root:Frames: 870000, Bad Frames: 73, FER: 8.390805e-05
INFO:root:Frames: 880000, Bad Frames: 73, FER: 8.295455e-05
INFO:root:Frames: 890000, Bad Frames: 74, FER: 8.314607e-05
INFO:root:Frames: 900000, Bad Frames: 77, FER: 8.555556e-05
INFO:root:Frames: 910000, Bad Frames: 78, FER: 8.571428e-05
INFO:root:Frames: 920000, Bad Frames: 78, FER: 8.478261e-05
INFO:root:Frames: 930000, Bad Frames: 79, FER: 8.494624e-05
INFO:root:Frames: 940000, Bad Frames: 79, FER: 8.404256e-05
INFO:root:Frames: 950000, Bad Frames: 80, FER: 8.421052e-05
INFO:root:Frames: 960000, Bad Frames: 81, FER: 8.437500e-05
INFO:root:Frames: 970000, Bad Frames: 82, FER: 8.453608e-05
INFO:root:Frames: 980000, Bad Frames: 83, FER: 8.469388e-05
INFO:root:Frames: 990000, Bad Frames: 83, FER: 8.383838e-05
INFO:root:Frames: 1000000, Bad Frames: 83, FER: 8.300000e-05
INFO:root:Frames: 1010000, Bad Frames: 84, FER: 8.316831e-05
INFO:root:Frames: 1020000, Bad Frames: 84, FER: 8.235295e-05
INFO:root:Frames: 1030000, Bad Frames: 85, FER: 8.252427e-05
INFO:root:Frames: 1040000, Bad Frames: 86, FER: 8.269231e-05
INFO:root:Frames: 1050000, Bad Frames: 87, FER: 8.285714e-05
INFO:root:Frames: 1060000, Bad Frames: 88, FER: 8.301887e-05
INFO:root:Frames: 1070000, Bad Frames: 89, FER: 8.317757e-05
INFO:root:Frames: 1080000, Bad Frames: 89, FER: 8.240741e-05
INFO:root:Frames: 1090000, Bad Frames: 90, FER: 8.256880e-05
INFO:root:Frames: 1100000, Bad Frames: 90, FER: 8.181818e-05
INFO:root:Frames: 1110000, Bad Frames: 91, FER: 8.198198e-05
INFO:root:Frames: 1120000, Bad Frames: 91, FER: 8.125000e-05
INFO:root:Frames: 1130000, Bad Frames: 93, FER: 8.230088e-05
INFO:root:Frames: 1140000, Bad Frames: 93, FER: 8.157895e-05
INFO:root:Frames: 1150000, Bad Frames: 95, FER: 8.260870e-05
INFO:root:Frames: 1160000, Bad Frames: 95, FER: 8.189656e-05
INFO:root:Frames: 1170000, Bad Frames: 95, FER: 8.119658e-05
INFO:root:Frames: 1180000, Bad Frames: 98, FER: 8.305084e-05
INFO:root:Frames: 1190000, Bad Frames: 98, FER: 8.235294e-05
INFO:root:Frames: 1200000, Bad Frames: 99, FER: 8.250000e-05
INFO:root:Frames: 1210000, Bad Frames: 99, FER: 8.181818e-05
INFO:root:Frames: 1220000, Bad Frames: 100, FER: 8.196721e-05
CRITICAL:root:Frames: 1220000, Bad Frames: 100, FER: 8.196721e-05 at 5(dB)
