INFO:root:Code: RM.127.99
INFO:root:mRRD Size 256, 5
INFO:root:Using weight: RM.127.99singleBCECYC17.pth
WARNING:root:Start to test at SNR = 1
INFO:root:Frames: 10000, Bad Frames: 7609, FER: 7.609000e-01
CRITICAL:root:Frames: 10000, Bad Frames: 7609, FER: 7.609000e-01 at 1(dB)
WARNING:root:Start to test at SNR = 2
INFO:root:Frames: 10000, Bad Frames: 3373, FER: 3.373000e-01
CRITICAL:root:Frames: 10000, Bad Frames: 3373, FER: 3.373000e-01 at 2(dB)
WARNING:root:Start to test at SNR = 3
INFO:root:Frames: 10000, Bad Frames: 547, FER: 5.470000e-02
CRITICAL:root:Frames: 10000, Bad Frames: 547, FER: 5.470000e-02 at 3(dB)
WARNING:root:Start to test at SNR = 4
INFO:root:Frames: 10000, Bad Frames: 23, FER: 2.300000e-03
INFO:root:Frames: 20000, Bad Frames: 51, FER: 2.550000e-03
INFO:root:Frames: 30000, Bad Frames: 83, FER: 2.766667e-03
INFO:root:Frames: 40000, Bad Frames: 115, FER: 2.875000e-03
CRITICAL:root:Frames: 40000, Bad Frames: 115, FER: 2.875000e-03 at 4(dB)
WARNING:root:Start to test at SNR = 5
INFO:root:Frames: 10000, Bad Frames: 0, FER: 0.000000e+00
INFO:root:Frames: 20000, Bad Frames: 0, FER: 0.000000e+00
INFO:root:Frames: 30000, Bad Frames: 1, FER: 3.333333e-05
INFO:root:Frames: 40000, Bad Frames: 1, FER: 2.500000e-05
INFO:root:Frames: 50000, Bad Frames: 2, FER: 4.000000e-05
INFO:root:Frames: 60000, Bad Frames: 3, FER: 5.000000e-05
INFO:root:Frames: 70000, Bad Frames: 3, FER: 4.285714e-05
INFO:root:Frames: 80000, Bad Frames: 3, FER: 3.750000e-05
INFO:root:Frames: 90000, Bad Frames: 4, FER: 4.444444e-05
INFO:root:Frames: 100000, Bad Frames: 4, FER: 4.000000e-05
INFO:root:Frames: 110000, Bad Frames: 4, FER: 3.636364e-05
INFO:root:Frames: 120000, Bad Frames: 4, FER: 3.333333e-05
INFO:root:Frames: 130000, Bad Frames: 5, FER: 3.846154e-05
INFO:root:Frames: 140000, Bad Frames: 5, FER: 3.571429e-05
INFO:root:Frames: 150000, Bad Frames: 7, FER: 4.666667e-05
INFO:root:Frames: 160000, Bad Frames: 7, FER: 4.375000e-05
INFO:root:Frames: 170000, Bad Frames: 8, FER: 4.705882e-05
INFO:root:Frames: 180000, Bad Frames: 10, FER: 5.555556e-05
INFO:root:Frames: 190000, Bad Frames: 11, FER: 5.789474e-05
INFO:root:Frames: 200000, Bad Frames: 13, FER: 6.500000e-05
INFO:root:Frames: 210000, Bad Frames: 13, FER: 6.190476e-05
INFO:root:Frames: 220000, Bad Frames: 14, FER: 6.363636e-05
INFO:root:Frames: 230000, Bad Frames: 14, FER: 6.086957e-05
INFO:root:Frames: 240000, Bad Frames: 14, FER: 5.833333e-05
INFO:root:Frames: 250000, Bad Frames: 14, FER: 5.600000e-05
INFO:root:Frames: 260000, Bad Frames: 14, FER: 5.384615e-05
INFO:root:Frames: 270000, Bad Frames: 14, FER: 5.185185e-05
INFO:root:Frames: 280000, Bad Frames: 14, FER: 5.000000e-05
INFO:root:Frames: 290000, Bad Frames: 14, FER: 4.827586e-05
INFO:root:Frames: 300000, Bad Frames: 14, FER: 4.666667e-05
INFO:root:Frames: 310000, Bad Frames: 15, FER: 4.838710e-05
INFO:root:Frames: 320000, Bad Frames: 16, FER: 5.000000e-05
INFO:root:Frames: 330000, Bad Frames: 16, FER: 4.848485e-05
INFO:root:Frames: 340000, Bad Frames: 17, FER: 5.000000e-05
INFO:root:Frames: 350000, Bad Frames: 17, FER: 4.857143e-05
INFO:root:Frames: 360000, Bad Frames: 17, FER: 4.722222e-05
INFO:root:Frames: 370000, Bad Frames: 17, FER: 4.594594e-05
INFO:root:Frames: 380000, Bad Frames: 19, FER: 5.000000e-05
INFO:root:Frames: 390000, Bad Frames: 19, FER: 4.871795e-05
INFO:root:Frames: 400000, Bad Frames: 22, FER: 5.500000e-05
INFO:root:Frames: 410000, Bad Frames: 22, FER: 5.365854e-05
INFO:root:Frames: 420000, Bad Frames: 22, FER: 5.238095e-05
INFO:root:Frames: 430000, Bad Frames: 22, FER: 5.116279e-05
INFO:root:Frames: 440000, Bad Frames: 23, FER: 5.227273e-05
INFO:root:Frames: 450000, Bad Frames: 23, FER: 5.111111e-05
INFO:root:Frames: 460000, Bad Frames: 23, FER: 5.000000e-05
INFO:root:Frames: 470000, Bad Frames: 24, FER: 5.106383e-05
INFO:root:Frames: 480000, Bad Frames: 24, FER: 5.000000e-05
INFO:root:Frames: 490000, Bad Frames: 25, FER: 5.102041e-05
INFO:root:Frames: 500000, Bad Frames: 26, FER: 5.200000e-05
INFO:root:Frames: 510000, Bad Frames: 26, FER: 5.098039e-05
INFO:root:Frames: 520000, Bad Frames: 26, FER: 5.000000e-05
INFO:root:Frames: 530000, Bad Frames: 26, FER: 4.905661e-05
INFO:root:Frames: 540000, Bad Frames: 27, FER: 5.000000e-05
INFO:root:Frames: 550000, Bad Frames: 29, FER: 5.272727e-05
INFO:root:Frames: 560000, Bad Frames: 30, FER: 5.357143e-05
INFO:root:Frames: 570000, Bad Frames: 30, FER: 5.263158e-05
INFO:root:Frames: 580000, Bad Frames: 30, FER: 5.172414e-05
INFO:root:Frames: 590000, Bad Frames: 30, FER: 5.084745e-05
INFO:root:Frames: 600000, Bad Frames: 32, FER: 5.333333e-05
INFO:root:Frames: 610000, Bad Frames: 32, FER: 5.245902e-05
INFO:root:Frames: 620000, Bad Frames: 32, FER: 5.161290e-05
INFO:root:Frames: 630000, Bad Frames: 32, FER: 5.079365e-05
INFO:root:Frames: 640000, Bad Frames: 32, FER: 5.000000e-05
INFO:root:Frames: 650000, Bad Frames: 33, FER: 5.076923e-05
INFO:root:Frames: 660000, Bad Frames: 34, FER: 5.151515e-05
INFO:root:Frames: 670000, Bad Frames: 34, FER: 5.074627e-05
INFO:root:Frames: 680000, Bad Frames: 34, FER: 5.000000e-05
INFO:root:Frames: 690000, Bad Frames: 34, FER: 4.927536e-05
INFO:root:Frames: 700000, Bad Frames: 34, FER: 4.857143e-05
INFO:root:Frames: 710000, Bad Frames: 34, FER: 4.788732e-05
INFO:root:Frames: 720000, Bad Frames: 34, FER: 4.722222e-05
INFO:root:Frames: 730000, Bad Frames: 35, FER: 4.794520e-05
INFO:root:Frames: 740000, Bad Frames: 36, FER: 4.864865e-05
INFO:root:Frames: 750000, Bad Frames: 36, FER: 4.800000e-05
INFO:root:Frames: 760000, Bad Frames: 36, FER: 4.736842e-05
INFO:root:Frames: 770000, Bad Frames: 36, FER: 4.675324e-05
INFO:root:Frames: 780000, Bad Frames: 37, FER: 4.743590e-05
INFO:root:Frames: 790000, Bad Frames: 37, FER: 4.683544e-05
INFO:root:Frames: 800000, Bad Frames: 37, FER: 4.625000e-05
INFO:root:Frames: 810000, Bad Frames: 37, FER: 4.567901e-05
INFO:root:Frames: 820000, Bad Frames: 37, FER: 4.512195e-05
INFO:root:Frames: 830000, Bad Frames: 38, FER: 4.578313e-05
INFO:root:Frames: 840000, Bad Frames: 39, FER: 4.642857e-05
INFO:root:Frames: 850000, Bad Frames: 40, FER: 4.705882e-05
INFO:root:Frames: 860000, Bad Frames: 42, FER: 4.883721e-05
INFO:root:Frames: 870000, Bad Frames: 43, FER: 4.942529e-05
INFO:root:Frames: 880000, Bad Frames: 43, FER: 4.886364e-05
INFO:root:Frames: 890000, Bad Frames: 44, FER: 4.943820e-05
INFO:root:Frames: 900000, Bad Frames: 46, FER: 5.111111e-05
INFO:root:Frames: 910000, Bad Frames: 47, FER: 5.164835e-05
INFO:root:Frames: 920000, Bad Frames: 47, FER: 5.108696e-05
INFO:root:Frames: 930000, Bad Frames: 48, FER: 5.161291e-05
INFO:root:Frames: 940000, Bad Frames: 48, FER: 5.106383e-05
INFO:root:Frames: 950000, Bad Frames: 49, FER: 5.157895e-05
INFO:root:Frames: 960000, Bad Frames: 50, FER: 5.208333e-05
INFO:root:Frames: 970000, Bad Frames: 50, FER: 5.154639e-05
INFO:root:Frames: 980000, Bad Frames: 51, FER: 5.204081e-05
INFO:root:Frames: 990000, Bad Frames: 51, FER: 5.151515e-05
INFO:root:Frames: 1000000, Bad Frames: 51, FER: 5.100000e-05
INFO:root:Frames: 1010000, Bad Frames: 52, FER: 5.148515e-05
INFO:root:Frames: 1020000, Bad Frames: 52, FER: 5.098039e-05
INFO:root:Frames: 1030000, Bad Frames: 53, FER: 5.145631e-05
INFO:root:Frames: 1040000, Bad Frames: 53, FER: 5.096154e-05
INFO:root:Frames: 1050000, Bad Frames: 53, FER: 5.047619e-05
INFO:root:Frames: 1060000, Bad Frames: 53, FER: 5.000000e-05
INFO:root:Frames: 1070000, Bad Frames: 54, FER: 5.046729e-05
INFO:root:Frames: 1080000, Bad Frames: 54, FER: 5.000000e-05
INFO:root:Frames: 1090000, Bad Frames: 55, FER: 5.045872e-05
INFO:root:Frames: 1100000, Bad Frames: 55, FER: 5.000000e-05
INFO:root:Frames: 1110000, Bad Frames: 56, FER: 5.045045e-05
INFO:root:Frames: 1120000, Bad Frames: 56, FER: 5.000000e-05
INFO:root:Frames: 1130000, Bad Frames: 56, FER: 4.955752e-05
INFO:root:Frames: 1140000, Bad Frames: 56, FER: 4.912281e-05
INFO:root:Frames: 1150000, Bad Frames: 58, FER: 5.043478e-05
INFO:root:Frames: 1160000, Bad Frames: 58, FER: 5.000000e-05
INFO:root:Frames: 1170000, Bad Frames: 59, FER: 5.042735e-05
INFO:root:Frames: 1180000, Bad Frames: 61, FER: 5.169491e-05
INFO:root:Frames: 1190000, Bad Frames: 61, FER: 5.126050e-05
INFO:root:Frames: 1200000, Bad Frames: 61, FER: 5.083333e-05
INFO:root:Frames: 1210000, Bad Frames: 61, FER: 5.041323e-05
INFO:root:Frames: 1220000, Bad Frames: 62, FER: 5.081967e-05
INFO:root:Frames: 1230000, Bad Frames: 63, FER: 5.121951e-05
INFO:root:Frames: 1240000, Bad Frames: 63, FER: 5.080645e-05
INFO:root:Frames: 1250000, Bad Frames: 63, FER: 5.040000e-05
INFO:root:Frames: 1260000, Bad Frames: 64, FER: 5.079365e-05
INFO:root:Frames: 1270000, Bad Frames: 66, FER: 5.196851e-05
INFO:root:Frames: 1280000, Bad Frames: 66, FER: 5.156250e-05
INFO:root:Frames: 1290000, Bad Frames: 66, FER: 5.116279e-05
INFO:root:Frames: 1300000, Bad Frames: 67, FER: 5.153846e-05
INFO:root:Frames: 1310000, Bad Frames: 67, FER: 5.114504e-05
INFO:root:Frames: 1320000, Bad Frames: 67, FER: 5.075758e-05
INFO:root:Frames: 1330000, Bad Frames: 67, FER: 5.037594e-05
INFO:root:Frames: 1340000, Bad Frames: 67, FER: 5.000000e-05
INFO:root:Frames: 1350000, Bad Frames: 67, FER: 4.962963e-05
INFO:root:Frames: 1360000, Bad Frames: 67, FER: 4.926471e-05
INFO:root:Frames: 1370000, Bad Frames: 67, FER: 4.890511e-05
INFO:root:Frames: 1380000, Bad Frames: 67, FER: 4.855073e-05
INFO:root:Frames: 1390000, Bad Frames: 67, FER: 4.820144e-05
INFO:root:Frames: 1400000, Bad Frames: 68, FER: 4.857143e-05
INFO:root:Frames: 1410000, Bad Frames: 68, FER: 4.822695e-05
INFO:root:Frames: 1420000, Bad Frames: 68, FER: 4.788732e-05
INFO:root:Frames: 1430000, Bad Frames: 69, FER: 4.825175e-05
INFO:root:Frames: 1440000, Bad Frames: 70, FER: 4.861111e-05
INFO:root:Frames: 1450000, Bad Frames: 71, FER: 4.896552e-05
INFO:root:Frames: 1460000, Bad Frames: 71, FER: 4.863014e-05
INFO:root:Frames: 1470000, Bad Frames: 71, FER: 4.829932e-05
INFO:root:Frames: 1480000, Bad Frames: 71, FER: 4.797297e-05
INFO:root:Frames: 1490000, Bad Frames: 72, FER: 4.832214e-05
INFO:root:Frames: 1500000, Bad Frames: 73, FER: 4.866666e-05
INFO:root:Frames: 1510000, Bad Frames: 73, FER: 4.834437e-05
INFO:root:Frames: 1520000, Bad Frames: 73, FER: 4.802632e-05
INFO:root:Frames: 1530000, Bad Frames: 73, FER: 4.771242e-05
INFO:root:Frames: 1540000, Bad Frames: 75, FER: 4.870130e-05
INFO:root:Frames: 1550000, Bad Frames: 75, FER: 4.838709e-05
INFO:root:Frames: 1560000, Bad Frames: 77, FER: 4.935897e-05
INFO:root:Frames: 1570000, Bad Frames: 77, FER: 4.904459e-05
INFO:root:Frames: 1580000, Bad Frames: 78, FER: 4.936709e-05
INFO:root:Frames: 1590000, Bad Frames: 78, FER: 4.905661e-05
INFO:root:Frames: 1600000, Bad Frames: 78, FER: 4.875000e-05
INFO:root:Frames: 1610000, Bad Frames: 78, FER: 4.844721e-05
INFO:root:Frames: 1620000, Bad Frames: 79, FER: 4.876543e-05
INFO:root:Frames: 1630000, Bad Frames: 79, FER: 4.846626e-05
INFO:root:Frames: 1640000, Bad Frames: 80, FER: 4.878049e-05
INFO:root:Frames: 1650000, Bad Frames: 81, FER: 4.909091e-05
INFO:root:Frames: 1660000, Bad Frames: 81, FER: 4.879518e-05
INFO:root:Frames: 1670000, Bad Frames: 82, FER: 4.910180e-05
INFO:root:Frames: 1680000, Bad Frames: 82, FER: 4.880952e-05
INFO:root:Frames: 1690000, Bad Frames: 84, FER: 4.970414e-05
INFO:root:Frames: 1700000, Bad Frames: 85, FER: 5.000000e-05
INFO:root:Frames: 1710000, Bad Frames: 85, FER: 4.970760e-05
INFO:root:Frames: 1720000, Bad Frames: 85, FER: 4.941860e-05
INFO:root:Frames: 1730000, Bad Frames: 85, FER: 4.913295e-05
INFO:root:Frames: 1740000, Bad Frames: 85, FER: 4.885058e-05
INFO:root:Frames: 1750000, Bad Frames: 85, FER: 4.857143e-05
INFO:root:Frames: 1760000, Bad Frames: 86, FER: 4.886364e-05
INFO:root:Frames: 1770000, Bad Frames: 86, FER: 4.858757e-05
INFO:root:Frames: 1780000, Bad Frames: 87, FER: 4.887641e-05
INFO:root:Frames: 1790000, Bad Frames: 88, FER: 4.916201e-05
INFO:root:Frames: 1800000, Bad Frames: 90, FER: 5.000000e-05
INFO:root:Frames: 1810000, Bad Frames: 90, FER: 4.972376e-05
INFO:root:Frames: 1820000, Bad Frames: 90, FER: 4.945055e-05
INFO:root:Frames: 1830000, Bad Frames: 90, FER: 4.918033e-05
INFO:root:Frames: 1840000, Bad Frames: 91, FER: 4.945652e-05
INFO:root:Frames: 1850000, Bad Frames: 92, FER: 4.972973e-05
INFO:root:Frames: 1860000, Bad Frames: 93, FER: 5.000000e-05
INFO:root:Frames: 1870000, Bad Frames: 93, FER: 4.973262e-05
INFO:root:Frames: 1880000, Bad Frames: 94, FER: 5.000000e-05
INFO:root:Frames: 1890000, Bad Frames: 95, FER: 5.026455e-05
INFO:root:Frames: 1900000, Bad Frames: 95, FER: 5.000000e-05
INFO:root:Frames: 1910000, Bad Frames: 95, FER: 4.973822e-05
INFO:root:Frames: 1920000, Bad Frames: 95, FER: 4.947917e-05
INFO:root:Frames: 1930000, Bad Frames: 95, FER: 4.922280e-05
INFO:root:Frames: 1940000, Bad Frames: 95, FER: 4.896907e-05
INFO:root:Frames: 1950000, Bad Frames: 95, FER: 4.871795e-05
INFO:root:Frames: 1960000, Bad Frames: 95, FER: 4.846939e-05
INFO:root:Frames: 1970000, Bad Frames: 95, FER: 4.822335e-05
INFO:root:Frames: 1980000, Bad Frames: 96, FER: 4.848485e-05
INFO:root:Frames: 1990000, Bad Frames: 97, FER: 4.874372e-05
INFO:root:Frames: 2000000, Bad Frames: 98, FER: 4.900000e-05
INFO:root:Frames: 2010000, Bad Frames: 98, FER: 4.875622e-05
INFO:root:Frames: 2020000, Bad Frames: 99, FER: 4.900990e-05
INFO:root:Frames: 2030000, Bad Frames: 99, FER: 4.876847e-05
INFO:root:Frames: 2040000, Bad Frames: 100, FER: 4.901961e-05
CRITICAL:root:Frames: 2040000, Bad Frames: 100, FER: 4.901961e-05 at 5(dB)
